<?xml version="1.0" encoding="UTF-8"?>
<testsuite xmlns:xsi="http://www.w3.org/2001/XMLSchema-instance" xsi:noNamespaceSchemaLocation="https://maven.apache.org/surefire/maven-surefire-plugin/xsd/surefire-test-report.xsd" version="3.0.2" name="org.bounswe.jobboardbackend.admin.service.AdminUserServiceTest" time="0.125" tests="10" errors="0" skipped="0" failures="0">
  <properties>
[...]
</properties>
  <testcase name="banUser_Success_SetsUserBanned" classname="org.bounswe.jobboardbackend.admin.service.AdminUserServiceTest" time="0.105"/>
  <testcase name="banUser_PreservesForumContent" classname="org.bounswe.jobboardbackend.admin.service.AdminUserServiceTest" time="0.003"/>
  <testcase name="banUser_DeletesAllJobApplications" classname="org.bounswe.jobboardbackend.admin.service.AdminUserServiceTest" time="0.002"/>
  <testcase name="banUser_DeletesOwnedWorkplaces_NotMemberWorkplaces" classname="org.bounswe.jobboardbackend.admin.service.AdminUserServiceTest" time="0.002"/>
  <testcase name="banUser_UserNotFound_ThrowsException" classname="org.bounswe.jobboardbackend.admin.service.AdminUserServiceTest" time="0.002"/>
  <testcase name="banUser_DeletesAllBadges" classname="org.bounswe.jobboardbackend.admin.service.AdminUserServiceTest" time="0.002"/>
  <testcase name="banUser_DeletesMentorProfileAndRequests_WhenUserIsMentor" classname="org.bounswe.jobboardbackend.admin.service.AdminUserServiceTest" time="0.001"/>
  <testcase name="banUser_CompleteFlow_AllCascadeOperations" classname="org.bounswe.jobboardbackend.admin.service.AdminUserServiceTest" time="0.001"/>
  <testcase name="banUser_DeletesProfile" classname="org.bounswe.jobboardbackend.admin.service.AdminUserServiceTest" time="0.001"/>
  <testcase name="banUser_AlreadyBanned_ThrowsException" classname="org.bounswe.jobboardbackend.admin.service.AdminUserServiceTest" time="0.001"/>
</testsuite>