<?xml version="1.0" encoding="UTF-8"?>
<testsuite xmlns:xsi="http://www.w3.org/2001/XMLSchema-instance" xsi:noNamespaceSchemaLocation="https://maven.apache.org/surefire/maven-surefire-plugin/xsd/surefire-test-report.xsd" version="3.0.2" name="org.bounswe.jobboardbackend.jobapplication.repository.JobApplicationRepositoryTest" time="2.491" tests="5" errors="0" skipped="0" failures="0">
  <properties>
[...]
</properties>
  <testcase name="findByJobSeekerId_ShouldReturnList" classname="org.bounswe.jobboardbackend.jobapplication.repository.JobApplicationRepositoryTest" time="0.158">
    <system-out><![CDATA[2025-12-21T15:58:52.234+03:00  INFO 226001 --- [jobboard-backend] [           main] t.c.s.AnnotationConfigContextLoaderUtils : Could not detect default configuration classes for test class [org.bounswe.jobboardbackend.jobapplication.repository.JobApplicationRepositoryTest]: JobApplicationRepositoryTest does not declare any static, non-private, non-final, nested classes annotated with @Configuration.
2025-12-21T15:58:52.245+03:00  INFO 226001 --- [jobboard-backend] [           main] .b.t.c.SpringBootTestContextBootstrapper : Found @SpringBootConfiguration org.bounswe.jobboardbackend.JobboardBackendApplication for test class org.bounswe.jobboardbackend.jobapplication.repository.JobApplicationRepositoryTest

  .   ____          _            __ _ _
 /\\ / ___'_ __ _ _(_)_ __  __ _ \ \ \ \
( ( )\___ | '_ | '_| | '_ \/ _` | \ \ \ \
 \\/  ___)| |_)| | | | | || (_| |  ) ) ) )
  '  |____| .__|_| |_|_| |_\__, | / / / /
 =========|_|==============|___/=/_/_/_/

 :: Spring Boot ::                (v3.5.6)

2025-12-21T15:58:52.267+03:00  INFO 226001 --- [jobboard-backend] [           main] o.b.j.j.r.JobApplicationRepositoryTest   : Starting JobApplicationRepositoryTest using Java 21.0.9 with PID 226001 (started by asafk in /home/asafk/Projects/bounswe2025group4/apps/jobboard-backend)
2025-12-21T15:58:52.267+03:00  INFO 226001 --- [jobboard-backend] [           main] o.b.j.j.r.JobApplicationRepositoryTest   : No active profile set, falling back to 1 default profile: "default"
2025-12-21T15:58:52.373+03:00  INFO 226001 --- [jobboard-backend] [           main] .s.d.r.c.RepositoryConfigurationDelegate : Bootstrapping Spring Data JPA repositories in DEFAULT mode.
2025-12-21T15:58:52.425+03:00  INFO 226001 --- [jobboard-backend] [           main] .s.d.r.c.RepositoryConfigurationDelegate : Finished Spring Data repository scanning in 46 ms. Found 34 JPA repository interfaces.
2025-12-21T15:58:52.453+03:00  INFO 226001 --- [jobboard-backend] [           main] beddedDataSourceBeanFactoryPostProcessor : Replacing 'dataSource' DataSource bean with embedded version
2025-12-21T15:58:52.486+03:00  INFO 226001 --- [jobboard-backend] [           main] o.s.j.d.e.EmbeddedDatabaseFactory        : Starting embedded database: url='jdbc:h2:mem:05aff53b-e7da-4b1e-80ac-cb6c2bfae7e3;DB_CLOSE_DELAY=-1;DB_CLOSE_ON_EXIT=false', username='sa'
2025-12-21T15:58:52.693+03:00  INFO 226001 --- [jobboard-backend] [           main] o.hibernate.jpa.internal.util.LogHelper  : HHH000204: Processing PersistenceUnitInfo [name: default]
2025-12-21T15:58:52.733+03:00  INFO 226001 --- [jobboard-backend] [           main] org.hibernate.Version                    : HHH000412: Hibernate ORM core version 6.6.29.Final
2025-12-21T15:58:52.756+03:00  INFO 226001 --- [jobboard-backend] [           main] o.h.c.internal.RegionFactoryInitiator    : HHH000026: Second-level cache disabled
2025-12-21T15:58:52.819+03:00  INFO 226001 --- [jobboard-backend] [           main] o.s.o.j.p.SpringPersistenceUnitInfo      : No LoadTimeWeaver setup: ignoring JPA class transformer
2025-12-21T15:58:52.846+03:00  WARN 226001 --- [jobboard-backend] [           main] org.hibernate.dialect.Dialect            : HHH000511: The 2.3.232 version for [org.hibernate.dialect.PostgreSQLDialect] is no longer supported, hence certain features may not work properly. The minimum supported version is 12.0.0. Check the community dialects project for available legacy versions.
2025-12-21T15:58:52.848+03:00  WARN 226001 --- [jobboard-backend] [           main] org.hibernate.orm.deprecation            : HHH90000025: PostgreSQLDialect does not need to be specified explicitly using 'hibernate.dialect' (remove the property setting and it will be selected by default)
2025-12-21T15:58:52.856+03:00  INFO 226001 --- [jobboard-backend] [           main] org.hibernate.orm.connections.pooling    : HHH10001005: Database info:
	Database JDBC URL [Connecting through datasource 'org.springframework.jdbc.datasource.embedded.EmbeddedDatabaseFactory$EmbeddedDataSourceProxy@1f406a62']
	Database driver: undefined/unknown
	Database version: 2.3.232
	Autocommit mode: undefined/unknown
	Isolation level: undefined/unknown
	Minimum pool size: undefined/unknown
	Maximum pool size: undefined/unknown
2025-12-21T15:58:53.494+03:00  INFO 226001 --- [jobboard-backend] [           main] o.h.e.t.j.p.i.JtaPlatformInitiator       : HHH000489: No JTA platform available (set 'hibernate.transaction.jta.platform' to enable JTA platform integration)
Hibernate: create table activities (id bigint generated by default as identity, created_at timestamp(6), entity_id bigint, entity_type varchar(255), type varchar(255) not null check (type in ('REGISTER','UPDATE_PROFILE','CREATE_WORKPLACE','CREATE_JOB','APPLY_JOB','APPROVE_APPLICATION','REJECT_APPLICATION','CREATE_REVIEW','REQUEST_MENTORSHIP','ACCEPT_MENTORSHIP','COMPLETE_MENTORSHIP','CREATE_THREAD','CREATE_COMMENT','UPVOTE_THREAD','DOWNVOTE_THREAD','EDIT_THREAD','DELETE_THREAD')), actor_id bigint not null, primary key (id))
Hibernate: create table badges (id bigint generated by default as identity, badge_type varchar(255) not null check (badge_type in ('FIRST_VOICE','COMMUNITY_PILLAR','CONVERSATION_STARTER','DISCUSSION_DRIVER','HELPFUL','VALUABLE_CONTRIBUTOR','FIRST_LISTING','HIRING_MACHINE','FIRST_STEP','PERSISTENT','HIRED','CAREER_STAR','GUIDE','FIRST_MENTEE','DEDICATED_MENTOR','SEEKING_GUIDANCE','MENTORED','FEEDBACK_GIVER')), criteria varchar(255), description varchar(1000), earned_at timestamp(6) with time zone not null, name varchar(255) not null, user_id bigint not null, primary key (id))
Hibernate: create table conversation (id bigint generated by default as identity, closed_at timestamp(6), created_at timestamp(6), resume_review_id bigint, primary key (id))
Hibernate: create table educations (id bigint generated by default as identity, created_at timestamp(6) with time zone not null, degree varchar(150) not null, description varchar(1000), end_date date, field varchar(150) not null, school varchar(200) not null, start_date date not null, updated_at timestamp(6) with time zone not null, profile_id bigint not null, primary key (id))
Hibernate: create table email_verification_tokens (id bigint generated by default as identity, expires_at timestamp(6) with time zone not null, token varchar(255) not null, user_id bigint not null, primary key (id))
Hibernate: create table employer_request (id bigint generated by default as identity, created_at timestamp(6) with time zone not null, note varchar(1000), status varchar(255) check (status in ('PENDING','APPROVED','REJECTED')), updated_at timestamp(6) with time zone not null, created_by_user_id bigint not null, workplace_id bigint not null, primary key (id))
Hibernate: create table employer_workplace (id bigint generated by default as identity, created_at timestamp(6) with time zone not null, role varchar(255) check (role in ('OWNER','MANAGER')), updated_at timestamp(6) with time zone not null, user_id bigint not null, workplace_id bigint not null, primary key (id))
Hibernate: create table experiences (id bigint generated by default as identity, company varchar(200) not null, created_at timestamp(6) with time zone not null, description varchar(2000), end_date date, position varchar(150) not null, start_date date not null, updated_at timestamp(6) with time zone not null, profile_id bigint not null, primary key (id))
Hibernate: create table forum_comment_downvotes (id bigint generated by default as identity, created_at timestamp(6) with time zone not null, comment_id bigint not null, user_id bigint not null, primary key (id))
Hibernate: create table forum_comment_upvotes (id bigint generated by default as identity, created_at timestamp(6) with time zone not null, comment_id bigint not null, user_id bigint not null, primary key (id))
Hibernate: create table forum_comments (id bigint generated by default as identity, content TEXT not null, created_at timestamp(6) with time zone not null, updated_at timestamp(6) with time zone not null, author_id bigint not null, parent_comment_id bigint, post_id bigint not null, primary key (id))
Hibernate: create table forum_post_downvotes (id bigint generated by default as identity, created_at timestamp(6) with time zone not null, post_id bigint not null, user_id bigint not null, primary key (id))
Hibernate: create table forum_post_tags (post_id bigint not null, tag varchar(255))
Hibernate: create table forum_post_upvotes (id bigint generated by default as identity, created_at timestamp(6) with time zone not null, post_id bigint not null, user_id bigint not null, primary key (id))
Hibernate: create table forum_posts (id bigint generated by default as identity, content TEXT not null, created_at timestamp(6) with time zone not null, title varchar(255) not null, updated_at timestamp(6) with time zone not null, author_id bigint not null, primary key (id))
Hibernate: create table interests (id bigint generated by default as identity, created_at timestamp(6) with time zone not null, name varchar(120) not null, updated_at timestamp(6) with time zone not null, profile_id bigint not null, primary key (id))
Hibernate: create table job_applications (id bigint generated by default as identity, applied_date timestamp(6) not null, cover_letter varchar(2000), cv_url varchar(1024), feedback varchar(1000), special_needs varchar(500), status varchar(255) not null check (status in ('PENDING','APPROVED','REJECTED')), job_post_id bigint not null, job_seeker_id bigint not null, primary key (id))
Hibernate: create table job_posts (id bigint generated by default as identity, contact varchar(255) not null, description varchar(5000) not null, inclusive_opportunity boolean not null, max_salary integer, min_salary integer, non_profit boolean not null, posted_date timestamp(6) not null, remote boolean not null, title varchar(100) not null, employer_id bigint not null, workplace_id bigint not null, primary key (id))
Hibernate: create table mentor_profile (id bigint not null, average_rating float4 not null, current_mentees integer not null, expertise varchar(255) array, max_mentees integer not null, review_count integer not null, primary key (id))
Hibernate: create table mentor_review (id bigint not null, comment varchar(255), created_at timestamp(6), rating float4 not null, mentor_profile_id bigint, reviewer_id bigint, primary key (id))
Hibernate: create table mentorship_request (id bigint generated by default as identity, created_at timestamp(6), motivation TEXT DEFAULT 'Not provided' not null, response_message varchar(255), status varchar(255) check (status in ('PENDING','ACCEPTED','DECLINED','COMPLETED','CLOSED')), mentor_profile_id bigint, requester_id bigint, primary key (id))
Hibernate: create table message (id bigint generated by default as identity, content oid, file_url varchar(255), timestamp timestamp(6), conversation_id bigint, sender_id bigint, primary key (id))
2025-12-21T15:58:53.527+03:00  WARN 226001 --- [jobboard-backend] [           main] o.h.t.s.i.ExceptionHandlerLoggedImpl     : GenerationTarget encountered exception accepting command : Error executing DDL "create table message (id bigint generated by default as identity, content oid, file_url varchar(255), timestamp timestamp(6), conversation_id bigint, sender_id bigint, primary key (id))" via JDBC [Unknown data type: "OID";]

org.hibernate.tool.schema.spi.CommandAcceptanceException: Error executing DDL "create table message (id bigint generated by default as identity, content oid, file_url varchar(255), timestamp timestamp(6), conversation_id bigint, sender_id bigint, primary key (id))" via JDBC [Unknown data type: "OID";]
	at org.hibernate.tool.schema.internal.exec.GenerationTargetToDatabase.accept(GenerationTargetToDatabase.java:94) ~[hibernate-core-6.6.29.Final.jar:6.6.29.Final]
	at org.hibernate.tool.schema.internal.AbstractSchemaMigrator.applySqlString(AbstractSchemaMigrator.java:576) ~[hibernate-core-6.6.29.Final.jar:6.6.29.Final]
	at org.hibernate.tool.schema.internal.AbstractSchemaMigrator.applySqlStrings(AbstractSchemaMigrator.java:516) ~[hibernate-core-6.6.29.Final.jar:6.6.29.Final]
	at org.hibernate.tool.schema.internal.AbstractSchemaMigrator.createTable(AbstractSchemaMigrator.java:316) ~[hibernate-core-6.6.29.Final.jar:6.6.29.Final]
	at org.hibernate.tool.schema.internal.GroupedSchemaMigratorImpl.performTablesMigration(GroupedSchemaMigratorImpl.java:80) ~[hibernate-core-6.6.29.Final.jar:6.6.29.Final]
	at org.hibernate.tool.schema.internal.AbstractSchemaMigrator.performMigration(AbstractSchemaMigrator.java:233) ~[hibernate-core-6.6.29.Final.jar:6.6.29.Final]
	at org.hibernate.tool.schema.internal.AbstractSchemaMigrator.doMigration(AbstractSchemaMigrator.java:112) ~[hibernate-core-6.6.29.Final.jar:6.6.29.Final]
	at org.hibernate.tool.schema.spi.SchemaManagementToolCoordinator.performDatabaseAction(SchemaManagementToolCoordinator.java:280) ~[hibernate-core-6.6.29.Final.jar:6.6.29.Final]
	at org.hibernate.tool.schema.spi.SchemaManagementToolCoordinator.lambda$process$5(SchemaManagementToolCoordinator.java:144) ~[hibernate-core-6.6.29.Final.jar:6.6.29.Final]
	at java.base/java.util.HashMap.forEach(HashMap.java:1429) ~[na:na]
	at org.hibernate.tool.schema.spi.SchemaManagementToolCoordinator.process(SchemaManagementToolCoordinator.java:141) ~[hibernate-core-6.6.29.Final.jar:6.6.29.Final]
	at org.hibernate.boot.internal.SessionFactoryObserverForSchemaExport.sessionFactoryCreated(SessionFactoryObserverForSchemaExport.java:37) ~[hibernate-core-6.6.29.Final.jar:6.6.29.Final]
	at org.hibernate.internal.SessionFactoryObserverChain.sessionFactoryCreated(SessionFactoryObserverChain.java:35) ~[hibernate-core-6.6.29.Final.jar:6.6.29.Final]
	at org.hibernate.internal.SessionFactoryImpl.<init>(SessionFactoryImpl.java:324) ~[hibernate-core-6.6.29.Final.jar:6.6.29.Final]
	at org.hibernate.boot.internal.SessionFactoryBuilderImpl.build(SessionFactoryBuilderImpl.java:463) ~[hibernate-core-6.6.29.Final.jar:6.6.29.Final]
	at org.hibernate.jpa.boot.internal.EntityManagerFactoryBuilderImpl.build(EntityManagerFactoryBuilderImpl.java:1517) ~[hibernate-core-6.6.29.Final.jar:6.6.29.Final]
	at org.springframework.orm.jpa.vendor.SpringHibernateJpaPersistenceProvider.createContainerEntityManagerFactory(SpringHibernateJpaPersistenceProvider.java:66) ~[spring-orm-6.2.11.jar:6.2.11]
	at org.springframework.orm.jpa.LocalContainerEntityManagerFactoryBean.createNativeEntityManagerFactory(LocalContainerEntityManagerFactoryBean.java:390) ~[spring-orm-6.2.11.jar:6.2.11]
	at org.springframework.orm.jpa.AbstractEntityManagerFactoryBean.buildNativeEntityManagerFactory(AbstractEntityManagerFactoryBean.java:419) ~[spring-orm-6.2.11.jar:6.2.11]
	at org.springframework.orm.jpa.AbstractEntityManagerFactoryBean.afterPropertiesSet(AbstractEntityManagerFactoryBean.java:400) ~[spring-orm-6.2.11.jar:6.2.11]
	at org.springframework.orm.jpa.LocalContainerEntityManagerFactoryBean.afterPropertiesSet(LocalContainerEntityManagerFactoryBean.java:366) ~[spring-orm-6.2.11.jar:6.2.11]
	at org.springframework.beans.factory.support.AbstractAutowireCapableBeanFactory.invokeInitMethods(AbstractAutowireCapableBeanFactory.java:1873) ~[spring-beans-6.2.11.jar:6.2.11]
	at org.springframework.beans.factory.support.AbstractAutowireCapableBeanFactory.initializeBean(AbstractAutowireCapableBeanFactory.java:1822) ~[spring-beans-6.2.11.jar:6.2.11]
	at org.springframework.beans.factory.support.AbstractAutowireCapableBeanFactory.doCreateBean(AbstractAutowireCapableBeanFactory.java:607) ~[spring-beans-6.2.11.jar:6.2.11]
	at org.springframework.beans.factory.support.AbstractAutowireCapableBeanFactory.createBean(AbstractAutowireCapableBeanFactory.java:529) ~[spring-beans-6.2.11.jar:6.2.11]
	at org.springframework.beans.factory.support.AbstractBeanFactory.lambda$doGetBean$0(AbstractBeanFactory.java:339) ~[spring-beans-6.2.11.jar:6.2.11]
	at org.springframework.beans.factory.support.DefaultSingletonBeanRegistry.getSingleton(DefaultSingletonBeanRegistry.java:373) ~[spring-beans-6.2.11.jar:6.2.11]
	at org.springframework.beans.factory.support.AbstractBeanFactory.doGetBean(AbstractBeanFactory.java:337) ~[spring-beans-6.2.11.jar:6.2.11]
	at org.springframework.beans.factory.support.AbstractBeanFactory.getBean(AbstractBeanFactory.java:207) ~[spring-beans-6.2.11.jar:6.2.11]
	at org.springframework.context.support.AbstractApplicationContext.finishBeanFactoryInitialization(AbstractApplicationContext.java:970) ~[spring-context-6.2.11.jar:6.2.11]
	at org.springframework.context.support.AbstractApplicationContext.refresh(AbstractApplicationContext.java:627) ~[spring-context-6.2.11.jar:6.2.11]
	at org.springframework.boot.SpringApplication.refresh(SpringApplication.java:752) ~[spring-boot-3.5.6.jar:3.5.6]
	at org.springframework.boot.SpringApplication.refreshContext(SpringApplication.java:439) ~[spring-boot-3.5.6.jar:3.5.6]
	at org.springframework.boot.SpringApplication.run(SpringApplication.java:318) ~[spring-boot-3.5.6.jar:3.5.6]
	at org.springframework.boot.test.context.SpringBootContextLoader.lambda$loadContext$3(SpringBootContextLoader.java:144) ~[spring-boot-test-3.5.6.jar:3.5.6]
	at org.springframework.util.function.ThrowingSupplier.get(ThrowingSupplier.java:58) ~[spring-core-6.2.11.jar:6.2.11]
	at org.springframework.util.function.ThrowingSupplier.get(ThrowingSupplier.java:46) ~[spring-core-6.2.11.jar:6.2.11]
	at org.springframework.boot.SpringApplication.withHook(SpringApplication.java:1461) ~[spring-boot-3.5.6.jar:3.5.6]
	at org.springframework.boot.test.context.SpringBootContextLoader$ContextLoaderHook.run(SpringBootContextLoader.java:563) ~[spring-boot-test-3.5.6.jar:3.5.6]
	at org.springframework.boot.test.context.SpringBootContextLoader.loadContext(SpringBootContextLoader.java:144) ~[spring-boot-test-3.5.6.jar:3.5.6]
	at org.springframework.boot.test.context.SpringBootContextLoader.loadContext(SpringBootContextLoader.java:110) ~[spring-boot-test-3.5.6.jar:3.5.6]
	at org.springframework.test.context.cache.DefaultCacheAwareContextLoaderDelegate.loadContextInternal(DefaultCacheAwareContextLoaderDelegate.java:225) ~[spring-test-6.2.11.jar:6.2.11]
	at org.springframework.test.context.cache.DefaultCacheAwareContextLoaderDelegate.loadContext(DefaultCacheAwareContextLoaderDelegate.java:152) ~[spring-test-6.2.11.jar:6.2.11]
	at org.springframework.test.context.support.DefaultTestContext.getApplicationContext(DefaultTestContext.java:130) ~[spring-test-6.2.11.jar:6.2.11]
	at org.springframework.test.context.support.DependencyInjectionTestExecutionListener.injectDependencies(DependencyInjectionTestExecutionListener.java:155) ~[spring-test-6.2.11.jar:6.2.11]
	at org.springframework.test.context.support.DependencyInjectionTestExecutionListener.prepareTestInstance(DependencyInjectionTestExecutionListener.java:111) ~[spring-test-6.2.11.jar:6.2.11]
	at org.springframework.test.context.TestContextManager.prepareTestInstance(TestContextManager.java:260) ~[spring-test-6.2.11.jar:6.2.11]
	at org.springframework.test.context.junit.jupiter.SpringExtension.postProcessTestInstance(SpringExtension.java:159) ~[spring-test-6.2.11.jar:6.2.11]
	at org.junit.jupiter.engine.descriptor.ClassBasedTestDescriptor.lambda$invokeTestInstancePostProcessors$10(ClassBasedTestDescriptor.java:383) ~[junit-jupiter-engine-5.12.2.jar:5.12.2]
	at org.junit.jupiter.engine.descriptor.ClassBasedTestDescriptor.executeAndMaskThrowable(ClassBasedTestDescriptor.java:388) ~[junit-jupiter-engine-5.12.2.jar:5.12.2]
	at org.junit.jupiter.engine.descriptor.ClassBasedTestDescriptor.lambda$invokeTestInstancePostProcessors$11(ClassBasedTestDescriptor.java:382) ~[junit-jupiter-engine-5.12.2.jar:5.12.2]
	at java.base/java.util.stream.ForEachOps$ForEachOp$OfRef.accept(ForEachOps.java:184) ~[na:na]
	at java.base/java.util.stream.ReferencePipeline$3$1.accept(ReferencePipeline.java:197) ~[na:na]
	at java.base/java.util.stream.ReferencePipeline$2$1.accept(ReferencePipeline.java:179) ~[na:na]
	at java.base/java.util.stream.ReferencePipeline$3$1.accept(ReferencePipeline.java:197) ~[na:na]
	at java.base/java.util.ArrayList$ArrayListSpliterator.forEachRemaining(ArrayList.java:1708) ~[na:na]
	at java.base/java.util.stream.AbstractPipeline.copyInto(AbstractPipeline.java:509) ~[na:na]
	at java.base/java.util.stream.AbstractPipeline.wrapAndCopyInto(AbstractPipeline.java:499) ~[na:na]
	at java.base/java.util.stream.ForEachOps$ForEachOp.evaluateSequential(ForEachOps.java:151) ~[na:na]
	at java.base/java.util.stream.ForEachOps$ForEachOp$OfRef.evaluateSequential(ForEachOps.java:174) ~[na:na]
	at java.base/java.util.stream.AbstractPipeline.evaluate(AbstractPipeline.java:234) ~[na:na]
	at java.base/java.util.stream.ReferencePipeline.forEach(ReferencePipeline.java:596) ~[na:na]
	at org.junit.jupiter.engine.descriptor.ClassBasedTestDescriptor.invokeTestInstancePostProcessors(ClassBasedTestDescriptor.java:382) ~[junit-jupiter-engine-5.12.2.jar:5.12.2]
	at org.junit.jupiter.engine.descriptor.ClassBasedTestDescriptor.lambda$instantiateAndPostProcessTestInstance$6(ClassBasedTestDescriptor.java:293) ~[junit-jupiter-engine-5.12.2.jar:5.12.2]
	at org.junit.platform.engine.support.hierarchical.ThrowableCollector.execute(ThrowableCollector.java:73) ~[junit-platform-engine-1.12.2.jar:1.12.2]
	at org.junit.jupiter.engine.descriptor.ClassBasedTestDescriptor.instantiateAndPostProcessTestInstance(ClassBasedTestDescriptor.java:292) ~[junit-jupiter-engine-5.12.2.jar:5.12.2]
	at org.junit.jupiter.engine.descriptor.ClassBasedTestDescriptor.lambda$testInstancesProvider$4(ClassBasedTestDescriptor.java:281) ~[junit-jupiter-engine-5.12.2.jar:5.12.2]
	at java.base/java.util.Optional.orElseGet(Optional.java:364) ~[na:na]
	at org.junit.jupiter.engine.descriptor.ClassBasedTestDescriptor.lambda$testInstancesProvider$5(ClassBasedTestDescriptor.java:280) ~[junit-jupiter-engine-5.12.2.jar:5.12.2]
	at org.junit.jupiter.engine.execution.TestInstancesProvider.getTestInstances(TestInstancesProvider.java:27) ~[junit-jupiter-engine-5.12.2.jar:5.12.2]
	at org.junit.jupiter.engine.descriptor.TestMethodTestDescriptor.lambda$prepare$0(TestMethodTestDescriptor.java:112) ~[junit-jupiter-engine-5.12.2.jar:5.12.2]
	at org.junit.platform.engine.support.hierarchical.ThrowableCollector.execute(ThrowableCollector.java:73) ~[junit-platform-engine-1.12.2.jar:1.12.2]
	at org.junit.jupiter.engine.descriptor.TestMethodTestDescriptor.prepare(TestMethodTestDescriptor.java:111) ~[junit-jupiter-engine-5.12.2.jar:5.12.2]
	at org.junit.jupiter.engine.descriptor.TestMethodTestDescriptor.prepare(TestMethodTestDescriptor.java:69) ~[junit-jupiter-engine-5.12.2.jar:5.12.2]
	at org.junit.platform.engine.support.hierarchical.NodeTestTask.lambda$prepare$2(NodeTestTask.java:128) ~[junit-platform-engine-1.12.2.jar:1.12.2]
	at org.junit.platform.engine.support.hierarchical.ThrowableCollector.execute(ThrowableCollector.java:73) ~[junit-platform-engine-1.12.2.jar:1.12.2]
	at org.junit.platform.engine.support.hierarchical.NodeTestTask.prepare(NodeTestTask.java:128) ~[junit-platform-engine-1.12.2.jar:1.12.2]
	at org.junit.platform.engine.support.hierarchical.NodeTestTask.execute(NodeTestTask.java:95) ~[junit-platform-engine-1.12.2.jar:1.12.2]
	at java.base/java.util.ArrayList.forEach(ArrayList.java:1596) ~[na:na]
	at org.junit.platform.engine.support.hierarchical.SameThreadHierarchicalTestExecutorService.invokeAll(SameThreadHierarchicalTestExecutorService.java:41) ~[junit-platform-engine-1.12.2.jar:1.12.2]
	at org.junit.platform.engine.support.hierarchical.NodeTestTask.lambda$executeRecursively$6(NodeTestTask.java:160) ~[junit-platform-engine-1.12.2.jar:1.12.2]
	at org.junit.platform.engine.support.hierarchical.ThrowableCollector.execute(ThrowableCollector.java:73) ~[junit-platform-engine-1.12.2.jar:1.12.2]
	at org.junit.platform.engine.support.hierarchical.NodeTestTask.lambda$executeRecursively$8(NodeTestTask.java:146) ~[junit-platform-engine-1.12.2.jar:1.12.2]
	at org.junit.platform.engine.support.hierarchical.Node.around(Node.java:137) ~[junit-platform-engine-1.12.2.jar:1.12.2]
	at org.junit.platform.engine.support.hierarchical.NodeTestTask.lambda$executeRecursively$9(NodeTestTask.java:144) ~[junit-platform-engine-1.12.2.jar:1.12.2]
	at org.junit.platform.engine.support.hierarchical.ThrowableCollector.execute(ThrowableCollector.java:73) ~[junit-platform-engine-1.12.2.jar:1.12.2]
	at org.junit.platform.engine.support.hierarchical.NodeTestTask.executeRecursively(NodeTestTask.java:143) ~[junit-platform-engine-1.12.2.jar:1.12.2]
	at org.junit.platform.engine.support.hierarchical.NodeTestTask.execute(NodeTestTask.java:100) ~[junit-platform-engine-1.12.2.jar:1.12.2]
	at java.base/java.util.ArrayList.forEach(ArrayList.java:1596) ~[na:na]
	at org.junit.platform.engine.support.hierarchical.SameThreadHierarchicalTestExecutorService.invokeAll(SameThreadHierarchicalTestExecutorService.java:41) ~[junit-platform-engine-1.12.2.jar:1.12.2]
	at org.junit.platform.engine.support.hierarchical.NodeTestTask.lambda$executeRecursively$6(NodeTestTask.java:160) ~[junit-platform-engine-1.12.2.jar:1.12.2]
	at org.junit.platform.engine.support.hierarchical.ThrowableCollector.execute(ThrowableCollector.java:73) ~[junit-platform-engine-1.12.2.jar:1.12.2]
	at org.junit.platform.engine.support.hierarchical.NodeTestTask.lambda$executeRecursively$8(NodeTestTask.java:146) ~[junit-platform-engine-1.12.2.jar:1.12.2]
	at org.junit.platform.engine.support.hierarchical.Node.around(Node.java:137) ~[junit-platform-engine-1.12.2.jar:1.12.2]
	at org.junit.platform.engine.support.hierarchical.NodeTestTask.lambda$executeRecursively$9(NodeTestTask.java:144) ~[junit-platform-engine-1.12.2.jar:1.12.2]
	at org.junit.platform.engine.support.hierarchical.ThrowableCollector.execute(ThrowableCollector.java:73) ~[junit-platform-engine-1.12.2.jar:1.12.2]
	at org.junit.platform.engine.support.hierarchical.NodeTestTask.executeRecursively(NodeTestTask.java:143) ~[junit-platform-engine-1.12.2.jar:1.12.2]
	at org.junit.platform.engine.support.hierarchical.NodeTestTask.execute(NodeTestTask.java:100) ~[junit-platform-engine-1.12.2.jar:1.12.2]
	at org.junit.platform.engine.support.hierarchical.SameThreadHierarchicalTestExecutorService.submit(SameThreadHierarchicalTestExecutorService.java:35) ~[junit-platform-engine-1.12.2.jar:1.12.2]
	at org.junit.platform.engine.support.hierarchical.HierarchicalTestExecutor.execute(HierarchicalTestExecutor.java:57) ~[junit-platform-engine-1.12.2.jar:1.12.2]
	at org.junit.platform.engine.support.hierarchical.HierarchicalTestEngine.execute(HierarchicalTestEngine.java:54) ~[junit-platform-engine-1.12.2.jar:1.12.2]
	at org.junit.platform.launcher.core.EngineExecutionOrchestrator.execute(EngineExecutionOrchestrator.java:201) ~[junit-platform-launcher-1.12.2.jar:1.12.2]
	at org.junit.platform.launcher.core.EngineExecutionOrchestrator.execute(EngineExecutionOrchestrator.java:170) ~[junit-platform-launcher-1.12.2.jar:1.12.2]
	at org.junit.platform.launcher.core.EngineExecutionOrchestrator.execute(EngineExecutionOrchestrator.java:94) ~[junit-platform-launcher-1.12.2.jar:1.12.2]
	at org.junit.platform.launcher.core.EngineExecutionOrchestrator.lambda$execute$0(EngineExecutionOrchestrator.java:59) ~[junit-platform-launcher-1.12.2.jar:1.12.2]
	at org.junit.platform.launcher.core.EngineExecutionOrchestrator.withInterceptedStreams(EngineExecutionOrchestrator.java:142) ~[junit-platform-launcher-1.12.2.jar:1.12.2]
	at org.junit.platform.launcher.core.EngineExecutionOrchestrator.execute(EngineExecutionOrchestrator.java:58) ~[junit-platform-launcher-1.12.2.jar:1.12.2]
	at org.junit.platform.launcher.core.DefaultLauncher.execute(DefaultLauncher.java:103) ~[junit-platform-launcher-1.12.2.jar:1.12.2]
	at org.junit.platform.launcher.core.DefaultLauncher.execute(DefaultLauncher.java:85) ~[junit-platform-launcher-1.12.2.jar:1.12.2]
	at org.junit.platform.launcher.core.DelegatingLauncher.execute(DelegatingLauncher.java:47) ~[junit-platform-launcher-1.12.2.jar:1.12.2]
	at org.junit.platform.launcher.core.InterceptingLauncher.lambda$execute$1(InterceptingLauncher.java:39) ~[junit-platform-launcher-1.12.2.jar:1.12.2]
	at org.junit.platform.launcher.core.ClasspathAlignmentCheckingLauncherInterceptor.intercept(ClasspathAlignmentCheckingLauncherInterceptor.java:25) ~[junit-platform-launcher-1.12.2.jar:1.12.2]
	at org.junit.platform.launcher.core.InterceptingLauncher.execute(InterceptingLauncher.java:38) ~[junit-platform-launcher-1.12.2.jar:1.12.2]
	at org.junit.platform.launcher.core.DelegatingLauncher.execute(DelegatingLauncher.java:47) ~[junit-platform-launcher-1.12.2.jar:1.12.2]
	at org.apache.maven.surefire.junitplatform.LauncherAdapter.executeWithoutCancellationToken(LauncherAdapter.java:60) ~[surefire-junit-platform-3.5.4.jar:3.5.4]
	at org.apache.maven.surefire.junitplatform.LauncherAdapter.execute(LauncherAdapter.java:52) ~[surefire-junit-platform-3.5.4.jar:3.5.4]
	at org.apache.maven.surefire.junitplatform.JUnitPlatformProvider.execute(JUnitPlatformProvider.java:203) ~[surefire-junit-platform-3.5.4.jar:3.5.4]
	at org.apache.maven.surefire.junitplatform.JUnitPlatformProvider.invokeAllTests(JUnitPlatformProvider.java:168) ~[surefire-junit-platform-3.5.4.jar:3.5.4]
	at org.apache.maven.surefire.junitplatform.JUnitPlatformProvider.invoke(JUnitPlatformProvider.java:136) ~[surefire-junit-platform-3.5.4.jar:3.5.4]
	at org.apache.maven.surefire.booter.ForkedBooter.runSuitesInProcess(ForkedBooter.java:385) ~[surefire-booter-3.5.4.jar:3.5.4]
	at org.apache.maven.surefire.booter.ForkedBooter.execute(ForkedBooter.java:162) ~[surefire-booter-3.5.4.jar:3.5.4]
	at org.apache.maven.surefire.booter.ForkedBooter.run(ForkedBooter.java:507) ~[surefire-booter-3.5.4.jar:3.5.4]
	at org.apache.maven.surefire.booter.ForkedBooter.main(ForkedBooter.java:495) ~[surefire-booter-3.5.4.jar:3.5.4]
Caused by: org.h2.jdbc.JdbcSQLNonTransientException: Unknown data type: "OID"; SQL statement:
create table message (id bigint generated by default as identity, content oid, file_url varchar(255), timestamp timestamp(6), conversation_id bigint, sender_id bigint, primary key (id)) [50004-232]
	at org.h2.message.DbException.getJdbcSQLException(DbException.java:566) ~[h2-2.3.232.jar:2.3.232]
	at org.h2.message.DbException.getJdbcSQLException(DbException.java:489) ~[h2-2.3.232.jar:2.3.232]
	at org.h2.message.DbException.get(DbException.java:223) ~[h2-2.3.232.jar:2.3.232]
	at org.h2.message.DbException.get(DbException.java:199) ~[h2-2.3.232.jar:2.3.232]
	at org.h2.command.Parser.readIfDataType1(Parser.java:5860) ~[h2-2.3.232.jar:2.3.232]
	at org.h2.command.Parser.readIfDataType(Parser.java:5698) ~[h2-2.3.232.jar:2.3.232]
	at org.h2.command.Parser.parseColumnWithType(Parser.java:5680) ~[h2-2.3.232.jar:2.3.232]
	at org.h2.command.Parser.parseColumnForTable(Parser.java:5559) ~[h2-2.3.232.jar:2.3.232]
	at org.h2.command.Parser.parseTableColumnDefinition(Parser.java:8876) ~[h2-2.3.232.jar:2.3.232]
	at org.h2.command.Parser.parseCreateTable(Parser.java:8819) ~[h2-2.3.232.jar:2.3.232]
	at org.h2.command.Parser.parseCreate(Parser.java:6398) ~[h2-2.3.232.jar:2.3.232]
	at org.h2.command.Parser.parsePrepared(Parser.java:645) ~[h2-2.3.232.jar:2.3.232]
	at org.h2.command.Parser.parse(Parser.java:581) ~[h2-2.3.232.jar:2.3.232]
	at org.h2.command.Parser.parse(Parser.java:556) ~[h2-2.3.232.jar:2.3.232]
	at org.h2.command.Parser.prepareCommand(Parser.java:484) ~[h2-2.3.232.jar:2.3.232]
	at org.h2.engine.SessionLocal.prepareLocal(SessionLocal.java:645) ~[h2-2.3.232.jar:2.3.232]
	at org.h2.engine.SessionLocal.prepareCommand(SessionLocal.java:561) ~[h2-2.3.232.jar:2.3.232]
	at org.h2.jdbc.JdbcConnection.prepareCommand(JdbcConnection.java:1164) ~[h2-2.3.232.jar:2.3.232]
	at org.h2.jdbc.JdbcStatement.executeInternal(JdbcStatement.java:245) ~[h2-2.3.232.jar:2.3.232]
	at org.h2.jdbc.JdbcStatement.execute(JdbcStatement.java:231) ~[h2-2.3.232.jar:2.3.232]
	at org.hibernate.tool.schema.internal.exec.GenerationTargetToDatabase.accept(GenerationTargetToDatabase.java:80) ~[hibernate-core-6.6.29.Final.jar:6.6.29.Final]
	... 122 common frames omitted

Hibernate: create table notifications (id bigint generated by default as identity, created_at bigint, link_id bigint, message varchar(500), notification_type varchar(255) check (notification_type in ('NEW_MESSAGE','MENTORSHIP_REQUEST','MENTORSHIP_APPROVED','MENTORSHIP_REJECTED','JOB_APPLICATION_REQUEST','JOB_APPLICATION_APPROVED','JOB_APPLICATION_REJECTED','FORUM_COMMENT','FORUM_REPORT','AWARDED_BADGE')), read_flag boolean not null, title varchar(255), updated_at bigint, username varchar(255), primary key (id))
Hibernate: create table otp_verifications (id bigint generated by default as identity, expires_at timestamp(6) not null, otp_code varchar(255) not null, temporary_token varchar(2048), username varchar(255) not null, verified_at timestamp(6), primary key (id))
Hibernate: create table password_reset_tokens (id bigint generated by default as identity, expires_at timestamp(6) with time zone not null, token varchar(255) not null, used_at timestamp(6) with time zone, user_id bigint not null, primary key (id))
Hibernate: create table profiles (id bigint generated by default as identity, bio varchar(1000), created_at timestamp(6) with time zone not null, first_name varchar(120) not null, image_url varchar(1024), last_name varchar(120) not null, pronoun_set varchar(255) check (pronoun_set in ('HE_HIM','SHE_HER','THEY_THEM','SHE_THEY','HE_THEY','OTHER','NONE')), updated_at timestamp(6) with time zone not null, user_id bigint not null, primary key (id))
Hibernate: create table report (id bigint generated by default as identity, admin_note varchar(1000), created_at timestamp(6) with time zone not null, description varchar(2000), entity_id bigint not null, entity_type varchar(50) not null check (entity_type in ('WORKPLACE','REVIEW','REVIEW_REPLY','FORUM_POST','FORUM_COMMENT','JOB_POST','JOB_APPLICATION','PROFILE','MENTOR')), reason_type varchar(50) not null check (reason_type in ('SPAM','FAKE','OFFENSIVE','HARASSMENT','MISINFORMATION','OTHER')), status varchar(20) not null check (status in ('PENDING','APPROVED','REJECTED','IGNORED')), updated_at timestamp(6) with time zone not null, created_by_user_id bigint not null, primary key (id))
Hibernate: create table resume_review (id bigint generated by default as identity, created_at timestamp(6), feedback varchar(255), resume_uploaded_at timestamp(6), resume_url varchar(255), status varchar(255) check (status in ('ACTIVE','COMPLETED','CLOSED')), job_seeker_id bigint, mentor_profile_id bigint, mentorship_request_id bigint, primary key (id))
Hibernate: create table review (id bigint generated by default as identity, anonymous boolean not null, content varchar(4000) not null, created_at timestamp(6) with time zone not null, helpful_count integer not null, rating float(53), title varchar(255) not null, updated_at timestamp(6) with time zone not null, user_id bigint not null, workplace_id bigint not null, primary key (id))
Hibernate: create table review_policy_rating (id bigint generated by default as identity, created_at timestamp(6) with time zone not null, policy varchar(64) not null check (policy in ('SALARY_TRANSPARENCY','EQUAL_PAY_POLICY','LIVING_WAGE_EMPLOYER','COMPREHENSIVE_HEALTH_INSURANCE','PERFORMANCE_BASED_BONUS','RETIREMENT_PLAN_SUPPORT','FLEXIBLE_HOURS','REMOTE_FRIENDLY','NO_AFTER_HOURS_WORK_CULTURE','MENTAL_HEALTH_SUPPORT','GENEROUS_PAID_TIME_OFF','PAID_PARENTAL_LEAVE','INCLUSIVE_HIRING_PRACTICES','DIVERSE_LEADERSHIP','LGBTQ_PLUS_FRIENDLY_WORKPLACE','DISABILITY_INCLUSIVE_WORKPLACE','SUPPORTS_WOMEN_IN_LEADERSHIP','MENTORSHIP_PROGRAM','LEARNING_AND_DEVELOPMENT_BUDGET','TRANSPARENT_PROMOTION_PATHS','INTERNAL_MOBILITY','SUSTAINABILITY_FOCUSED','ETHICAL_SUPPLY_CHAIN','COMMUNITY_VOLUNTEERING','CERTIFIED_B_CORPORATION')), score integer not null check ((score<=5) and (score>=1)), updated_at timestamp(6) with time zone not null, review_id bigint not null, primary key (id))
Hibernate: create table review_reaction (id bigint generated by default as identity, created_at timestamp(6) with time zone not null, review_id bigint not null, user_id bigint not null, primary key (id))
Hibernate: create table review_reply (id bigint generated by default as identity, content varchar(2000), created_at timestamp(6) with time zone not null, updated_at timestamp(6) with time zone not null, employer_user_id bigint not null, review_id bigint not null, primary key (id))
Hibernate: create table skills (id bigint generated by default as identity, created_at timestamp(6) with time zone not null, level varchar(40), name varchar(120) not null, updated_at timestamp(6) with time zone not null, profile_id bigint not null, primary key (id))
Hibernate: create table users (id bigint generated by default as identity, ban_reason varchar(500), email varchar(255) not null, email_verified boolean not null, is_banned boolean not null, is_mentor_banned boolean not null, mentor_ban_reason varchar(500), password varchar(128) not null, role varchar(255) not null check (role in ('ROLE_EMPLOYER','ROLE_JOBSEEKER','ROLE_ADMIN')), username varchar(50) not null, primary key (id))
Hibernate: create table workplace (id bigint generated by default as identity, company_name varchar(255) not null, created_at timestamp(6) with time zone not null, deleted boolean not null, detailed_description varchar(4000) not null, image_url varchar(500), location varchar(255) not null, review_count bigint not null, sector varchar(255) not null, short_description varchar(500) not null, updated_at timestamp(6) with time zone not null, website varchar(255), primary key (id))
Hibernate: create table workplace_ethical_tags (workplace_id bigint not null, policy varchar(64) not null check (policy in ('SALARY_TRANSPARENCY','EQUAL_PAY_POLICY','LIVING_WAGE_EMPLOYER','COMPREHENSIVE_HEALTH_INSURANCE','PERFORMANCE_BASED_BONUS','RETIREMENT_PLAN_SUPPORT','FLEXIBLE_HOURS','REMOTE_FRIENDLY','NO_AFTER_HOURS_WORK_CULTURE','MENTAL_HEALTH_SUPPORT','GENEROUS_PAID_TIME_OFF','PAID_PARENTAL_LEAVE','INCLUSIVE_HIRING_PRACTICES','DIVERSE_LEADERSHIP','LGBTQ_PLUS_FRIENDLY_WORKPLACE','DISABILITY_INCLUSIVE_WORKPLACE','SUPPORTS_WOMEN_IN_LEADERSHIP','MENTORSHIP_PROGRAM','LEARNING_AND_DEVELOPMENT_BUDGET','TRANSPARENT_PROMOTION_PATHS','INTERNAL_MOBILITY','SUSTAINABILITY_FOCUSED','ETHICAL_SUPPLY_CHAIN','COMMUNITY_VOLUNTEERING','CERTIFIED_B_CORPORATION')), primary key (workplace_id, policy))
Hibernate: create index ix_badges_user_id on badges (user_id)
Hibernate: alter table if exists badges drop constraint if exists uk_badge_user_type
Hibernate: alter table if exists badges add constraint uk_badge_user_type unique (user_id, badge_type)
Hibernate: alter table if exists conversation drop constraint if exists UK4w97x50xkk4cto7ullhwl3ng1
Hibernate: alter table if exists conversation add constraint UK4w97x50xkk4cto7ullhwl3ng1 unique (resume_review_id)
Hibernate: alter table if exists email_verification_tokens drop constraint if exists UKewmvysc7e9y6uy7og2c21axa9
Hibernate: alter table if exists email_verification_tokens add constraint UKewmvysc7e9y6uy7og2c21axa9 unique (token)
Hibernate: alter table if exists forum_comment_downvotes drop constraint if exists UKdsr1uk6i4xfnjf42229t0mdg9
Hibernate: alter table if exists forum_comment_downvotes add constraint UKdsr1uk6i4xfnjf42229t0mdg9 unique (user_id, comment_id)
Hibernate: alter table if exists forum_comment_upvotes drop constraint if exists UKsbxpp04q2e2wkktxqtbvjqu0w
Hibernate: alter table if exists forum_comment_upvotes add constraint UKsbxpp04q2e2wkktxqtbvjqu0w unique (user_id, comment_id)
Hibernate: alter table if exists forum_post_downvotes drop constraint if exists UKah1b4yde2mmnly5xjkhhxo0i7
Hibernate: alter table if exists forum_post_downvotes add constraint UKah1b4yde2mmnly5xjkhhxo0i7 unique (user_id, post_id)
Hibernate: alter table if exists forum_post_upvotes drop constraint if exists UKiw40irdj016b9jm6i18m8fffj
Hibernate: alter table if exists forum_post_upvotes add constraint UKiw40irdj016b9jm6i18m8fffj unique (user_id, post_id)
Hibernate: create index idx_interest_profile on interests (profile_id)
Hibernate: alter table if exists otp_verifications drop constraint if exists UKmbvkp35r585euo8j6o42hyqnl
Hibernate: alter table if exists otp_verifications add constraint UKmbvkp35r585euo8j6o42hyqnl unique (user_id)
Hibernate: alter table if exists password_reset_tokens drop constraint if exists UK71lqwbwtklmljk3qlsugr1mig
Hibernate: alter table if exists password_reset_tokens add constraint UK71lqwbwtklmljk3qlsugr1mig unique (token)
Hibernate: alter table if exists profiles drop constraint if exists UK4ixsj6aqve5pxrbw2u0oyk8bb
Hibernate: alter table if exists profiles add constraint UK4ixsj6aqve5pxrbw2u0oyk8bb unique (user_id)
Hibernate: alter table if exists resume_review drop constraint if exists UK52q2oobinuiwefydw8xp2s0v7
Hibernate: alter table if exists resume_review add constraint UK52q2oobinuiwefydw8xp2s0v7 unique (mentorship_request_id)
Hibernate: alter table if exists review drop constraint if exists UK6s7fv9jeia3kf477nwom1pq74
Hibernate: alter table if exists review add constraint UK6s7fv9jeia3kf477nwom1pq74 unique (workplace_id, user_id)
Hibernate: alter table if exists review_reaction drop constraint if exists UK64euou4hpowfi3u9grl7r3oc1
Hibernate: alter table if exists review_reaction add constraint UK64euou4hpowfi3u9grl7r3oc1 unique (review_id, user_id)
Hibernate: alter table if exists review_reply drop constraint if exists UK4i2wqc6vs38qe09e5bx51t4py
Hibernate: alter table if exists review_reply add constraint UK4i2wqc6vs38qe09e5bx51t4py unique (review_id)
Hibernate: create index idx_skill_profile on skills (profile_id)
Hibernate: create index ix_users_username on users (username)
Hibernate: create index ix_users_email on users (email)
Hibernate: alter table if exists users drop constraint if exists uk_users_username
Hibernate: alter table if exists users add constraint uk_users_username unique (username)
Hibernate: alter table if exists users drop constraint if exists uk_users_email
Hibernate: alter table if exists users add constraint uk_users_email unique (email)
Hibernate: alter table if exists workplace drop constraint if exists UKkf9wigr3g4mmf2tw3keipbajb
Hibernate: alter table if exists workplace add constraint UKkf9wigr3g4mmf2tw3keipbajb unique (company_name)
Hibernate: create sequence mentor_review_seq start with 1 increment by 50
Hibernate: alter table if exists activities add constraint FKmfjrc8jdvy0yrr7x67qmrxkue foreign key (actor_id) references users
Hibernate: alter table if exists conversation add constraint FKte28dnj1tv46kjrchxf81amj1 foreign key (resume_review_id) references resume_review
Hibernate: alter table if exists educations add constraint FKbufn19514tqheek69srnucok2 foreign key (profile_id) references profiles
Hibernate: alter table if exists employer_request add constraint FK47jeuw72k60pbxkt7y1x2i09 foreign key (created_by_user_id) references users
Hibernate: alter table if exists employer_request add constraint FKsq3ok2u8woyr29t4wc7219tlp foreign key (workplace_id) references workplace
Hibernate: alter table if exists employer_workplace add constraint FKgunpdpfg79ovn2o0mvtiy8ai foreign key (user_id) references users
Hibernate: alter table if exists employer_workplace add constraint FKeps55twarxa43m21h1xksm0i4 foreign key (workplace_id) references workplace
Hibernate: alter table if exists experiences add constraint FKm5uwrkg7h159o8kbot8f2i1op foreign key (profile_id) references profiles
Hibernate: alter table if exists forum_comment_downvotes add constraint FKsgwqkxobu89oq8oiqn6fbp2kh foreign key (comment_id) references forum_comments
Hibernate: alter table if exists forum_comment_downvotes add constraint FKd64afctx7dfhyvibpdrqq9qgm foreign key (user_id) references users
Hibernate: alter table if exists forum_comment_upvotes add constraint FKjk50cbms5c0sf66ct802hhgou foreign key (comment_id) references forum_comments
Hibernate: alter table if exists forum_comment_upvotes add constraint FKoeor6rx9f4lykabtpixbsmakj foreign key (user_id) references users
Hibernate: alter table if exists forum_comments add constraint FKaagdun8roxwogrhpfs97vfcyl foreign key (author_id) references users
Hibernate: alter table if exists forum_comments add constraint FKp5wt8po837fjuthq636iaaa6u foreign key (parent_comment_id) references forum_comments
Hibernate: alter table if exists forum_comments add constraint FKeb7i9uh14fy77papa5wfpfds4 foreign key (post_id) references forum_posts
Hibernate: alter table if exists forum_post_downvotes add constraint FKnjey4546vmc3tkkynjdi8o1q7 foreign key (post_id) references forum_posts
Hibernate: alter table if exists forum_post_downvotes add constraint FKr6s1pgesgndwdqrsy7srdibr foreign key (user_id) references users
Hibernate: alter table if exists forum_post_tags add constraint FKhse4al858oww6gduiu1rw04l4 foreign key (post_id) references forum_posts
Hibernate: alter table if exists forum_post_upvotes add constraint FKrsx7203ht59e70vf2hr03sb1t foreign key (post_id) references forum_posts
Hibernate: alter table if exists forum_post_upvotes add constraint FKppj6meikcrc3r4vkb3q1hup35 foreign key (user_id) references users
Hibernate: alter table if exists forum_posts add constraint FKpsovhjndrj3obmt1d0p9nhr0u foreign key (author_id) references users
Hibernate: alter table if exists interests add constraint FK8fftdol1ujn0jw2wn640da5r6 foreign key (profile_id) references profiles
Hibernate: alter table if exists job_applications add constraint FKfykrjvy1b711eba8qvgdru2n foreign key (job_post_id) references job_posts
Hibernate: alter table if exists job_applications add constraint FKpl41j0hltj9m1s5pql24yym6v foreign key (job_seeker_id) references users
Hibernate: alter table if exists job_posts add constraint FK6u2g9y7ohi5fqvuljjchrp78m foreign key (employer_id) references users
Hibernate: alter table if exists job_posts add constraint FK8ghi0tpwejrfwh3ax44ypys18 foreign key (workplace_id) references workplace
Hibernate: alter table if exists mentor_profile add constraint FKdwt5rvl756v129jusv36e5ofc foreign key (id) references users
Hibernate: alter table if exists mentor_review add constraint FK6pahwlo0vcd430rb2v10hqp3p foreign key (mentor_profile_id) references mentor_profile
Hibernate: alter table if exists mentor_review add constraint FKnsxtwlr0l5t2anegi59b9wxep foreign key (reviewer_id) references users
Hibernate: alter table if exists mentorship_request add constraint FKt21v8wsfvvynfeh109fm0bd61 foreign key (mentor_profile_id) references mentor_profile
Hibernate: alter table if exists mentorship_request add constraint FK3j2m038m6qqr8c8nu3dabdi4s foreign key (requester_id) references users
Hibernate: alter table if exists message add constraint FK6yskk3hxw5sklwgi25y6d5u1l foreign key (conversation_id) references conversation
Hibernate: alter table if exists message add constraint FKbi5avhe69aol2mb1lnm6r4o2p foreign key (sender_id) references users
Hibernate: alter table if exists profiles add constraint FK410q61iev7klncmpqfuo85ivh foreign key (user_id) references users
Hibernate: alter table if exists report add constraint FK50ed04nqwvrpt7ut9t964veeo foreign key (created_by_user_id) references users
Hibernate: alter table if exists resume_review add constraint FKhobdi3k1icxhs0nrqjxwsxbg0 foreign key (job_seeker_id) references users
Hibernate: alter table if exists resume_review add constraint FKjw7dpqhi76jhghbv99a7au88w foreign key (mentor_profile_id) references mentor_profile
Hibernate: alter table if exists resume_review add constraint FKssbwj06ymr0246u6vd39lm7jb foreign key (mentorship_request_id) references mentorship_request
Hibernate: alter table if exists review add constraint FK6cpw2nlklblpvc7hyt7ko6v3e foreign key (user_id) references users
Hibernate: alter table if exists review add constraint FK16jf5lhu3d281fsi8tyab4wx5 foreign key (workplace_id) references workplace
Hibernate: alter table if exists review_policy_rating add constraint FK7ew16g4awlj8elgxunk29blcm foreign key (review_id) references review
Hibernate: alter table if exists review_reaction add constraint FKcj6w193lagh5wq2ss20k2tka5 foreign key (review_id) references review
Hibernate: alter table if exists review_reaction add constraint FKh9c6e1188xchpfpqi0n9ic2xe foreign key (user_id) references users
Hibernate: alter table if exists review_reply add constraint FK8kj82r017g25i2bxr94dupm19 foreign key (employer_user_id) references users
Hibernate: alter table if exists review_reply add constraint FK3mfomicwiqwm49ahq8yevep7x foreign key (review_id) references review
Hibernate: alter table if exists skills add constraint FK60dgf0shifcegmvwh3a5qkm8x foreign key (profile_id) references profiles
Hibernate: alter table if exists workplace_ethical_tags add constraint FKto3jb2jiuxhq8o5o6v0c1vdga foreign key (workplace_id) references workplace
2025-12-21T15:58:53.574+03:00  INFO 226001 --- [jobboard-backend] [           main] j.LocalContainerEntityManagerFactoryBean : Initialized JPA EntityManagerFactory for persistence unit 'default'
2025-12-21T15:58:53.751+03:00  INFO 226001 --- [jobboard-backend] [           main] o.s.d.j.r.query.QueryEnhancerFactory     : Hibernate is in classpath; If applicable, HQL parser will be used.
2025-12-21T15:58:54.505+03:00  INFO 226001 --- [jobboard-backend] [           main] o.b.j.j.r.JobApplicationRepositoryTest   : Started JobApplicationRepositoryTest in 2.257 seconds (process running for 8.345)
Hibernate: select ja1_0.id,ja1_0.applied_date,ja1_0.cover_letter,ja1_0.cv_url,ja1_0.feedback,ja1_0.job_post_id,ja1_0.job_seeker_id,ja1_0.special_needs,ja1_0.status from job_applications ja1_0
Hibernate: select jp1_0.id,jp1_0.contact,jp1_0.description,jp1_0.employer_id,jp1_0.inclusive_opportunity,jp1_0.max_salary,jp1_0.min_salary,jp1_0.non_profit,jp1_0.posted_date,jp1_0.remote,jp1_0.title,jp1_0.workplace_id from job_posts jp1_0
Hibernate: select w1_0.id,w1_0.company_name,w1_0.created_at,w1_0.deleted,w1_0.detailed_description,w1_0.image_url,w1_0.location,w1_0.review_count,w1_0.sector,w1_0.short_description,w1_0.updated_at,w1_0.website from workplace w1_0
Hibernate: select u1_0.id,u1_0.ban_reason,u1_0.email,u1_0.email_verified,u1_0.is_banned,u1_0.is_mentor_banned,u1_0.mentor_ban_reason,u1_0.password,u1_0.role,u1_0.username from users u1_0
Hibernate: insert into users (ban_reason,email,email_verified,is_banned,is_mentor_banned,mentor_ban_reason,password,role,username) values (?,?,?,?,?,?,?,?,?)
Hibernate: insert into users (ban_reason,email,email_verified,is_banned,is_mentor_banned,mentor_ban_reason,password,role,username) values (?,?,?,?,?,?,?,?,?)
Hibernate: insert into users (ban_reason,email,email_verified,is_banned,is_mentor_banned,mentor_ban_reason,password,role,username) values (?,?,?,?,?,?,?,?,?)
Hibernate: insert into workplace (company_name,created_at,deleted,detailed_description,image_url,location,review_count,sector,short_description,updated_at,website) values (?,?,?,?,?,?,?,?,?,?,?)
Hibernate: insert into job_posts (contact,description,employer_id,inclusive_opportunity,max_salary,min_salary,non_profit,posted_date,remote,title,workplace_id) values (?,?,?,?,?,?,?,?,?,?,?)
Hibernate: insert into job_posts (contact,description,employer_id,inclusive_opportunity,max_salary,min_salary,non_profit,posted_date,remote,title,workplace_id) values (?,?,?,?,?,?,?,?,?,?,?)
Hibernate: insert into job_applications (applied_date,cover_letter,cv_url,feedback,job_post_id,job_seeker_id,special_needs,status) values (?,?,?,?,?,?,?,?)
Hibernate: select ja1_0.id,ja1_0.applied_date,ja1_0.cover_letter,ja1_0.cv_url,ja1_0.feedback,ja1_0.job_post_id,ja1_0.job_seeker_id,ja1_0.special_needs,ja1_0.status from job_applications ja1_0 join users js1_0 on js1_0.id=ja1_0.job_seeker_id where js1_0.id=?
]]></system-out>
  </testcase>
  <testcase name="findByJobPost_Workplace_Id_ShouldReturnList" classname="org.bounswe.jobboardbackend.jobapplication.repository.JobApplicationRepositoryTest" time="0.015">
    <system-out><![CDATA[Hibernate: select ja1_0.id,ja1_0.applied_date,ja1_0.cover_letter,ja1_0.cv_url,ja1_0.feedback,ja1_0.job_post_id,ja1_0.job_seeker_id,ja1_0.special_needs,ja1_0.status from job_applications ja1_0
Hibernate: select jp1_0.id,jp1_0.contact,jp1_0.description,jp1_0.employer_id,jp1_0.inclusive_opportunity,jp1_0.max_salary,jp1_0.min_salary,jp1_0.non_profit,jp1_0.posted_date,jp1_0.remote,jp1_0.title,jp1_0.workplace_id from job_posts jp1_0
Hibernate: select w1_0.id,w1_0.company_name,w1_0.created_at,w1_0.deleted,w1_0.detailed_description,w1_0.image_url,w1_0.location,w1_0.review_count,w1_0.sector,w1_0.short_description,w1_0.updated_at,w1_0.website from workplace w1_0
Hibernate: select u1_0.id,u1_0.ban_reason,u1_0.email,u1_0.email_verified,u1_0.is_banned,u1_0.is_mentor_banned,u1_0.mentor_ban_reason,u1_0.password,u1_0.role,u1_0.username from users u1_0
Hibernate: insert into users (ban_reason,email,email_verified,is_banned,is_mentor_banned,mentor_ban_reason,password,role,username) values (?,?,?,?,?,?,?,?,?)
Hibernate: insert into users (ban_reason,email,email_verified,is_banned,is_mentor_banned,mentor_ban_reason,password,role,username) values (?,?,?,?,?,?,?,?,?)
Hibernate: insert into users (ban_reason,email,email_verified,is_banned,is_mentor_banned,mentor_ban_reason,password,role,username) values (?,?,?,?,?,?,?,?,?)
Hibernate: insert into workplace (company_name,created_at,deleted,detailed_description,image_url,location,review_count,sector,short_description,updated_at,website) values (?,?,?,?,?,?,?,?,?,?,?)
Hibernate: insert into job_posts (contact,description,employer_id,inclusive_opportunity,max_salary,min_salary,non_profit,posted_date,remote,title,workplace_id) values (?,?,?,?,?,?,?,?,?,?,?)
Hibernate: insert into job_posts (contact,description,employer_id,inclusive_opportunity,max_salary,min_salary,non_profit,posted_date,remote,title,workplace_id) values (?,?,?,?,?,?,?,?,?,?,?)
Hibernate: insert into job_applications (applied_date,cover_letter,cv_url,feedback,job_post_id,job_seeker_id,special_needs,status) values (?,?,?,?,?,?,?,?)
Hibernate: select ja1_0.id,ja1_0.applied_date,ja1_0.cover_letter,ja1_0.cv_url,ja1_0.feedback,ja1_0.job_post_id,ja1_0.job_seeker_id,ja1_0.special_needs,ja1_0.status from job_applications ja1_0 join job_posts jp1_0 on jp1_0.id=ja1_0.job_post_id join workplace w1_0 on w1_0.id=jp1_0.workplace_id where w1_0.id=?
]]></system-out>
  </testcase>
  <testcase name="findByJobPostId_ShouldReturnList" classname="org.bounswe.jobboardbackend.jobapplication.repository.JobApplicationRepositoryTest" time="0.013">
    <system-out><![CDATA[Hibernate: select ja1_0.id,ja1_0.applied_date,ja1_0.cover_letter,ja1_0.cv_url,ja1_0.feedback,ja1_0.job_post_id,ja1_0.job_seeker_id,ja1_0.special_needs,ja1_0.status from job_applications ja1_0
Hibernate: select jp1_0.id,jp1_0.contact,jp1_0.description,jp1_0.employer_id,jp1_0.inclusive_opportunity,jp1_0.max_salary,jp1_0.min_salary,jp1_0.non_profit,jp1_0.posted_date,jp1_0.remote,jp1_0.title,jp1_0.workplace_id from job_posts jp1_0
Hibernate: select w1_0.id,w1_0.company_name,w1_0.created_at,w1_0.deleted,w1_0.detailed_description,w1_0.image_url,w1_0.location,w1_0.review_count,w1_0.sector,w1_0.short_description,w1_0.updated_at,w1_0.website from workplace w1_0
Hibernate: select u1_0.id,u1_0.ban_reason,u1_0.email,u1_0.email_verified,u1_0.is_banned,u1_0.is_mentor_banned,u1_0.mentor_ban_reason,u1_0.password,u1_0.role,u1_0.username from users u1_0
Hibernate: insert into users (ban_reason,email,email_verified,is_banned,is_mentor_banned,mentor_ban_reason,password,role,username) values (?,?,?,?,?,?,?,?,?)
Hibernate: insert into users (ban_reason,email,email_verified,is_banned,is_mentor_banned,mentor_ban_reason,password,role,username) values (?,?,?,?,?,?,?,?,?)
Hibernate: insert into users (ban_reason,email,email_verified,is_banned,is_mentor_banned,mentor_ban_reason,password,role,username) values (?,?,?,?,?,?,?,?,?)
Hibernate: insert into workplace (company_name,created_at,deleted,detailed_description,image_url,location,review_count,sector,short_description,updated_at,website) values (?,?,?,?,?,?,?,?,?,?,?)
Hibernate: insert into job_posts (contact,description,employer_id,inclusive_opportunity,max_salary,min_salary,non_profit,posted_date,remote,title,workplace_id) values (?,?,?,?,?,?,?,?,?,?,?)
Hibernate: insert into job_posts (contact,description,employer_id,inclusive_opportunity,max_salary,min_salary,non_profit,posted_date,remote,title,workplace_id) values (?,?,?,?,?,?,?,?,?,?,?)
Hibernate: insert into job_applications (applied_date,cover_letter,cv_url,feedback,job_post_id,job_seeker_id,special_needs,status) values (?,?,?,?,?,?,?,?)
Hibernate: insert into job_applications (applied_date,cover_letter,cv_url,feedback,job_post_id,job_seeker_id,special_needs,status) values (?,?,?,?,?,?,?,?)
Hibernate: select ja1_0.id,ja1_0.applied_date,ja1_0.cover_letter,ja1_0.cv_url,ja1_0.feedback,ja1_0.job_post_id,ja1_0.job_seeker_id,ja1_0.special_needs,ja1_0.status from job_applications ja1_0 join job_posts jp1_0 on jp1_0.id=ja1_0.job_post_id where jp1_0.id=?
]]></system-out>
  </testcase>
  <testcase name="existsByJobSeekerIdAndJobPostId_True" classname="org.bounswe.jobboardbackend.jobapplication.repository.JobApplicationRepositoryTest" time="0.014">
    <system-out><![CDATA[Hibernate: select ja1_0.id,ja1_0.applied_date,ja1_0.cover_letter,ja1_0.cv_url,ja1_0.feedback,ja1_0.job_post_id,ja1_0.job_seeker_id,ja1_0.special_needs,ja1_0.status from job_applications ja1_0
Hibernate: select jp1_0.id,jp1_0.contact,jp1_0.description,jp1_0.employer_id,jp1_0.inclusive_opportunity,jp1_0.max_salary,jp1_0.min_salary,jp1_0.non_profit,jp1_0.posted_date,jp1_0.remote,jp1_0.title,jp1_0.workplace_id from job_posts jp1_0
Hibernate: select w1_0.id,w1_0.company_name,w1_0.created_at,w1_0.deleted,w1_0.detailed_description,w1_0.image_url,w1_0.location,w1_0.review_count,w1_0.sector,w1_0.short_description,w1_0.updated_at,w1_0.website from workplace w1_0
Hibernate: select u1_0.id,u1_0.ban_reason,u1_0.email,u1_0.email_verified,u1_0.is_banned,u1_0.is_mentor_banned,u1_0.mentor_ban_reason,u1_0.password,u1_0.role,u1_0.username from users u1_0
Hibernate: insert into users (ban_reason,email,email_verified,is_banned,is_mentor_banned,mentor_ban_reason,password,role,username) values (?,?,?,?,?,?,?,?,?)
Hibernate: insert into users (ban_reason,email,email_verified,is_banned,is_mentor_banned,mentor_ban_reason,password,role,username) values (?,?,?,?,?,?,?,?,?)
Hibernate: insert into users (ban_reason,email,email_verified,is_banned,is_mentor_banned,mentor_ban_reason,password,role,username) values (?,?,?,?,?,?,?,?,?)
Hibernate: insert into workplace (company_name,created_at,deleted,detailed_description,image_url,location,review_count,sector,short_description,updated_at,website) values (?,?,?,?,?,?,?,?,?,?,?)
Hibernate: insert into job_posts (contact,description,employer_id,inclusive_opportunity,max_salary,min_salary,non_profit,posted_date,remote,title,workplace_id) values (?,?,?,?,?,?,?,?,?,?,?)
Hibernate: insert into job_posts (contact,description,employer_id,inclusive_opportunity,max_salary,min_salary,non_profit,posted_date,remote,title,workplace_id) values (?,?,?,?,?,?,?,?,?,?,?)
Hibernate: insert into job_applications (applied_date,cover_letter,cv_url,feedback,job_post_id,job_seeker_id,special_needs,status) values (?,?,?,?,?,?,?,?)
Hibernate: select ja1_0.id from job_applications ja1_0 join users js1_0 on js1_0.id=ja1_0.job_seeker_id join job_posts jp1_0 on jp1_0.id=ja1_0.job_post_id where js1_0.id=? and jp1_0.id=? fetch first ? rows only
]]></system-out>
  </testcase>
  <testcase name="existsByJobSeekerIdAndJobPostId_False" classname="org.bounswe.jobboardbackend.jobapplication.repository.JobApplicationRepositoryTest" time="0.016">
    <system-out><![CDATA[Hibernate: select ja1_0.id,ja1_0.applied_date,ja1_0.cover_letter,ja1_0.cv_url,ja1_0.feedback,ja1_0.job_post_id,ja1_0.job_seeker_id,ja1_0.special_needs,ja1_0.status from job_applications ja1_0
Hibernate: select jp1_0.id,jp1_0.contact,jp1_0.description,jp1_0.employer_id,jp1_0.inclusive_opportunity,jp1_0.max_salary,jp1_0.min_salary,jp1_0.non_profit,jp1_0.posted_date,jp1_0.remote,jp1_0.title,jp1_0.workplace_id from job_posts jp1_0
Hibernate: select w1_0.id,w1_0.company_name,w1_0.created_at,w1_0.deleted,w1_0.detailed_description,w1_0.image_url,w1_0.location,w1_0.review_count,w1_0.sector,w1_0.short_description,w1_0.updated_at,w1_0.website from workplace w1_0
Hibernate: select u1_0.id,u1_0.ban_reason,u1_0.email,u1_0.email_verified,u1_0.is_banned,u1_0.is_mentor_banned,u1_0.mentor_ban_reason,u1_0.password,u1_0.role,u1_0.username from users u1_0
Hibernate: insert into users (ban_reason,email,email_verified,is_banned,is_mentor_banned,mentor_ban_reason,password,role,username) values (?,?,?,?,?,?,?,?,?)
Hibernate: insert into users (ban_reason,email,email_verified,is_banned,is_mentor_banned,mentor_ban_reason,password,role,username) values (?,?,?,?,?,?,?,?,?)
Hibernate: insert into users (ban_reason,email,email_verified,is_banned,is_mentor_banned,mentor_ban_reason,password,role,username) values (?,?,?,?,?,?,?,?,?)
Hibernate: insert into workplace (company_name,created_at,deleted,detailed_description,image_url,location,review_count,sector,short_description,updated_at,website) values (?,?,?,?,?,?,?,?,?,?,?)
Hibernate: insert into job_posts (contact,description,employer_id,inclusive_opportunity,max_salary,min_salary,non_profit,posted_date,remote,title,workplace_id) values (?,?,?,?,?,?,?,?,?,?,?)
Hibernate: insert into job_posts (contact,description,employer_id,inclusive_opportunity,max_salary,min_salary,non_profit,posted_date,remote,title,workplace_id) values (?,?,?,?,?,?,?,?,?,?,?)
Hibernate: insert into job_applications (applied_date,cover_letter,cv_url,feedback,job_post_id,job_seeker_id,special_needs,status) values (?,?,?,?,?,?,?,?)
Hibernate: select ja1_0.id from job_applications ja1_0 join users js1_0 on js1_0.id=ja1_0.job_seeker_id join job_posts jp1_0 on jp1_0.id=ja1_0.job_post_id where js1_0.id=? and jp1_0.id=? fetch first ? rows only
]]></system-out>
  </testcase>
</testsuite>