TN:
SF:src\__tests__\handlers.ts
FN:121,createMockJWT
FN:151,(anonymous_1)
FN:164,(anonymous_2)
FN:174,(anonymous_3)
FN:188,(anonymous_4)
FN:193,(anonymous_5)
FN:208,(anonymous_6)
FN:223,(anonymous_7)
FN:245,(anonymous_8)
FN:250,(anonymous_9)
FN:303,(anonymous_10)
FN:321,(anonymous_11)
FN:340,(anonymous_12)
FN:345,(anonymous_13)
FN:358,(anonymous_14)
FN:371,(anonymous_15)
FN:376,(anonymous_16)
FN:385,(anonymous_17)
FN:394,(anonymous_18)
FN:399,(anonymous_19)
FN:407,(anonymous_20)
FN:415,(anonymous_21)
FN:420,(anonymous_22)
FN:466,(anonymous_23)
FN:472,(anonymous_24)
FN:475,(anonymous_25)
FN:479,(anonymous_26)
FN:482,(anonymous_27)
FN:486,(anonymous_28)
FN:489,(anonymous_29)
FN:501,createMockJob
FN:532,(anonymous_31)
FN:532,(anonymous_32)
FN:559,createMockApplication
FN:611,(anonymous_34)
FN:620,(anonymous_35)
FN:626,(anonymous_36)
FN:632,(anonymous_37)
FN:639,(anonymous_38)
FN:641,(anonymous_39)
FN:654,(anonymous_40)
FN:656,(anonymous_41)
FN:662,(anonymous_42)
FN:677,(anonymous_43)
FN:680,(anonymous_44)
FN:698,(anonymous_45)
FN:700,(anonymous_46)
FN:721,(anonymous_47)
FN:729,(anonymous_48)
FN:735,(anonymous_49)
FN:744,(anonymous_50)
FN:746,(anonymous_51)
FN:759,(anonymous_52)
FN:761,(anonymous_53)
FN:771,(anonymous_54)
FN:787,(anonymous_55)
FN:790,(anonymous_56)
FN:809,(anonymous_57)
FN:812,(anonymous_58)
FN:831,(anonymous_59)
FN:833,(anonymous_60)
FN:854,(anonymous_61)
FN:913,(anonymous_62)
FN:941,(anonymous_63)
FN:987,(anonymous_64)
FN:992,(anonymous_65)
FN:1000,(anonymous_66)
FNF:67
FNH:17
FNDA:44,createMockJWT
FNDA:1,(anonymous_1)
FNDA:1,(anonymous_2)
FNDA:1,(anonymous_3)
FNDA:2,(anonymous_4)
FNDA:0,(anonymous_5)
FNDA:0,(anonymous_6)
FNDA:0,(anonymous_7)
FNDA:0,(anonymous_8)
FNDA:1,(anonymous_9)
FNDA:0,(anonymous_10)
FNDA:0,(anonymous_11)
FNDA:0,(anonymous_12)
FNDA:0,(anonymous_13)
FNDA:0,(anonymous_14)
FNDA:0,(anonymous_15)
FNDA:0,(anonymous_16)
FNDA:0,(anonymous_17)
FNDA:0,(anonymous_18)
FNDA:0,(anonymous_19)
FNDA:0,(anonymous_20)
FNDA:0,(anonymous_21)
FNDA:0,(anonymous_22)
FNDA:0,(anonymous_23)
FNDA:0,(anonymous_24)
FNDA:0,(anonymous_25)
FNDA:0,(anonymous_26)
FNDA:3,(anonymous_27)
FNDA:0,(anonymous_28)
FNDA:8,(anonymous_29)
FNDA:193,createMockJob
FNDA:0,(anonymous_31)
FNDA:0,(anonymous_32)
FNDA:215,createMockApplication
FNDA:2,(anonymous_34)
FNDA:0,(anonymous_35)
FNDA:0,(anonymous_36)
FNDA:0,(anonymous_37)
FNDA:1,(anonymous_38)
FNDA:4,(anonymous_39)
FNDA:0,(anonymous_40)
FNDA:0,(anonymous_41)
FNDA:0,(anonymous_42)
FNDA:0,(anonymous_43)
FNDA:0,(anonymous_44)
FNDA:0,(anonymous_45)
FNDA:0,(anonymous_46)
FNDA:0,(anonymous_47)
FNDA:0,(anonymous_48)
FNDA:0,(anonymous_49)
FNDA:0,(anonymous_50)
FNDA:0,(anonymous_51)
FNDA:0,(anonymous_52)
FNDA:0,(anonymous_53)
FNDA:0,(anonymous_54)
FNDA:0,(anonymous_55)
FNDA:0,(anonymous_56)
FNDA:0,(anonymous_57)
FNDA:0,(anonymous_58)
FNDA:0,(anonymous_59)
FNDA:0,(anonymous_60)
FNDA:1,(anonymous_61)
FNDA:1,(anonymous_62)
FNDA:0,(anonymous_63)
FNDA:11,(anonymous_64)
FNDA:22,(anonymous_65)
FNDA:0,(anonymous_66)
DA:5,30
DA:64,30
DA:71,30
DA:123,44
DA:130,44
DA:140,44
DA:141,44
DA:144,44
DA:147,44
DA:150,30
DA:152,1
DA:154,1
DA:165,1
DA:167,1
DA:175,1
DA:177,1
DA:186,30
DA:189,2
DA:194,0
DA:196,0
DA:209,0
DA:211,0
DA:224,0
DA:225,0
DA:227,0
DA:228,0
DA:235,0
DA:246,0
DA:251,1
DA:254,1
DA:255,0
DA:262,1
DA:299,1
DA:304,0
DA:312,0
DA:322,0
DA:329,0
DA:331,0
DA:341,0
DA:346,0
DA:347,0
DA:359,0
DA:360,0
DA:372,0
DA:377,0
DA:378,0
DA:386,0
DA:387,0
DA:395,0
DA:400,0
DA:401,0
DA:408,0
DA:409,0
DA:416,0
DA:421,0
DA:422,0
DA:467,0
DA:471,30
DA:473,0
DA:476,0
DA:480,0
DA:483,3
DA:487,0
DA:490,8
DA:502,193
DA:528,193
DA:529,0
DA:531,0
DA:532,0
DA:534,0
DA:535,0
DA:546,193
DA:560,215
DA:582,30
DA:603,30
DA:609,30
DA:612,2
DA:613,2
DA:614,2
DA:615,2
DA:617,2
DA:619,2
DA:620,0
DA:621,0
DA:625,2
DA:626,0
DA:627,0
DA:631,2
DA:632,0
DA:635,2
DA:640,1
DA:641,4
DA:643,1
DA:644,0
DA:650,1
DA:655,0
DA:656,0
DA:658,0
DA:663,0
DA:665,0
DA:671,0
DA:673,0
DA:678,0
DA:679,0
DA:680,0
DA:682,0
DA:683,0
DA:689,0
DA:694,0
DA:699,0
DA:700,0
DA:702,0
DA:703,0
DA:709,0
DA:711,0
DA:719,30
DA:722,0
DA:723,0
DA:724,0
DA:726,0
DA:728,0
DA:729,0
DA:730,0
DA:734,0
DA:735,0
DA:736,0
DA:740,0
DA:745,0
DA:746,0
DA:748,0
DA:749,0
DA:755,0
DA:760,0
DA:761,0
DA:763,0
DA:764,0
DA:767,0
DA:772,0
DA:774,0
DA:781,0
DA:783,0
DA:788,0
DA:789,0
DA:790,0
DA:792,0
DA:793,0
DA:799,0
DA:805,0
DA:810,0
DA:811,0
DA:812,0
DA:814,0
DA:815,0
DA:821,0
DA:827,0
DA:832,0
DA:833,0
DA:835,0
DA:836,0
DA:842,0
DA:844,0
DA:852,30
DA:855,1
DA:901,30
DA:912,30
DA:914,1
DA:915,1
DA:916,1
DA:918,1
DA:919,1
DA:920,1
DA:922,1
DA:942,0
DA:950,30
DA:985,30
DA:988,11
DA:989,11
DA:991,11
DA:992,22
DA:993,11
DA:996,0
DA:1001,0
LF:182
LH:64
BRDA:121,0,0,44
BRDA:121,1,0,44
BRDA:201,2,0,0
BRDA:201,2,1,0
BRDA:214,3,0,0
BRDA:214,3,1,0
BRDA:215,4,0,0
BRDA:215,4,1,0
BRDA:216,5,0,0
BRDA:216,5,1,0
BRDA:227,6,0,0
BRDA:227,6,1,0
BRDA:254,7,0,0
BRDA:254,7,1,1
BRDA:349,8,0,0
BRDA:349,8,1,0
BRDA:350,9,0,0
BRDA:350,9,1,0
BRDA:351,10,0,0
BRDA:351,10,1,0
BRDA:352,11,0,0
BRDA:352,11,1,0
BRDA:353,12,0,0
BRDA:353,12,1,0
BRDA:354,13,0,0
BRDA:354,13,1,0
BRDA:362,14,0,0
BRDA:362,14,1,0
BRDA:363,15,0,0
BRDA:363,15,1,0
BRDA:364,16,0,0
BRDA:364,16,1,0
BRDA:365,17,0,0
BRDA:365,17,1,0
BRDA:366,18,0,0
BRDA:366,18,1,0
BRDA:367,19,0,0
BRDA:367,19,1,0
BRDA:380,20,0,0
BRDA:380,20,1,0
BRDA:381,21,0,0
BRDA:381,21,1,0
BRDA:389,22,0,0
BRDA:389,22,1,0
BRDA:390,23,0,0
BRDA:390,23,1,0
BRDA:403,24,0,0
BRDA:403,24,1,0
BRDA:411,25,0,0
BRDA:411,25,1,0
BRDA:427,26,0,0
BRDA:427,26,1,0
BRDA:501,27,0,193
BRDA:528,28,0,0
BRDA:528,28,1,193
BRDA:528,29,0,193
BRDA:528,29,1,0
BRDA:531,30,0,0
BRDA:531,30,1,0
BRDA:559,31,0,215
BRDA:619,32,0,0
BRDA:619,32,1,2
BRDA:625,33,0,0
BRDA:625,33,1,2
BRDA:631,34,0,0
BRDA:631,34,1,2
BRDA:643,35,0,0
BRDA:643,35,1,1
BRDA:682,36,0,0
BRDA:682,36,1,0
BRDA:702,37,0,0
BRDA:702,37,1,0
BRDA:728,38,0,0
BRDA:728,38,1,0
BRDA:734,39,0,0
BRDA:734,39,1,0
BRDA:748,40,0,0
BRDA:748,40,1,0
BRDA:763,41,0,0
BRDA:763,41,1,0
BRDA:763,42,0,0
BRDA:763,42,1,0
BRDA:792,43,0,0
BRDA:792,43,1,0
BRDA:802,44,0,0
BRDA:802,44,1,0
BRDA:814,45,0,0
BRDA:814,45,1,0
BRDA:824,46,0,0
BRDA:824,46,1,0
BRDA:835,47,0,0
BRDA:835,47,1,0
BRDA:915,48,0,1
BRDA:915,48,1,0
BRDA:916,49,0,1
BRDA:916,49,1,0
BRDA:991,50,0,11
BRDA:991,50,1,0
BRDA:992,51,0,22
BRDA:992,51,1,22
BRF:100
BRH:16
end_of_record
TN:
SF:src\__tests__\mentorship-handlers.ts
FN:72,(anonymous_0)
FN:79,(anonymous_1)
FN:82,(anonymous_2)
FN:89,(anonymous_3)
FN:92,(anonymous_4)
FN:106,(anonymous_5)
FN:120,(anonymous_6)
FN:129,(anonymous_7)
FN:138,(anonymous_8)
FNF:9
FNH:0
FNDA:0,(anonymous_0)
FNDA:0,(anonymous_1)
FNDA:0,(anonymous_2)
FNDA:0,(anonymous_3)
FNDA:0,(anonymous_4)
FNDA:0,(anonymous_5)
FNDA:0,(anonymous_6)
FNDA:0,(anonymous_7)
FNDA:0,(anonymous_8)
DA:10,30
DA:29,30
DA:56,30
DA:71,30
DA:73,0
DA:74,0
DA:75,0
DA:76,0
DA:80,0
DA:81,0
DA:82,0
DA:84,0
DA:90,0
DA:91,0
DA:92,0
DA:93,0
DA:94,0
DA:97,0
DA:102,0
DA:107,0
DA:108,0
DA:116,0
DA:117,0
DA:121,0
DA:122,0
DA:123,0
DA:124,0
DA:126,0
DA:130,0
DA:131,0
DA:132,0
DA:133,0
DA:135,0
DA:139,0
DA:140,0
DA:146,0
DA:152,0
LF:37
LH:4
BRDA:74,0,0,0
BRDA:74,0,1,0
BRDA:75,1,0,0
BRDA:75,1,1,0
BRDA:93,2,0,0
BRDA:93,2,1,0
BRDA:99,3,0,0
BRDA:99,3,1,0
BRDA:123,4,0,0
BRDA:123,4,1,0
BRDA:132,5,0,0
BRDA:132,5,1,0
BRDA:132,6,0,0
BRDA:132,6,1,0
BRF:14
BRH:0
end_of_record
TN:
SF:src\__tests__\utils.tsx
FN:22,(anonymous_0)
FN:30,(anonymous_1)
FN:70,renderWithProviders
FN:78,(anonymous_3)
FN:96,setupUserEvent
FNF:5
FNH:5
FNDA:85,(anonymous_0)
FNDA:85,(anonymous_1)
FNDA:85,renderWithProviders
FNDA:85,(anonymous_3)
FNDA:26,setupUserEvent
DA:22,10
DA:29,85
DA:31,85
DA:43,85
DA:71,85
DA:75,85
DA:77,85
DA:79,85
DA:97,26
LF:9
LH:9
BRDA:24,0,0,85
BRDA:70,1,0,85
BRDA:71,2,0,85
BRF:3
BRH:3
end_of_record
TN:
SF:src\__tests__\workplace-handlers.ts
FN:101,(anonymous_0)
FN:113,(anonymous_1)
FN:116,(anonymous_2)
FN:119,(anonymous_3)
FN:122,(anonymous_4)
FN:143,(anonymous_5)
FN:148,(anonymous_6)
FN:157,(anonymous_7)
FN:176,(anonymous_8)
FN:197,(anonymous_9)
FN:212,(anonymous_10)
FN:223,(anonymous_11)
FN:234,(anonymous_12)
FN:245,(anonymous_13)
FN:266,(anonymous_14)
FN:287,(anonymous_15)
FN:343,(anonymous_16)
FN:357,(anonymous_17)
FN:371,(anonymous_18)
FN:377,(anonymous_19)
FN:381,(anonymous_20)
FNF:21
FNH:7
FNDA:6,(anonymous_0)
FNDA:3,(anonymous_1)
FNDA:0,(anonymous_2)
FNDA:0,(anonymous_3)
FNDA:0,(anonymous_4)
FNDA:42,(anonymous_5)
FNDA:7,(anonymous_6)
FNDA:7,(anonymous_7)
FNDA:0,(anonymous_8)
FNDA:0,(anonymous_9)
FNDA:0,(anonymous_10)
FNDA:0,(anonymous_11)
FNDA:0,(anonymous_12)
FNDA:6,(anonymous_13)
FNDA:0,(anonymous_14)
FNDA:4,(anonymous_15)
FNDA:0,(anonymous_16)
FNDA:0,(anonymous_17)
FNDA:0,(anonymous_18)
FNDA:0,(anonymous_19)
FNDA:0,(anonymous_20)
DA:13,30
DA:49,30
DA:92,30
DA:99,30
DA:102,6
DA:103,6
DA:104,6
DA:105,6
DA:106,6
DA:107,6
DA:108,6
DA:110,6
DA:112,6
DA:113,3
DA:115,6
DA:116,0
DA:118,6
DA:119,0
DA:121,6
DA:122,0
DA:125,6
DA:126,6
DA:127,6
DA:129,6
DA:139,6
DA:144,42
DA:149,7
DA:150,7
DA:152,7
DA:154,0
DA:157,7
DA:158,7
DA:161,7
DA:172,0
DA:177,0
DA:179,0
DA:193,0
DA:198,0
DA:199,0
DA:201,0
DA:213,0
DA:224,0
DA:235,0
DA:246,6
DA:247,6
DA:248,6
DA:251,6
DA:267,0
DA:268,0
DA:269,0
DA:272,0
DA:288,4
DA:289,4
DA:290,4
DA:291,4
DA:293,4
DA:324,4
DA:325,4
DA:326,4
DA:328,4
DA:345,0
DA:359,0
DA:372,0
DA:374,0
DA:377,0
DA:380,0
DA:381,0
DA:382,0
DA:385,0
LF:69
LH:42
BRDA:103,0,0,6
BRDA:103,0,1,0
BRDA:104,1,0,6
BRDA:104,1,1,0
BRDA:108,2,0,6
BRDA:108,2,1,6
BRDA:112,3,0,1
BRDA:112,3,1,5
BRDA:115,4,0,0
BRDA:115,4,1,6
BRDA:118,5,0,0
BRDA:118,5,1,6
BRDA:121,6,0,0
BRDA:121,6,1,6
BRDA:152,7,0,0
BRDA:152,7,1,7
BRDA:158,8,0,7
BRDA:158,8,1,0
BRDA:188,9,0,0
BRDA:188,9,1,0
BRDA:247,10,0,6
BRDA:247,10,1,0
BRDA:248,11,0,6
BRDA:248,11,1,0
BRDA:268,12,0,0
BRDA:268,12,1,0
BRDA:269,13,0,0
BRDA:269,13,1,0
BRDA:290,14,0,4
BRDA:290,14,1,0
BRDA:291,15,0,4
BRDA:291,15,1,0
BRDA:374,16,0,0
BRDA:374,16,1,0
BRF:34
BRH:15
end_of_record
TN:
SF:src\__tests__\__mocks__\react-i18next.ts
FN:33,(anonymous_0)
FN:47,(anonymous_1)
FN:51,(anonymous_2)
FN:52,(anonymous_3)
FN:53,(anonymous_4)
FN:54,(anonymous_5)
FN:63,(anonymous_6)
FN:71,(anonymous_7)
FN:79,(anonymous_8)
FNF:9
FNH:7
FNDA:13142,(anonymous_0)
FNDA:1319,(anonymous_1)
FNDA:0,(anonymous_2)
FNDA:344,(anonymous_3)
FNDA:98,(anonymous_4)
FNDA:98,(anonymous_5)
FNDA:46,(anonymous_6)
FNDA:98,(anonymous_7)
FNDA:0,(anonymous_8)
DA:33,26
DA:34,13142
DA:37,1612
DA:39,11530
DA:47,1319
DA:51,0
DA:52,344
DA:63,26
DA:64,46
DA:71,98
DA:77,26
LF:11
LH:10
BRDA:34,0,0,1612
BRDA:34,0,1,11530
BRDA:34,1,0,13142
BRDA:34,1,1,1762
BRDA:34,1,2,1612
BRDA:64,2,0,46
BRDA:64,2,1,46
BRDA:64,2,2,0
BRF:8
BRH:7
end_of_record
TN:
SF:src\assets\hero-background.jpg
FNF:0
FNH:0
LF:0
LH:0
BRF:0
BRH:0
end_of_record
TN:
SF:src\modules\auth\contexts\AuthContext.tsx
FN:39,AuthProvider
FN:41,(anonymous_1)
FN:42,(anonymous_2)
FN:45,(anonymous_3)
FN:46,(anonymous_4)
FN:47,(anonymous_5)
FN:50,(anonymous_6)
FN:57,(anonymous_7)
FN:64,(anonymous_8)
FN:70,(anonymous_9)
FN:99,useAuthContext
FNF:11
FNH:8
FNDA:128,AuthProvider
FNDA:500,(anonymous_1)
FNDA:500,(anonymous_2)
FNDA:500,(anonymous_3)
FNDA:500,(anonymous_4)
FNDA:500,(anonymous_5)
FNDA:106,(anonymous_6)
FNDA:0,(anonymous_7)
FNDA:0,(anonymous_8)
FNDA:0,(anonymous_9)
FNDA:71,useAuthContext
DA:25,12
DA:41,500
DA:42,500
DA:45,500
DA:46,500
DA:47,500
DA:50,128
DA:51,106
DA:56,128
DA:58,0
DA:64,128
DA:65,0
DA:70,128
DA:73,0
DA:76,0
DA:77,0
DA:78,0
DA:82,128
DA:90,128
DA:100,71
DA:101,71
DA:102,0
DA:104,71
DA:110,12
LF:24
LH:17
BRDA:77,0,0,0
BRDA:77,0,1,0
BRDA:101,1,0,0
BRDA:101,1,1,71
BRF:4
BRH:1
end_of_record
TN:
SF:src\modules\auth\pages\LoginPage.tsx
FN:17,LoginPage
FN:36,(anonymous_1)
FN:49,(anonymous_2)
FNF:3
FNH:3
FNDA:14,LoginPage
FNDA:4,(anonymous_1)
FNDA:3,(anonymous_2)
DA:13,1
DA:18,14
DA:19,14
DA:20,14
DA:21,14
DA:22,14
DA:28,14
DA:36,14
DA:37,4
DA:38,1
DA:40,1
DA:42,4
DA:43,0
DA:45,0
DA:49,14
DA:50,3
DA:52,3
DA:53,3
DA:58,2
DA:60,2
DA:62,1
DA:63,1
DA:69,1
DA:71,1
DA:72,1
DA:74,1
DA:78,1
DA:79,1
DA:82,1
DA:83,0
DA:84,0
DA:87,0
DA:90,0
DA:93,1
DA:95,1
DA:96,0
DA:98,1
DA:100,1
DA:104,0
DA:105,0
DA:106,0
DA:109,0
DA:110,0
DA:111,0
DA:112,0
DA:113,0
DA:114,0
DA:115,0
DA:116,0
DA:117,0
DA:118,0
DA:121,0
DA:122,0
DA:125,0
DA:127,0
DA:128,0
DA:130,0
DA:132,0
DA:135,0
DA:136,0
DA:137,0
DA:140,0
DA:141,0
DA:144,0
DA:145,0
DA:147,0
DA:150,3
DA:154,14
LF:68
LH:33
BRDA:13,0,0,1
BRDA:13,0,1,0
BRDA:15,1,0,0
BRDA:15,1,1,0
BRDA:37,2,0,1
BRDA:37,2,1,3
BRDA:42,3,0,0
BRDA:42,3,1,4
BRDA:58,4,0,2
BRDA:58,4,1,0
BRDA:60,5,0,1
BRDA:60,5,1,1
BRDA:69,6,0,1
BRDA:69,6,1,0
BRDA:78,7,0,1
BRDA:78,7,1,0
BRDA:82,8,0,0
BRDA:82,8,1,1
BRDA:82,9,0,1
BRDA:82,9,1,1
BRDA:83,10,0,0
BRDA:83,10,1,0
BRDA:84,11,0,0
BRDA:84,11,1,0
BRDA:86,12,0,0
BRDA:86,12,1,0
BRDA:93,13,0,1
BRDA:93,13,1,0
BRDA:95,14,0,0
BRDA:95,14,1,1
BRDA:104,15,0,0
BRDA:104,15,1,0
BRDA:109,16,0,0
BRDA:109,16,1,0
BRDA:111,17,0,0
BRDA:111,17,1,0
BRDA:111,18,0,0
BRDA:111,18,1,0
BRDA:113,19,0,0
BRDA:113,19,1,0
BRDA:113,20,0,0
BRDA:113,20,1,0
BRDA:115,21,0,0
BRDA:115,21,1,0
BRDA:115,22,0,0
BRDA:115,22,1,0
BRDA:115,22,2,0
BRDA:117,23,0,0
BRDA:117,23,1,0
BRDA:117,24,0,0
BRDA:117,24,1,0
BRDA:125,25,0,0
BRDA:125,25,1,0
BRDA:127,26,0,0
BRDA:127,26,1,0
BRDA:127,27,0,0
BRDA:127,27,1,0
BRDA:135,28,0,0
BRDA:135,28,1,0
BRDA:144,29,0,0
BRDA:144,29,1,0
BRDA:180,30,0,0
BRDA:180,30,1,14
BRDA:182,31,0,14
BRDA:182,31,1,0
BRDA:211,32,0,0
BRDA:211,32,1,14
BRDA:213,33,0,14
BRDA:213,33,1,0
BRDA:242,34,0,0
BRDA:242,34,1,14
BRF:71
BRH:19
end_of_record
TN:
SF:src\modules\auth\pages\RegisterPage.tsx
FN:16,RegisterPage
FN:42,(anonymous_1)
FN:141,(anonymous_2)
FNF:3
FNH:2
FNDA:48,RegisterPage
FNDA:3,(anonymous_1)
FNDA:0,(anonymous_2)
DA:12,1
DA:17,48
DA:18,48
DA:19,48
DA:26,48
DA:40,48
DA:42,48
DA:43,3
DA:45,3
DA:47,3
DA:57,3
DA:58,3
DA:59,0
DA:61,3
DA:62,0
DA:65,3
DA:67,2
DA:68,1
DA:69,1
DA:70,1
DA:71,0
DA:72,0
DA:74,0
DA:76,1
DA:77,0
DA:78,1
DA:79,1
DA:80,1
DA:84,1
DA:85,1
DA:87,1
DA:88,1
DA:89,1
DA:92,0
DA:93,0
DA:94,0
DA:97,0
DA:98,0
DA:99,0
DA:102,0
DA:103,0
DA:104,0
DA:107,0
DA:108,0
DA:111,0
DA:112,0
DA:114,0
DA:117,3
DA:121,48
DA:141,0
LF:50
LH:29
BRDA:12,0,0,1
BRDA:12,0,1,0
BRDA:14,1,0,0
BRDA:14,1,1,0
BRDA:58,2,0,0
BRDA:58,2,1,3
BRDA:58,3,0,3
BRDA:58,3,1,0
BRDA:61,4,0,0
BRDA:61,4,1,3
BRDA:61,5,0,3
BRDA:61,5,1,0
BRDA:61,5,2,0
BRDA:67,6,0,1
BRDA:67,6,1,1
BRDA:67,7,0,2
BRDA:67,7,1,2
BRDA:69,8,0,1
BRDA:69,8,1,0
BRDA:71,9,0,0
BRDA:71,9,1,0
BRDA:76,10,0,0
BRDA:76,10,1,1
BRDA:78,11,0,1
BRDA:78,11,1,0
BRDA:78,12,0,1
BRDA:78,12,1,1
BRDA:84,13,0,1
BRDA:84,13,1,0
BRDA:87,14,0,1
BRDA:87,14,1,0
BRDA:92,15,0,0
BRDA:92,15,1,0
BRDA:97,16,0,0
BRDA:97,16,1,0
BRDA:102,17,0,0
BRDA:102,17,1,0
BRDA:111,18,0,0
BRDA:111,18,1,0
BRDA:126,19,0,2
BRDA:126,19,1,46
BRDA:129,20,0,2
BRDA:129,20,1,46
BRDA:136,21,0,2
BRDA:136,21,1,46
BRDA:166,22,0,0
BRDA:166,22,1,46
BRDA:168,23,0,46
BRDA:168,23,1,0
BRDA:188,24,0,0
BRDA:188,24,1,46
BRDA:190,25,0,46
BRDA:190,25,1,0
BRDA:213,26,0,0
BRDA:213,26,1,46
BRDA:215,27,0,46
BRDA:215,27,1,0
BRDA:235,28,0,0
BRDA:235,28,1,46
BRDA:237,29,0,46
BRDA:237,29,1,0
BRDA:263,30,0,19
BRDA:263,30,1,27
BRDA:266,31,0,40
BRDA:266,31,1,6
BRDA:266,32,0,46
BRDA:266,32,1,6
BRDA:269,33,0,37
BRDA:269,33,1,9
BRDA:269,34,0,46
BRDA:269,34,1,6
BRDA:272,35,0,10
BRDA:272,35,1,36
BRDA:272,36,0,46
BRDA:272,36,1,6
BRDA:275,37,0,7
BRDA:275,37,1,39
BRDA:275,38,0,46
BRDA:275,38,1,6
BRDA:291,39,0,0
BRDA:291,39,1,46
BRDA:293,40,0,46
BRDA:293,40,1,0
BRDA:313,41,0,0
BRDA:313,41,1,46
BRDA:315,42,0,46
BRDA:315,42,1,0
BRDA:336,43,0,0
BRDA:336,43,1,46
BRDA:341,44,0,46
BRDA:341,44,1,0
BRDA:367,45,0,46
BRDA:367,45,1,0
BRDA:389,46,0,46
BRDA:389,46,1,0
BRDA:406,47,0,0
BRDA:406,47,1,46
BRDA:418,48,0,46
BRDA:418,48,1,0
BRDA:432,49,0,0
BRDA:432,49,1,46
BRF:101
BRH:59
end_of_record
TN:
SF:src\modules\auth\pages\ResetPasswordPage.tsx
FN:16,ResetPasswordPage
FN:35,(anonymous_1)
FN:115,(anonymous_2)
FNF:3
FNH:2
FNDA:35,ResetPasswordPage
FNDA:2,(anonymous_1)
FNDA:0,(anonymous_2)
DA:12,1
DA:17,35
DA:18,35
DA:19,35
DA:21,35
DA:22,35
DA:29,35
DA:33,35
DA:35,35
DA:36,2
DA:37,0
DA:38,0
DA:41,2
DA:43,2
DA:44,2
DA:50,1
DA:51,0
DA:52,0
DA:53,0
DA:55,0
DA:57,1
DA:58,0
DA:61,1
DA:67,1
DA:68,1
DA:69,1
DA:71,1
DA:72,1
DA:73,1
DA:75,0
DA:77,1
DA:80,0
DA:81,0
DA:82,0
DA:85,0
DA:86,0
DA:87,0
DA:90,0
DA:91,0
DA:94,0
DA:95,0
DA:97,0
DA:100,2
DA:104,35
DA:105,2
DA:115,0
DA:124,33
LF:47
LH:27
BRDA:12,0,0,1
BRDA:12,0,1,0
BRDA:14,1,0,0
BRDA:14,1,1,0
BRDA:36,2,0,0
BRDA:36,2,1,2
BRDA:50,3,0,0
BRDA:50,3,1,1
BRDA:50,4,0,1
BRDA:50,4,1,1
BRDA:52,5,0,0
BRDA:52,5,1,0
BRDA:57,6,0,0
BRDA:57,6,1,1
BRDA:67,7,0,1
BRDA:67,7,1,0
BRDA:71,8,0,1
BRDA:71,8,1,0
BRDA:72,9,0,1
BRDA:72,9,1,0
BRDA:80,10,0,0
BRDA:80,10,1,0
BRDA:85,11,0,0
BRDA:85,11,1,0
BRDA:94,12,0,0
BRDA:94,12,1,0
BRDA:104,13,0,2
BRDA:104,13,1,33
BRDA:153,14,0,15
BRDA:153,14,1,18
BRDA:156,15,0,29
BRDA:156,15,1,4
BRDA:156,16,0,35
BRDA:156,16,1,4
BRDA:159,17,0,27
BRDA:159,17,1,6
BRDA:159,18,0,35
BRDA:159,18,1,4
BRDA:162,19,0,7
BRDA:162,19,1,26
BRDA:162,20,0,35
BRDA:162,20,1,4
BRDA:165,21,0,5
BRDA:165,21,1,28
BRDA:165,22,0,35
BRDA:165,22,1,4
BRDA:181,23,0,0
BRDA:181,23,1,33
BRDA:183,24,0,35
BRDA:183,24,1,0
BRDA:204,25,0,0
BRDA:204,25,1,33
BRDA:206,26,0,35
BRDA:206,26,1,0
BRDA:221,27,0,0
BRDA:221,27,1,33
BRF:56
BRH:34
end_of_record
TN:
SF:src\modules\auth\schemas\login.schema.ts
FNF:0
FNH:0
DA:3,1
LF:1
LH:1
BRF:0
BRH:0
end_of_record
TN:
SF:src\modules\auth\schemas\register.schema.ts
FN:42,(anonymous_0)
FN:46,(anonymous_1)
FNF:2
FNH:2
FNDA:3,(anonymous_0)
FNDA:3,(anonymous_1)
DA:4,1
DA:12,1
DA:42,3
DA:46,3
LF:4
LH:4
BRF:0
BRH:0
end_of_record
TN:
SF:src\modules\auth\schemas\reset-password.schema.ts
FN:17,(anonymous_0)
FNF:1
FNH:1
FNDA:2,(anonymous_0)
DA:4,1
DA:12,1
DA:17,2
LF:3
LH:3
BRF:0
BRH:0
end_of_record
TN:
SF:src\modules\auth\services\auth.service.ts
FN:15,deleteAccount
FNF:1
FNH:0
FNDA:0,deleteAccount
DA:9,2
DA:16,0
DA:17,0
LF:3
LH:1
BRF:0
BRH:0
end_of_record
TN:
SF:src\modules\employer\pages\EmployerDashboardPage.tsx
FN:41,EmployerDashboardPage
FN:56,(anonymous_1)
FN:65,(anonymous_2)
FN:69,(anonymous_3)
FN:98,(anonymous_4)
FN:102,(anonymous_5)
FN:104,(anonymous_6)
FN:107,(anonymous_7)
FN:111,(anonymous_8)
FN:133,(anonymous_9)
FN:140,(anonymous_10)
FN:149,(anonymous_11)
FN:150,(anonymous_12)
FN:151,(anonymous_13)
FN:157,(anonymous_14)
FN:170,(anonymous_15)
FN:175,(anonymous_16)
FN:182,(anonymous_17)
FN:189,(anonymous_18)
FN:194,(anonymous_19)
FN:202,(anonymous_20)
FN:205,(anonymous_21)
FN:241,(anonymous_22)
FN:255,(anonymous_23)
FN:272,(anonymous_24)
FN:276,(anonymous_25)
FN:286,(anonymous_26)
FN:291,(anonymous_27)
FN:354,(anonymous_28)
FN:383,(anonymous_29)
FN:401,(anonymous_30)
FN:424,(anonymous_31)
FNF:32
FNH:19
FNDA:113,EmployerDashboardPage
FNDA:19,(anonymous_1)
FNDA:71,(anonymous_2)
FNDA:71,(anonymous_3)
FNDA:71,(anonymous_4)
FNDA:14,(anonymous_5)
FNDA:14,(anonymous_6)
FNDA:71,(anonymous_7)
FNDA:71,(anonymous_8)
FNDA:36,(anonymous_9)
FNDA:22,(anonymous_10)
FNDA:0,(anonymous_11)
FNDA:0,(anonymous_12)
FNDA:0,(anonymous_13)
FNDA:71,(anonymous_14)
FNDA:71,(anonymous_15)
FNDA:3,(anonymous_16)
FNDA:0,(anonymous_17)
FNDA:0,(anonymous_18)
FNDA:0,(anonymous_19)
FNDA:0,(anonymous_20)
FNDA:15,(anonymous_21)
FNDA:0,(anonymous_22)
FNDA:1,(anonymous_23)
FNDA:0,(anonymous_24)
FNDA:0,(anonymous_25)
FNDA:15,(anonymous_26)
FNDA:0,(anonymous_27)
FNDA:0,(anonymous_28)
FNDA:71,(anonymous_29)
FNDA:2,(anonymous_30)
FNDA:0,(anonymous_31)
DA:42,113
DA:43,113
DA:44,113
DA:45,113
DA:46,113
DA:47,113
DA:48,113
DA:49,113
DA:50,113
DA:51,113
DA:53,113
DA:57,19
DA:58,0
DA:60,19
DA:65,17
DA:66,71
DA:68,17
DA:70,71
DA:71,71
DA:72,0
DA:75,71
DA:76,71
DA:77,70
DA:86,1
DA:98,17
DA:99,71
DA:102,17
DA:104,17
DA:107,71
DA:111,71
DA:112,17
DA:113,1
DA:129,17
DA:133,113
DA:134,36
DA:135,17
DA:136,17
DA:140,113
DA:141,22
DA:142,2
DA:143,2
DA:145,20
DA:149,113
DA:150,0
DA:151,0
DA:152,0
DA:157,113
DA:158,71
DA:160,71
DA:162,0
DA:164,0
DA:166,0
DA:170,113
DA:171,71
DA:172,71
DA:175,113
DA:176,3
DA:177,0
DA:179,3
DA:182,113
DA:183,0
DA:184,0
DA:185,0
DA:189,113
DA:190,0
DA:191,0
DA:194,113
DA:195,0
DA:196,0
DA:197,0
DA:201,113
DA:202,0
DA:205,113
DA:206,113
DA:209,113
DA:210,57
DA:221,56
DA:222,18
DA:225,38
DA:241,0
DA:255,1
DA:272,0
DA:276,0
DA:287,15
DA:291,0
DA:355,0
DA:356,0
DA:384,71
DA:402,2
DA:403,2
DA:425,0
DA:426,0
LF:92
LH:66
BRDA:50,0,0,113
BRDA:50,0,1,113
BRDA:57,1,0,0
BRDA:57,1,1,19
BRDA:66,2,0,71
BRDA:66,2,1,0
BRDA:66,2,2,0
BRDA:71,3,0,0
BRDA:71,3,1,71
BRDA:99,4,0,71
BRDA:99,4,1,71
BRDA:112,5,0,1
BRDA:112,5,1,16
BRDA:134,6,0,17
BRDA:134,6,1,19
BRDA:141,7,0,2
BRDA:141,7,1,20
BRDA:152,8,0,0
BRDA:152,8,1,0
BRDA:158,9,0,71
BRDA:158,9,1,0
BRDA:158,9,2,0
BRDA:158,9,3,0
BRDA:176,10,0,0
BRDA:176,10,1,3
BRDA:184,11,0,0
BRDA:184,11,1,0
BRDA:190,12,0,0
BRDA:190,12,1,0
BRDA:201,13,0,0
BRDA:201,13,1,113
BRDA:202,14,0,0
BRDA:202,14,1,0
BRDA:209,15,0,57
BRDA:209,15,1,56
BRDA:221,16,0,18
BRDA:221,16,1,38
BRDA:226,17,0,0
BRDA:226,17,1,38
BRDA:239,18,0,113
BRDA:239,18,1,14
BRDA:251,19,0,3
BRDA:251,19,1,35
BRDA:260,20,0,21
BRDA:260,20,1,14
BRDA:260,21,0,35
BRDA:260,21,1,21
BRDA:295,22,0,13
BRDA:295,22,1,2
BRDA:309,23,0,15
BRDA:309,23,1,14
BRDA:312,24,0,15
BRDA:312,24,1,14
BRDA:318,25,0,15
BRDA:318,25,1,14
BRDA:334,26,0,15
BRDA:334,26,1,0
BRDA:344,27,0,15
BRDA:344,27,1,15
BRDA:346,28,0,0
BRDA:346,28,1,15
BRDA:351,29,0,0
BRDA:351,29,1,0
BRDA:419,30,0,15
BRDA:419,30,1,14
BRDA:419,30,2,14
BRF:66
BRH:44
end_of_record
TN:
SF:src\modules\employer\schemas\employer-request.schema.ts
FNF:0
FNH:0
DA:3,3
LF:1
LH:1
BRF:0
BRH:0
end_of_record
TN:
SF:src\modules\employer\services\dashboard.service.ts
FN:53,getDashboardStats
FNF:1
FNH:1
FNDA:1,getDashboardStats
DA:54,1
DA:57,1
LF:2
LH:2
BRF:0
BRH:0
end_of_record
TN:
SF:src\modules\employer\services\employer.service.ts
FN:28,fetchMyWorkplaces
FN:38,fetchWorkplaceEmployers
FN:52,removeEmployerRequest
FN:67,createEmployerRequest
FN:83,fetchEmployerRequests
FN:102,fetchMyEmployerRequests
FN:122,fetchEmployerRequest
FN:138,resolveEmployerRequest
FN:164,(anonymous_8)
FN:171,(anonymous_9)
FN:174,(anonymous_10)
FN:178,(anonymous_11)
FN:187,(anonymous_12)
FN:191,(anonymous_13)
FN:194,(anonymous_14)
FN:197,(anonymous_15)
FN:207,(anonymous_16)
FN:211,(anonymous_17)
FN:214,(anonymous_18)
FN:215,(anonymous_19)
FN:219,(anonymous_20)
FN:223,(anonymous_21)
FN:226,(anonymous_22)
FN:227,(anonymous_23)
FN:231,(anonymous_24)
FN:235,(anonymous_25)
FN:238,(anonymous_26)
FN:239,(anonymous_27)
FN:243,(anonymous_28)
FNF:29
FNH:5
FNDA:56,fetchMyWorkplaces
FNDA:0,fetchWorkplaceEmployers
FNDA:0,removeEmployerRequest
FNDA:0,createEmployerRequest
FNDA:6,fetchEmployerRequests
FNDA:0,fetchMyEmployerRequests
FNDA:0,fetchEmployerRequest
FNDA:0,resolveEmployerRequest
FNDA:230,(anonymous_8)
FNDA:0,(anonymous_9)
FNDA:0,(anonymous_10)
FNDA:23,(anonymous_11)
FNDA:0,(anonymous_12)
FNDA:0,(anonymous_13)
FNDA:0,(anonymous_14)
FNDA:0,(anonymous_15)
FNDA:0,(anonymous_16)
FNDA:30,(anonymous_17)
FNDA:0,(anonymous_18)
FNDA:0,(anonymous_19)
FNDA:0,(anonymous_20)
FNDA:0,(anonymous_21)
FNDA:0,(anonymous_22)
FNDA:0,(anonymous_23)
FNDA:0,(anonymous_24)
FNDA:0,(anonymous_25)
FNDA:0,(anonymous_26)
FNDA:0,(anonymous_27)
FNDA:0,(anonymous_28)
DA:23,5
DA:29,56
DA:32,56
DA:41,0
DA:44,0
DA:56,0
DA:59,0
DA:71,0
DA:75,0
DA:87,6
DA:96,6
DA:105,0
DA:114,0
DA:126,0
DA:129,0
DA:143,0
DA:144,0
DA:148,0
DA:164,230
DA:171,5
DA:174,0
DA:178,5
DA:181,23
DA:187,0
DA:191,5
DA:194,0
DA:197,5
DA:200,0
DA:207,0
DA:211,5
DA:212,30
DA:213,30
DA:214,0
DA:216,0
DA:217,0
DA:219,0
DA:223,5
DA:224,0
DA:225,0
DA:226,0
DA:228,0
DA:229,0
DA:231,0
DA:235,5
DA:236,0
DA:237,0
DA:238,0
DA:240,0
DA:241,0
DA:243,0
LF:50
LH:16
BRDA:85,0,0,6
BRDA:91,1,0,6
BRDA:91,1,1,6
BRDA:92,2,0,6
BRDA:92,2,1,0
BRDA:103,3,0,0
BRDA:109,4,0,0
BRDA:109,4,1,0
BRDA:110,5,0,0
BRDA:110,5,1,0
BRDA:164,6,0,230
BRDA:171,7,0,0
BRDA:173,8,0,0
BRDA:173,8,1,0
BRDA:175,9,0,0
BRDA:175,9,1,0
BRDA:181,10,0,23
BRDA:184,11,0,23
BRDA:184,11,1,0
BRDA:185,12,0,23
BRDA:185,12,1,0
BRDA:188,13,0,23
BRDA:188,13,1,23
BRDA:193,14,0,0
BRDA:193,14,1,0
BRDA:200,15,0,0
BRDA:204,16,0,0
BRDA:204,16,1,0
BRDA:204,17,0,0
BRDA:204,17,1,0
BRDA:208,18,0,0
BRDA:208,18,1,0
BRDA:208,19,0,0
BRDA:208,19,1,0
BRF:34
BRH:10
end_of_record
TN:
SF:src\modules\forum\services\forum.service.ts
FN:20,fetchPosts
FN:25,fetchPostsByUserId
FN:30,fetchPost
FN:35,createPost
FN:40,updatePost
FN:48,deletePost
FN:52,upvotePost
FN:56,removePostUpvote
FN:60,downvotePost
FN:64,removePostDownvote
FN:68,createComment
FN:76,updateComment
FN:84,deleteComment
FN:88,upvoteComment
FN:92,removeCommentUpvote
FN:96,downvoteComment
FN:100,removeCommentDownvote
FN:126,(anonymous_17)
FN:129,(anonymous_18)
FN:133,(anonymous_19)
FN:136,(anonymous_20)
FN:140,(anonymous_21)
FN:143,(anonymous_22)
FN:147,(anonymous_23)
FN:151,(anonymous_24)
FN:156,(anonymous_25)
FN:160,(anonymous_26)
FN:163,(anonymous_27)
FN:164,(anonymous_28)
FN:169,(anonymous_29)
FN:173,(anonymous_30)
FN:176,(anonymous_31)
FN:177,(anonymous_32)
FN:181,(anonymous_33)
FN:185,(anonymous_34)
FN:187,(anonymous_35)
FN:187,(anonymous_36)
FN:190,(anonymous_37)
FN:194,(anonymous_38)
FN:198,(anonymous_39)
FN:203,(anonymous_40)
FN:203,(anonymous_41)
FN:206,(anonymous_42)
FN:210,(anonymous_43)
FN:214,(anonymous_44)
FN:217,(anonymous_45)
FN:218,(anonymous_46)
FN:222,(anonymous_47)
FN:226,(anonymous_48)
FN:229,(anonymous_49)
FN:230,(anonymous_50)
FN:234,(anonymous_51)
FN:238,(anonymous_52)
FN:241,(anonymous_53)
FN:242,(anonymous_54)
FN:246,(anonymous_55)
FN:250,(anonymous_56)
FN:257,(anonymous_57)
FN:257,(anonymous_58)
FN:260,(anonymous_59)
FN:263,(anonymous_60)
FN:267,(anonymous_61)
FN:275,(anonymous_62)
FN:276,(anonymous_63)
FN:279,(anonymous_64)
FN:282,(anonymous_65)
FNF:66
FNH:3
FNDA:0,fetchPosts
FNDA:11,fetchPostsByUserId
FNDA:0,fetchPost
FNDA:0,createPost
FNDA:0,updatePost
FNDA:0,deletePost
FNDA:0,upvotePost
FNDA:0,removePostUpvote
FNDA:0,downvotePost
FNDA:0,removePostDownvote
FNDA:0,createComment
FNDA:0,updateComment
FNDA:0,deleteComment
FNDA:0,upvoteComment
FNDA:0,removeCommentUpvote
FNDA:0,downvoteComment
FNDA:0,removeCommentDownvote
FNDA:0,(anonymous_17)
FNDA:0,(anonymous_18)
FNDA:0,(anonymous_19)
FNDA:0,(anonymous_20)
FNDA:46,(anonymous_21)
FNDA:11,(anonymous_22)
FNDA:0,(anonymous_23)
FNDA:0,(anonymous_24)
FNDA:0,(anonymous_25)
FNDA:0,(anonymous_26)
FNDA:0,(anonymous_27)
FNDA:0,(anonymous_28)
FNDA:0,(anonymous_29)
FNDA:0,(anonymous_30)
FNDA:0,(anonymous_31)
FNDA:0,(anonymous_32)
FNDA:0,(anonymous_33)
FNDA:0,(anonymous_34)
FNDA:0,(anonymous_35)
FNDA:0,(anonymous_36)
FNDA:0,(anonymous_37)
FNDA:0,(anonymous_38)
FNDA:0,(anonymous_39)
FNDA:0,(anonymous_40)
FNDA:0,(anonymous_41)
FNDA:0,(anonymous_42)
FNDA:0,(anonymous_43)
FNDA:0,(anonymous_44)
FNDA:0,(anonymous_45)
FNDA:0,(anonymous_46)
FNDA:0,(anonymous_47)
FNDA:0,(anonymous_48)
FNDA:0,(anonymous_49)
FNDA:0,(anonymous_50)
FNDA:0,(anonymous_51)
FNDA:0,(anonymous_52)
FNDA:0,(anonymous_53)
FNDA:0,(anonymous_54)
FNDA:0,(anonymous_55)
FNDA:0,(anonymous_56)
FNDA:0,(anonymous_57)
FNDA:0,(anonymous_58)
FNDA:0,(anonymous_59)
FNDA:0,(anonymous_60)
FNDA:0,(anonymous_61)
FNDA:0,(anonymous_62)
FNDA:0,(anonymous_63)
FNDA:0,(anonymous_64)
FNDA:0,(anonymous_65)
DA:21,0
DA:22,0
DA:26,11
DA:27,11
DA:31,0
DA:32,0
DA:36,0
DA:37,0
DA:44,0
DA:45,0
DA:49,0
DA:53,0
DA:57,0
DA:61,0
DA:65,0
DA:72,0
DA:73,0
DA:80,0
DA:81,0
DA:85,0
DA:89,0
DA:93,0
DA:97,0
DA:101,0
DA:126,2
DA:129,0
DA:133,2
DA:136,0
DA:140,46
DA:143,11
DA:147,2
DA:148,0
DA:149,0
DA:152,0
DA:154,0
DA:156,0
DA:160,2
DA:161,0
DA:162,0
DA:163,0
DA:165,0
DA:166,0
DA:167,0
DA:169,0
DA:173,2
DA:174,0
DA:175,0
DA:176,0
DA:178,0
DA:179,0
DA:181,0
DA:185,2
DA:186,0
DA:187,0
DA:188,0
DA:191,0
DA:192,0
DA:194,0
DA:198,2
DA:202,0
DA:203,0
DA:204,0
DA:207,0
DA:208,0
DA:210,0
DA:214,2
DA:215,0
DA:216,0
DA:217,0
DA:219,0
DA:220,0
DA:222,0
DA:226,2
DA:227,0
DA:228,0
DA:229,0
DA:231,0
DA:232,0
DA:234,0
DA:238,2
DA:239,0
DA:240,0
DA:241,0
DA:243,0
DA:244,0
DA:246,0
DA:250,2
DA:255,0
DA:257,0
DA:258,0
DA:261,0
DA:263,0
DA:267,2
DA:272,0
DA:274,0
DA:275,0
DA:276,0
DA:277,0
DA:280,0
DA:282,0
LF:100
LH:16
BRDA:126,0,0,0
BRDA:133,1,0,0
BRDA:135,2,0,0
BRDA:135,2,1,0
BRDA:137,3,0,0
BRDA:137,3,1,0
BRDA:140,4,0,46
BRDA:142,5,0,43
BRDA:142,5,1,3
BRDA:144,6,0,46
BRDA:144,6,1,43
BRDA:187,7,0,0
BRDA:187,7,1,0
BRDA:203,8,0,0
BRDA:203,8,1,0
BRDA:231,9,0,0
BRDA:231,9,1,0
BRDA:243,10,0,0
BRDA:243,10,1,0
BRDA:253,11,0,0
BRDA:257,12,0,0
BRDA:257,12,1,0
BRDA:261,13,0,0
BRDA:261,13,1,0
BRDA:270,14,0,0
BRDA:274,15,0,0
BRDA:274,15,1,0
BRDA:280,16,0,0
BRDA:280,16,1,0
BRF:29
BRH:5
end_of_record
TN:
SF:src\modules\home\pages\HomePage.tsx
FN:34,HomePage
FN:53,(anonymous_1)
FN:60,(anonymous_2)
FN:62,(anonymous_3)
FN:81,(anonymous_4)
FN:135,(anonymous_5)
FN:158,(anonymous_6)
FN:223,(anonymous_7)
FN:493,(anonymous_8)
FN:501,(anonymous_9)
FNF:10
FNH:4
FNDA:2,HomePage
FNDA:17,(anonymous_1)
FNDA:1,(anonymous_2)
FNDA:5,(anonymous_3)
FNDA:0,(anonymous_4)
FNDA:0,(anonymous_5)
FNDA:0,(anonymous_6)
FNDA:0,(anonymous_7)
FNDA:0,(anonymous_8)
FNDA:0,(anonymous_9)
DA:35,2
DA:36,2
DA:37,2
DA:38,2
DA:39,2
DA:46,2
DA:53,2
DA:54,17
DA:55,17
DA:57,0
DA:60,2
DA:61,1
DA:63,5
DA:81,2
DA:82,0
DA:83,0
DA:84,0
DA:85,0
DA:87,0
DA:91,2
DA:92,2
DA:94,2
DA:135,0
DA:158,0
DA:223,0
DA:493,0
DA:501,0
LF:27
LH:16
BRDA:54,0,0,17
BRDA:54,0,1,0
BRDA:54,1,0,17
BRDA:54,1,1,17
BRDA:84,2,0,0
BRDA:84,2,1,0
BRDA:91,3,0,2
BRDA:91,3,1,1
BRDA:91,3,2,1
BRDA:92,4,0,2
BRDA:92,4,1,0
BRDA:137,5,0,0
BRDA:137,5,1,2
BRDA:219,6,0,2
BRDA:219,6,1,0
BRDA:232,7,0,2
BRDA:232,7,1,1
BRDA:234,8,0,2
BRDA:234,8,1,1
BRDA:411,9,0,2
BRDA:411,9,1,2
BRF:21
BRH:15
end_of_record
TN:
SF:src\modules\jobs\applications\pages\JobApplicationReviewPage.tsx
FN:26,(anonymous_0)
FN:30,(anonymous_1)
FN:35,JobApplicationReviewPage
FN:59,(anonymous_3)
FN:74,(anonymous_4)
FN:85,(anonymous_5)
FN:96,(anonymous_6)
FN:103,(anonymous_7)
FN:287,(anonymous_8)
FNF:9
FNH:9
FNDA:77,(anonymous_0)
FNDA:155,(anonymous_1)
FNDA:101,JobApplicationReviewPage
FNDA:3,(anonymous_3)
FNDA:3,(anonymous_4)
FNDA:154,(anonymous_5)
FNDA:77,(anonymous_6)
FNDA:77,(anonymous_7)
FNDA:52,(anonymous_8)
DA:20,1
DA:26,1
DA:27,77
DA:30,155
DA:36,101
DA:37,101
DA:38,101
DA:39,101
DA:40,101
DA:44,101
DA:45,101
DA:50,101
DA:51,101
DA:52,101
DA:54,101
DA:55,101
DA:56,101
DA:57,101
DA:59,101
DA:60,3
DA:61,3
DA:62,3
DA:63,2
DA:68,2
DA:70,1
DA:74,101
DA:75,3
DA:77,3
DA:78,3
DA:79,2
DA:81,1
DA:85,101
DA:86,154
DA:87,154
DA:88,154
DA:89,154
DA:91,154
DA:92,152
DA:93,152
DA:96,101
DA:97,77
DA:103,101
DA:104,77
DA:108,101
DA:109,22
DA:112,79
DA:113,2
DA:123,77
DA:287,52
LF:49
LH:49
BRDA:27,0,0,77
BRDA:27,0,1,0
BRDA:39,1,0,101
BRDA:39,1,1,0
BRDA:50,2,0,101
BRDA:50,2,1,0
BRDA:51,3,0,101
BRDA:51,3,1,0
BRDA:52,4,0,101
BRDA:52,4,1,101
BRDA:54,5,0,101
BRDA:54,5,1,101
BRDA:60,6,0,0
BRDA:60,6,1,3
BRDA:62,7,0,3
BRDA:62,7,1,2
BRDA:75,8,0,0
BRDA:75,8,1,3
BRDA:78,9,0,3
BRDA:78,9,1,2
BRDA:91,10,0,2
BRDA:91,10,1,152
BRDA:92,11,0,0
BRDA:92,11,1,152
BRDA:108,12,0,22
BRDA:108,12,1,79
BRDA:112,13,0,2
BRDA:112,13,1,77
BRDA:124,14,0,0
BRDA:124,14,1,77
BRDA:174,15,0,101
BRDA:174,15,1,76
BRDA:179,16,0,101
BRDA:179,16,1,76
BRDA:184,17,0,101
BRDA:184,17,1,2
BRDA:191,18,0,101
BRDA:191,18,1,1
BRDA:191,18,2,77
BRDA:195,19,0,77
BRDA:195,19,1,76
BRDA:206,20,0,77
BRDA:206,20,1,76
BRDA:222,21,0,1
BRDA:222,21,1,76
BRDA:224,22,0,2
BRDA:224,22,1,74
BRDA:260,23,0,0
BRDA:260,23,1,77
BRDA:300,24,0,0
BRDA:300,24,1,77
BRDA:307,25,0,0
BRDA:307,25,1,77
BRF:53
BRH:42
end_of_record
TN:
SF:src\modules\jobs\applications\services\applications.service.ts
FN:24,fetchApplications
FN:49,fetchApplicationsByJobSeeker
FN:58,fetchApplicationById
FN:67,createApplication
FN:78,approveApplication
FN:91,rejectApplication
FN:104,deleteApplication
FN:112,uploadCv
FN:128,fetchCvUrl
FN:137,deleteCv
FN:156,(anonymous_10)
FN:159,(anonymous_11)
FN:162,(anonymous_12)
FN:165,(anonymous_13)
FN:169,(anonymous_14)
FN:172,(anonymous_15)
FN:176,(anonymous_16)
FN:179,(anonymous_17)
FN:183,(anonymous_18)
FN:186,(anonymous_19)
FN:187,(anonymous_20)
FN:192,(anonymous_21)
FN:196,(anonymous_22)
FN:199,(anonymous_23)
FN:200,(anonymous_24)
FN:203,(anonymous_25)
FN:207,(anonymous_26)
FN:210,(anonymous_27)
FN:211,(anonymous_28)
FN:215,(anonymous_29)
FN:219,(anonymous_30)
FN:222,(anonymous_31)
FN:223,(anonymous_32)
FN:227,(anonymous_33)
FN:231,(anonymous_34)
FN:234,(anonymous_35)
FN:235,(anonymous_36)
FN:239,(anonymous_37)
FN:243,(anonymous_38)
FN:246,(anonymous_39)
FNF:40
FNH:17
FNDA:71,fetchApplications
FNDA:0,fetchApplicationsByJobSeeker
FNDA:26,fetchApplicationById
FNDA:0,createApplication
FNDA:3,approveApplication
FNDA:3,rejectApplication
FNDA:0,deleteApplication
FNDA:0,uploadCv
FNDA:22,fetchCvUrl
FNDA:0,deleteCv
FNDA:0,(anonymous_10)
FNDA:0,(anonymous_11)
FNDA:0,(anonymous_12)
FNDA:0,(anonymous_13)
FNDA:0,(anonymous_14)
FNDA:0,(anonymous_15)
FNDA:101,(anonymous_16)
FNDA:26,(anonymous_17)
FNDA:0,(anonymous_18)
FNDA:0,(anonymous_19)
FNDA:0,(anonymous_20)
FNDA:0,(anonymous_21)
FNDA:101,(anonymous_22)
FNDA:3,(anonymous_23)
FNDA:2,(anonymous_24)
FNDA:1,(anonymous_25)
FNDA:101,(anonymous_26)
FNDA:3,(anonymous_27)
FNDA:2,(anonymous_28)
FNDA:1,(anonymous_29)
FNDA:0,(anonymous_30)
FNDA:0,(anonymous_31)
FNDA:0,(anonymous_32)
FNDA:0,(anonymous_33)
FNDA:0,(anonymous_34)
FNDA:0,(anonymous_35)
FNDA:0,(anonymous_36)
FNDA:0,(anonymous_37)
FNDA:101,(anonymous_38)
FNDA:22,(anonymous_39)
DA:27,71
DA:29,71
DA:30,71
DA:31,0
DA:33,71
DA:34,71
DA:38,71
DA:39,71
DA:41,71
DA:42,70
DA:50,0
DA:51,0
DA:59,26
DA:60,24
DA:70,0
DA:71,0
DA:82,3
DA:83,3
DA:84,2
DA:95,3
DA:96,3
DA:97,2
DA:105,0
DA:113,0
DA:114,0
DA:116,0
DA:121,0
DA:129,22
DA:130,3
DA:138,0
DA:156,2
DA:159,0
DA:162,2
DA:165,0
DA:169,2
DA:172,0
DA:176,101
DA:179,26
DA:183,2
DA:184,0
DA:185,0
DA:186,0
DA:188,0
DA:189,0
DA:190,0
DA:192,0
DA:196,2
DA:197,101
DA:198,101
DA:199,3
DA:201,2
DA:203,1
DA:207,2
DA:208,101
DA:209,101
DA:210,3
DA:212,2
DA:213,2
DA:215,1
DA:219,2
DA:220,0
DA:221,0
DA:222,0
DA:224,0
DA:225,0
DA:227,0
DA:231,2
DA:232,0
DA:233,0
DA:234,0
DA:236,0
DA:237,0
DA:239,0
DA:243,101
DA:246,22
LF:75
LH:42
BRDA:29,0,0,71
BRDA:29,0,1,0
BRDA:30,1,0,0
BRDA:30,1,1,71
BRDA:33,2,0,71
BRDA:33,2,1,0
BRDA:39,3,0,71
BRDA:39,3,1,0
BRDA:82,4,0,1
BRDA:82,4,1,2
BRDA:95,5,0,1
BRDA:95,5,1,2
BRDA:158,6,0,0
BRDA:158,6,1,0
BRDA:162,7,0,0
BRDA:164,8,0,0
BRDA:164,8,1,0
BRDA:166,9,0,0
BRDA:166,9,1,0
BRDA:169,10,0,0
BRDA:171,11,0,0
BRDA:171,11,1,0
BRDA:173,12,0,0
BRDA:173,12,1,0
BRDA:176,13,0,101
BRDA:178,14,0,101
BRDA:178,14,1,0
BRDA:180,15,0,101
BRDA:180,15,1,101
BRDA:243,16,0,101
BRDA:245,17,0,101
BRDA:245,17,1,0
BRDA:247,18,0,101
BRDA:247,18,1,101
BRF:34
BRH:16
end_of_record
TN:
SF:src\modules\jobs\components\jobs\CreateJobPostModal.tsx
FN:17,(anonymous_0)
FN:18,(anonymous_1)
FN:19,(anonymous_2)
FN:23,(anonymous_3)
FN:24,(anonymous_4)
FN:59,CreateJobPostModal
FN:74,(anonymous_6)
FN:80,(anonymous_7)
FN:84,(anonymous_8)
FN:100,(anonymous_9)
FN:107,(anonymous_10)
FN:108,(anonymous_11)
FN:114,(anonymous_12)
FN:119,(anonymous_13)
FN:124,(anonymous_14)
FN:158,(anonymous_15)
FN:170,(anonymous_16)
FN:174,(anonymous_17)
FN:244,(anonymous_18)
FN:261,(anonymous_19)
FN:273,(anonymous_20)
FN:290,(anonymous_21)
FN:327,(anonymous_22)
FN:341,(anonymous_23)
FN:362,(anonymous_24)
FN:376,(anonymous_25)
FN:397,(anonymous_26)
FNF:27
FNH:19
FNDA:1,(anonymous_0)
FNDA:1,(anonymous_1)
FNDA:1,(anonymous_2)
FNDA:1,(anonymous_3)
FNDA:1,(anonymous_4)
FNDA:165,CreateJobPostModal
FNDA:30,(anonymous_6)
FNDA:21,(anonymous_7)
FNDA:30,(anonymous_8)
FNDA:3,(anonymous_9)
FNDA:2,(anonymous_10)
FNDA:2,(anonymous_11)
FNDA:0,(anonymous_12)
FNDA:0,(anonymous_13)
FNDA:2,(anonymous_14)
FNDA:16,(anonymous_15)
FNDA:0,(anonymous_16)
FNDA:0,(anonymous_17)
FNDA:34,(anonymous_18)
FNDA:18,(anonymous_19)
FNDA:0,(anonymous_20)
FNDA:0,(anonymous_21)
FNDA:12,(anonymous_22)
FNDA:12,(anonymous_23)
FNDA:22,(anonymous_24)
FNDA:0,(anonymous_25)
FNDA:0,(anonymous_26)
DA:17,2
DA:18,2
DA:19,1
DA:23,2
DA:24,1
DA:40,2
DA:65,165
DA:66,165
DA:67,165
DA:68,165
DA:69,165
DA:70,165
DA:71,165
DA:72,165
DA:73,165
DA:74,30
DA:77,165
DA:79,165
DA:80,21
DA:84,165
DA:85,30
DA:86,24
DA:87,24
DA:88,24
DA:91,6
DA:96,30
DA:98,30
DA:99,3
DA:100,3
DA:107,165
DA:108,2
DA:114,165
DA:115,0
DA:116,0
DA:119,165
DA:120,0
DA:121,0
DA:124,165
DA:125,2
DA:127,2
DA:128,0
DA:129,0
DA:132,2
DA:133,2
DA:134,2
DA:146,2
DA:147,1
DA:148,1
DA:149,2
DA:151,1
DA:152,1
DA:154,2
DA:158,165
DA:159,16
DA:170,0
DA:174,0
DA:199,165
DA:244,34
DA:261,18
DA:273,0
DA:290,0
DA:327,12
DA:341,12
DA:362,22
DA:377,0
DA:397,0
LF:66
LH:54
BRDA:74,0,0,9
BRDA:74,0,1,21
BRDA:80,1,0,21
BRDA:80,1,1,21
BRDA:85,2,0,24
BRDA:85,2,1,6
BRDA:93,3,0,6
BRDA:93,3,1,6
BRDA:98,4,0,3
BRDA:98,4,1,27
BRDA:98,5,0,30
BRDA:98,5,1,6
BRDA:102,6,0,3
BRDA:102,6,1,3
BRDA:127,7,0,0
BRDA:127,7,1,2
BRDA:139,8,0,0
BRDA:139,8,1,2
BRDA:140,9,0,0
BRDA:140,9,1,2
BRDA:206,10,0,42
BRDA:206,10,1,123
BRDA:210,11,0,16
BRDA:210,11,1,107
BRDA:226,12,0,107
BRDA:226,12,1,0
BRDA:294,13,0,0
BRDA:294,13,1,0
BRDA:295,14,0,0
BRDA:295,14,1,0
BRDA:310,15,0,107
BRDA:310,15,1,107
BRDA:400,16,0,107
BRDA:400,16,1,0
BRDA:408,17,0,2
BRDA:408,17,1,105
BRF:36
BRH:27
end_of_record
TN:
SF:src\modules\jobs\components\jobs\JobCard.tsx
FN:14,formatSalary
FN:24,JobCard
FN:28,(anonymous_2)
FN:34,(anonymous_3)
FN:39,(anonymous_4)
FN:44,(anonymous_5)
FN:61,(anonymous_6)
FN:78,(anonymous_7)
FNF:8
FNH:8
FNDA:96,formatSalary
FNDA:48,JobCard
FNDA:2,(anonymous_2)
FNDA:4,(anonymous_3)
FNDA:105,(anonymous_4)
FNDA:51,(anonymous_5)
FNDA:103,(anonymous_6)
FNDA:98,(anonymous_7)
DA:15,96
DA:18,3
DA:25,48
DA:26,48
DA:28,48
DA:31,2
DA:34,48
DA:35,4
DA:36,4
DA:39,48
DA:41,105
DA:42,105
DA:44,51
DA:46,48
DA:61,103
DA:79,98
LF:16
LH:16
BRDA:42,0,0,105
BRDA:42,0,1,0
BRDA:44,1,0,51
BRDA:44,1,1,0
BRDA:69,2,0,48
BRDA:69,2,1,22
BRDA:87,3,0,48
BRDA:87,3,1,6
BRDA:122,4,0,23
BRDA:122,4,1,25
BRF:10
BRH:8
end_of_record
TN:
SF:src\modules\jobs\components\jobs\JobFilters.tsx
FN:17,JobFilters
FN:55,(anonymous_1)
FN:81,(anonymous_2)
FN:100,(anonymous_3)
FN:116,(anonymous_4)
FNF:5
FNH:5
FNDA:18,JobFilters
FNDA:1,(anonymous_1)
FNDA:1,(anonymous_2)
FNDA:1,(anonymous_3)
FNDA:1,(anonymous_4)
DA:11,2
DA:20,18
DA:32,18
DA:34,18
DA:56,1
DA:57,1
DA:81,1
DA:100,1
DA:116,1
DA:124,18
LF:10
LH:10
BRDA:56,0,0,1
BRDA:56,0,1,0
BRDA:56,1,0,1
BRDA:56,1,1,1
BRF:4
BRH:3
end_of_record
TN:
SF:src\modules\jobs\components\jobs\MobileJobFilters.tsx
FN:22,MobileJobFilters
FN:64,(anonymous_1)
FN:74,(anonymous_2)
FNF:3
FNH:1
FNDA:14,MobileJobFilters
FNDA:0,(anonymous_1)
FNDA:0,(anonymous_2)
DA:28,14
DA:29,14
DA:30,14
DA:31,14
DA:33,14
DA:65,0
DA:66,0
DA:74,0
LF:8
LH:5
BRDA:30,0,0,14
BRDA:30,0,1,14
BRDA:47,1,0,0
BRDA:47,1,1,14
BRF:4
BRH:3
end_of_record
TN:
SF:src\modules\jobs\pages\JobsPage.tsx
FN:33,convertJobPostToJob
FN:60,JobsPage
FN:81,(anonymous_2)
FN:102,(anonymous_3)
FN:107,(anonymous_4)
FN:109,(anonymous_5)
FN:110,(anonymous_6)
FN:111,(anonymous_7)
FN:128,(anonymous_8)
FN:134,(anonymous_9)
FN:140,(anonymous_10)
FN:150,(anonymous_11)
FN:156,(anonymous_12)
FN:161,(anonymous_13)
FN:169,(anonymous_14)
FN:230,(anonymous_15)
FN:231,(anonymous_16)
FN:306,(anonymous_17)
FN:330,(anonymous_18)
FN:345,(anonymous_19)
FN:347,(anonymous_20)
FN:356,(anonymous_21)
FN:369,(anonymous_22)
FN:388,(anonymous_23)
FN:390,(anonymous_24)
FNF:25
FNH:17
FNDA:7,convertJobPostToJob
FNDA:18,JobsPage
FNDA:18,(anonymous_2)
FNDA:8,(anonymous_3)
FNDA:8,(anonymous_4)
FNDA:5,(anonymous_5)
FNDA:5,(anonymous_6)
FNDA:5,(anonymous_7)
FNDA:4,(anonymous_8)
FNDA:8,(anonymous_9)
FNDA:1,(anonymous_10)
FNDA:1,(anonymous_11)
FNDA:0,(anonymous_12)
FNDA:0,(anonymous_13)
FNDA:4,(anonymous_14)
FNDA:4,(anonymous_15)
FNDA:5,(anonymous_16)
FNDA:0,(anonymous_17)
FNDA:25,(anonymous_18)
FNDA:0,(anonymous_19)
FNDA:0,(anonymous_20)
FNDA:11,(anonymous_21)
FNDA:0,(anonymous_22)
FNDA:0,(anonymous_23)
FNDA:0,(anonymous_24)
DA:28,1
DA:36,7
DA:38,7
DA:61,18
DA:62,18
DA:63,18
DA:64,18
DA:65,18
DA:66,18
DA:67,18
DA:68,18
DA:69,18
DA:78,18
DA:80,18
DA:81,18
DA:100,18
DA:101,18
DA:102,8
DA:105,18
DA:106,18
DA:107,18
DA:109,18
DA:110,5
DA:111,5
DA:112,5
DA:113,4
DA:115,1
DA:116,1
DA:121,18
DA:122,18
DA:123,18
DA:124,18
DA:126,18
DA:128,18
DA:129,4
DA:130,0
DA:134,18
DA:135,8
DA:136,8
DA:137,8
DA:140,18
DA:141,1
DA:142,1
DA:143,1
DA:145,0
DA:147,1
DA:150,18
DA:151,1
DA:152,1
DA:153,1
DA:156,18
DA:157,0
DA:158,0
DA:161,18
DA:162,0
DA:163,0
DA:164,0
DA:167,18
DA:169,18
DA:170,4
DA:172,4
DA:173,4
DA:174,4
DA:176,4
DA:179,0
DA:181,0
DA:182,0
DA:185,0
DA:186,0
DA:188,0
DA:189,0
DA:190,0
DA:194,0
DA:195,0
DA:198,0
DA:199,0
DA:202,0
DA:205,18
DA:230,4
DA:232,5
DA:233,1
DA:234,1
DA:306,0
DA:331,25
DA:346,0
DA:347,0
DA:357,11
DA:358,0
DA:364,11
DA:370,0
DA:371,0
DA:389,0
DA:390,0
LF:93
LH:65
BRDA:41,0,0,7
BRDA:41,0,1,0
BRDA:62,1,0,18
BRDA:62,1,1,15
BRDA:68,2,0,18
BRDA:68,2,1,18
BRDA:82,3,0,18
BRDA:82,3,1,16
BRDA:83,4,0,18
BRDA:83,4,1,18
BRDA:84,5,0,0
BRDA:84,5,1,18
BRDA:87,6,0,0
BRDA:87,6,1,18
BRDA:88,7,0,0
BRDA:88,7,1,18
BRDA:102,8,0,8
BRDA:102,8,1,5
BRDA:105,9,0,2
BRDA:105,9,1,16
BRDA:110,10,0,5
BRDA:110,10,1,0
BRDA:112,11,0,4
BRDA:112,11,1,1
BRDA:129,12,0,0
BRDA:129,12,1,4
BRDA:142,13,0,1
BRDA:142,13,1,0
BRDA:172,14,0,4
BRDA:172,14,1,0
BRDA:181,15,0,0
BRDA:181,15,1,0
BRDA:189,16,0,0
BRDA:189,16,1,0
BRDA:194,17,0,0
BRDA:194,17,1,0
BRDA:198,18,0,0
BRDA:198,18,1,0
BRDA:206,19,0,0
BRDA:206,19,1,18
BRDA:232,20,0,1
BRDA:232,20,1,4
BRDA:242,21,0,18
BRDA:242,21,1,8
BRDA:266,22,0,5
BRDA:266,22,1,13
BRDA:268,23,0,2
BRDA:268,23,1,11
BRDA:269,24,0,2
BRDA:269,24,1,0
BRDA:305,25,0,0
BRDA:305,25,1,0
BRDA:321,26,0,0
BRDA:321,26,1,11
BRDA:339,27,0,18
BRDA:339,27,1,13
BRDA:339,27,2,11
BRDA:339,27,3,11
BRDA:351,28,0,11
BRDA:351,28,1,11
BRDA:352,29,0,11
BRDA:352,29,1,0
BRDA:357,30,0,0
BRDA:357,30,1,11
BRDA:375,31,0,11
BRDA:375,31,1,0
BRDA:394,32,0,11
BRDA:394,32,1,11
BRDA:395,33,0,11
BRDA:395,33,1,0
BRF:70
BRH:45
end_of_record
TN:
SF:src\modules\jobs\services\jobs.service.ts
FN:24,(anonymous_0)
FN:31,(anonymous_1)
FN:48,fetchJobs
FN:60,fetchJobById
FN:69,fetchJobsByEmployer
FN:78,createJob
FN:87,updateJob
FN:96,deleteJob
FN:111,(anonymous_8)
FN:114,(anonymous_9)
FN:117,(anonymous_10)
FN:120,(anonymous_11)
FN:124,(anonymous_12)
FN:127,(anonymous_13)
FN:131,(anonymous_14)
FN:134,(anonymous_15)
FN:135,(anonymous_16)
FN:139,(anonymous_17)
FN:143,(anonymous_18)
FN:146,(anonymous_19)
FN:147,(anonymous_20)
FN:152,(anonymous_21)
FN:156,(anonymous_22)
FN:159,(anonymous_23)
FN:160,(anonymous_24)
FN:164,(anonymous_25)
FNF:26
FNH:10
FNDA:5,(anonymous_0)
FNDA:0,(anonymous_1)
FNDA:5,fetchJobs
FNDA:0,fetchJobById
FNDA:19,fetchJobsByEmployer
FNDA:2,createJob
FNDA:0,updateJob
FNDA:0,deleteJob
FNDA:18,(anonymous_8)
FNDA:5,(anonymous_9)
FNDA:0,(anonymous_10)
FNDA:0,(anonymous_11)
FNDA:0,(anonymous_12)
FNDA:0,(anonymous_13)
FNDA:165,(anonymous_14)
FNDA:2,(anonymous_15)
FNDA:1,(anonymous_16)
FNDA:1,(anonymous_17)
FNDA:0,(anonymous_18)
FNDA:0,(anonymous_19)
FNDA:0,(anonymous_20)
FNDA:0,(anonymous_21)
FNDA:0,(anonymous_22)
FNDA:0,(anonymous_23)
FNDA:0,(anonymous_24)
FNDA:0,(anonymous_25)
DA:24,3
DA:25,5
DA:27,5
DA:28,5
DA:29,5
DA:30,5
DA:31,0
DA:33,5
DA:34,5
DA:35,5
DA:36,5
DA:37,0
DA:39,5
DA:40,0
DA:44,5
DA:45,5
DA:49,5
DA:50,5
DA:53,4
DA:61,0
DA:62,0
DA:70,19
DA:71,17
DA:79,2
DA:80,1
DA:88,0
DA:89,0
DA:97,0
DA:111,18
DA:114,5
DA:117,3
DA:120,0
DA:124,3
DA:127,0
DA:131,3
DA:132,165
DA:133,165
DA:134,2
DA:136,1
DA:137,1
DA:139,1
DA:143,3
DA:144,0
DA:145,0
DA:146,0
DA:148,0
DA:149,0
DA:150,0
DA:152,0
DA:156,3
DA:157,0
DA:158,0
DA:159,0
DA:161,0
DA:162,0
DA:164,0
LF:56
LH:33
BRDA:27,0,0,5
BRDA:27,0,1,0
BRDA:28,1,0,1
BRDA:28,1,1,4
BRDA:29,2,0,0
BRDA:29,2,1,5
BRDA:30,3,0,0
BRDA:30,3,1,5
BRDA:33,4,0,5
BRDA:33,4,1,0
BRDA:34,5,0,5
BRDA:34,5,1,0
BRDA:35,6,0,0
BRDA:35,6,1,5
BRDA:36,7,0,0
BRDA:36,7,1,5
BRDA:39,8,0,0
BRDA:39,8,1,5
BRDA:45,9,0,5
BRDA:45,9,1,0
BRDA:117,10,0,0
BRDA:119,11,0,0
BRDA:119,11,1,0
BRDA:121,12,0,0
BRDA:121,12,1,0
BRDA:124,13,0,0
BRDA:126,14,0,0
BRDA:126,14,1,0
BRDA:128,15,0,0
BRDA:128,15,1,0
BRF:30
BRH:11
end_of_record
TN:
SF:src\modules\profile\components\badges\BadgeCard.tsx
FN:14,BadgeCard
FNF:1
FNH:0
FNDA:0,BadgeCard
DA:21,0
LF:1
LH:0
BRDA:17,0,0,0
BRDA:18,1,0,0
BRDA:19,2,0,0
BRDA:25,3,0,0
BRDA:25,3,1,0
BRDA:28,4,0,0
BRDA:28,4,1,0
BRDA:31,5,0,0
BRDA:31,5,1,0
BRDA:37,6,0,0
BRDA:37,6,1,0
BRDA:38,7,0,0
BRDA:38,7,1,0
BRDA:42,8,0,0
BRDA:42,8,1,0
BRDA:45,9,0,0
BRDA:45,9,1,0
BRDA:48,10,0,0
BRDA:48,10,1,0
BRDA:55,11,0,0
BRDA:55,11,1,0
BRDA:56,12,0,0
BRDA:56,12,1,0
BRDA:57,13,0,0
BRDA:57,13,1,0
BRDA:62,14,0,0
BRDA:62,14,1,0
BRDA:66,15,0,0
BRDA:66,15,1,0
BRDA:73,16,0,0
BRDA:73,16,1,0
BRF:31
BRH:0
end_of_record
TN:
SF:src\modules\profile\components\badges\BadgesSection.tsx
FN:15,BadgesSection
FN:17,(anonymous_1)
FN:20,(anonymous_2)
FN:24,(anonymous_3)
FN:67,(anonymous_4)
FNF:5
FNH:1
FNDA:11,BadgesSection
FNDA:0,(anonymous_1)
FNDA:0,(anonymous_2)
FNDA:0,(anonymous_3)
FNDA:0,(anonymous_4)
DA:16,11
DA:17,11
DA:19,11
DA:20,0
DA:24,11
DA:25,0
DA:26,0
DA:28,0
DA:32,11
DA:33,8
DA:36,3
DA:68,0
LF:12
LH:7
BRDA:15,0,0,11
BRDA:15,1,0,11
BRDA:15,2,0,11
BRDA:25,3,0,0
BRDA:25,3,1,0
BRDA:32,4,0,8
BRDA:32,4,1,3
BRDA:32,5,0,11
BRDA:32,5,1,11
BRDA:41,6,0,3
BRDA:41,6,1,3
BRDA:52,7,0,0
BRDA:52,7,1,3
BRDA:54,8,0,0
BRDA:54,8,1,3
BRDA:61,9,0,0
BRDA:61,9,1,3
BRDA:65,10,0,0
BRDA:65,10,1,3
BRF:19
BRH:13
end_of_record
TN:
SF:src\modules\profile\components\profile\AboutSection.tsx
FN:11,AboutSection
FNF:1
FNH:1
FNDA:21,AboutSection
DA:12,21
DA:14,21
LF:2
LH:2
BRDA:11,0,0,21
BRDA:18,1,0,21
BRDA:18,1,1,9
BRDA:30,2,0,17
BRDA:30,2,1,4
BRDA:32,3,0,2
BRDA:32,3,1,2
BRF:7
BRH:7
end_of_record
TN:
SF:src\modules\profile\components\profile\ActivityItem.tsx
FN:9,ActivityItem
FN:23,(anonymous_1)
FNF:2
FNH:1
FNDA:1,ActivityItem
FNDA:0,(anonymous_1)
DA:10,1
DA:12,1
DA:13,1
DA:17,1
DA:24,0
DA:25,0
DA:26,0
LF:7
LH:4
BRDA:10,0,0,1
BRDA:10,0,1,0
BRDA:13,1,0,1
BRDA:13,1,1,0
BRDA:20,2,0,1
BRDA:20,2,1,0
BRDA:21,3,0,1
BRDA:21,3,1,0
BRDA:22,4,0,1
BRDA:22,4,1,0
BRDA:24,5,0,0
BRDA:24,5,1,0
BRDA:24,6,0,0
BRDA:24,6,1,0
BRDA:24,6,2,0
BRDA:40,7,0,1
BRDA:40,7,1,1
BRF:17
BRH:7
end_of_record
TN:
SF:src\modules\profile\components\profile\ActivityTab.tsx
FN:19,ActivityTab
FN:32,(anonymous_1)
FN:35,(anonymous_2)
FN:53,(anonymous_3)
FN:59,(anonymous_4)
FN:129,(anonymous_5)
FN:133,(anonymous_6)
FNF:7
FNH:4
FNDA:3,ActivityTab
FNDA:2,(anonymous_1)
FNDA:1,(anonymous_2)
FNDA:0,(anonymous_3)
FNDA:0,(anonymous_4)
FNDA:1,(anonymous_5)
FNDA:0,(anonymous_6)
DA:20,3
DA:21,3
DA:22,3
DA:23,3
DA:24,3
DA:26,3
DA:32,3
DA:33,2
DA:35,1
DA:36,1
DA:37,1
DA:39,1
DA:40,1
DA:41,1
DA:43,0
DA:44,0
DA:46,1
DA:50,1
DA:53,3
DA:54,0
DA:55,0
DA:59,3
DA:60,0
DA:61,0
DA:64,0
DA:67,0
DA:70,0
DA:72,0
DA:74,0
DA:75,0
DA:77,0
DA:81,3
DA:82,1
DA:85,2
DA:86,0
DA:93,2
DA:94,1
DA:101,1
DA:130,1
DA:133,0
LF:40
LH:25
BRDA:33,0,0,1
BRDA:33,0,1,1
BRDA:54,1,0,0
BRDA:54,1,1,0
BRDA:54,2,0,0
BRDA:54,2,1,0
BRDA:81,3,0,1
BRDA:81,3,1,2
BRDA:85,4,0,0
BRDA:85,4,1,2
BRDA:93,5,0,1
BRDA:93,5,1,1
BRDA:93,6,0,2
BRDA:93,6,1,1
BRDA:103,7,0,1
BRDA:103,7,1,1
BRDA:111,8,0,0
BRDA:111,8,1,1
BRDA:116,9,0,0
BRDA:116,9,1,1
BRDA:121,10,0,3
BRDA:121,10,1,0
BRF:22
BRH:14
end_of_record
TN:
SF:src\modules\profile\components\profile\DeleteAccountModal.tsx
FN:14,Modal
FN:41,DeleteAccountModal
FN:52,(anonymous_2)
FN:58,(anonymous_3)
FN:106,(anonymous_4)
FN:135,(anonymous_5)
FN:143,(anonymous_6)
FNF:7
FNH:2
FNDA:5,Modal
FNDA:5,DeleteAccountModal
FNDA:0,(anonymous_2)
FNDA:0,(anonymous_3)
FNDA:0,(anonymous_4)
FNDA:0,(anonymous_5)
FNDA:0,(anonymous_6)
DA:20,5
DA:22,0
DA:47,5
DA:48,5
DA:49,5
DA:50,5
DA:52,5
DA:53,0
DA:54,0
DA:55,0
DA:58,5
DA:59,0
DA:60,0
DA:61,0
DA:65,5
DA:67,5
DA:106,0
DA:135,0
DA:143,0
LF:19
LH:9
BRDA:20,0,0,5
BRDA:20,0,1,0
BRDA:59,1,0,0
BRDA:59,1,1,0
BRDA:69,2,0,5
BRDA:69,2,1,5
BRDA:115,3,0,5
BRDA:115,3,1,0
BRDA:149,4,0,0
BRDA:149,4,1,0
BRDA:152,5,0,0
BRDA:152,5,1,0
BRF:12
BRH:4
end_of_record
TN:
SF:src\modules\profile\components\profile\EducationItem.tsx
FN:22,EducationItem
FN:38,(anonymous_1)
FN:45,(anonymous_2)
FNF:3
FNH:1
FNDA:20,EducationItem
FNDA:0,(anonymous_1)
FNDA:0,(anonymous_2)
DA:23,20
DA:24,20
DA:25,20
DA:26,20
DA:27,20
DA:31,20
DA:38,0
DA:45,0
LF:8
LH:6
BRDA:22,0,0,20
BRDA:24,1,0,20
BRDA:24,1,1,20
BRDA:24,1,2,0
BRDA:27,2,0,20
BRDA:27,2,1,0
BRDA:33,3,0,20
BRDA:33,3,1,7
BRDA:63,4,0,20
BRDA:63,4,1,20
BRF:10
BRH:8
end_of_record
TN:
SF:src\modules\profile\components\profile\EducationSection.tsx
FN:24,EducationSection
FN:46,(anonymous_1)
FNF:2
FNH:2
FNDA:19,EducationSection
FNDA:20,(anonymous_1)
DA:31,19
DA:33,19
DA:47,20
LF:3
LH:3
BRDA:29,0,0,19
BRDA:37,1,0,19
BRDA:37,1,1,7
BRDA:44,2,0,16
BRDA:44,2,1,3
BRDA:50,3,0,13
BRDA:50,3,1,7
BRDA:51,4,0,13
BRDA:51,4,1,7
BRDA:56,5,0,1
BRDA:56,5,1,2
BRF:11
BRH:11
end_of_record
TN:
SF:src\modules\profile\components\profile\ExperienceItem.tsx
FN:21,ExperienceItem
FN:40,(anonymous_1)
FN:47,(anonymous_2)
FNF:3
FNH:1
FNDA:20,ExperienceItem
FNDA:0,(anonymous_1)
FNDA:0,(anonymous_2)
DA:22,20
DA:23,20
DA:24,20
DA:28,20
DA:29,20
DA:33,20
DA:40,0
DA:47,0
LF:8
LH:6
BRDA:21,0,0,20
BRDA:23,1,0,20
BRDA:23,1,1,20
BRDA:23,1,2,0
BRDA:29,2,0,4
BRDA:29,2,1,16
BRDA:35,3,0,20
BRDA:35,3,1,7
BRDA:65,4,0,20
BRDA:65,4,1,20
BRF:10
BRH:9
end_of_record
TN:
SF:src\modules\profile\components\profile\ExperienceSection.tsx
FN:23,ExperienceSection
FN:45,(anonymous_1)
FNF:2
FNH:2
FNDA:19,ExperienceSection
FNDA:20,(anonymous_1)
DA:30,19
DA:32,19
DA:46,20
LF:3
LH:3
BRDA:28,0,0,19
BRDA:36,1,0,19
BRDA:36,1,1,7
BRDA:43,2,0,16
BRDA:43,2,1,3
BRDA:49,3,0,13
BRDA:49,3,1,7
BRDA:50,4,0,13
BRDA:50,4,1,7
BRDA:55,5,0,1
BRDA:55,5,1,2
BRF:11
BRH:11
end_of_record
TN:
SF:src\modules\profile\components\profile\InterestsSection.tsx
FN:17,InterestsSection
FN:43,(anonymous_1)
FN:54,(anonymous_2)
FNF:3
FNH:2
FNDA:3,InterestsSection
FNDA:4,(anonymous_1)
FNDA:0,(anonymous_2)
DA:23,3
DA:25,3
DA:44,4
DA:54,0
LF:4
LH:3
BRDA:21,0,0,3
BRDA:29,1,0,3
BRDA:29,1,1,3
BRDA:41,2,0,2
BRDA:41,2,1,1
BRDA:49,3,0,4
BRDA:49,3,1,4
BRDA:62,4,0,0
BRDA:62,4,1,1
BRF:9
BRH:8
end_of_record
TN:
SF:src\modules\profile\components\profile\PostsTab.tsx
FN:9,PostsTab
FN:13,(anonymous_1)
FN:17,(anonymous_2)
FN:40,(anonymous_3)
FN:43,(anonymous_4)
FN:47,(anonymous_5)
FN:60,(anonymous_6)
FNF:7
FNH:4
FNDA:1,PostsTab
FNDA:0,(anonymous_1)
FNDA:4,(anonymous_2)
FNDA:2,(anonymous_3)
FNDA:0,(anonymous_4)
FNDA:0,(anonymous_5)
FNDA:3,(anonymous_6)
DA:10,1
DA:11,1
DA:13,1
DA:14,0
DA:17,1
DA:18,4
DA:19,4
DA:20,4
DA:21,4
DA:23,4
DA:24,4
DA:25,4
DA:26,0
DA:27,0
DA:29,4
DA:30,4
DA:33,1
DA:41,2
DA:43,0
DA:48,0
DA:49,0
DA:61,3
LF:22
LH:16
BRDA:23,0,0,0
BRDA:23,0,1,4
BRDA:24,1,0,0
BRDA:24,1,1,4
BRDA:25,2,0,0
BRDA:25,2,1,4
BRDA:35,3,0,0
BRDA:35,3,1,1
BRDA:48,4,0,0
BRDA:48,4,1,0
BRDA:48,5,0,0
BRDA:48,5,1,0
BRDA:58,6,0,2
BRDA:58,6,1,2
BRDA:58,6,2,2
BRDA:73,7,0,0
BRDA:73,7,1,2
BRDA:81,8,0,0
BRDA:81,8,1,2
BRF:19
BRH:9
end_of_record
TN:
SF:src\modules\profile\components\profile\ProfileEditModals.tsx
FN:97,Modal
FN:117,EditBioModal
FN:121,(anonymous_2)
FN:127,(anonymous_3)
FN:141,(anonymous_4)
FN:163,ExperienceModal
FN:174,(anonymous_6)
FN:187,(anonymous_7)
FN:188,(anonymous_8)
FN:191,(anonymous_9)
FN:200,(anonymous_10)
FN:222,(anonymous_11)
FN:237,(anonymous_12)
FN:251,(anonymous_13)
FN:263,(anonymous_14)
FN:274,(anonymous_15)
FN:292,(anonymous_16)
FN:316,EducationModal
FN:328,(anonymous_18)
FN:342,(anonymous_19)
FN:343,(anonymous_20)
FN:346,(anonymous_21)
FN:355,(anonymous_22)
FN:377,(anonymous_23)
FN:392,(anonymous_24)
FN:406,(anonymous_25)
FN:420,(anonymous_26)
FN:432,(anonymous_27)
FN:443,(anonymous_28)
FN:461,(anonymous_29)
FN:485,SkillModal
FN:489,(anonymous_31)
FN:495,(anonymous_32)
FN:521,(anonymous_33)
FN:533,(anonymous_34)
FN:559,InterestModal
FN:563,(anonymous_36)
FN:569,(anonymous_37)
FN:595,(anonymous_38)
FN:610,(anonymous_39)
FN:636,CreateProfileModal
FN:642,(anonymous_41)
FN:653,(anonymous_42)
FN:677,(anonymous_43)
FN:689,(anonymous_44)
FN:702,(anonymous_45)
FN:726,ImageUploadModal
FN:739,(anonymous_47)
FN:745,(anonymous_48)
FN:755,(anonymous_49)
FN:766,(anonymous_50)
FN:769,(anonymous_51)
FN:776,(anonymous_52)
FN:783,(anonymous_53)
FN:789,(anonymous_54)
FN:843,(anonymous_55)
FNF:56
FNH:20
FNDA:49,Modal
FNDA:5,EditBioModal
FNDA:3,(anonymous_2)
FNDA:0,(anonymous_3)
FNDA:0,(anonymous_4)
FNDA:5,ExperienceModal
FNDA:3,(anonymous_6)
FNDA:0,(anonymous_7)
FNDA:0,(anonymous_8)
FNDA:0,(anonymous_9)
FNDA:5,(anonymous_10)
FNDA:0,(anonymous_11)
FNDA:0,(anonymous_12)
FNDA:0,(anonymous_13)
FNDA:0,(anonymous_14)
FNDA:0,(anonymous_15)
FNDA:0,(anonymous_16)
FNDA:5,EducationModal
FNDA:3,(anonymous_18)
FNDA:0,(anonymous_19)
FNDA:0,(anonymous_20)
FNDA:0,(anonymous_21)
FNDA:5,(anonymous_22)
FNDA:0,(anonymous_23)
FNDA:0,(anonymous_24)
FNDA:0,(anonymous_25)
FNDA:0,(anonymous_26)
FNDA:0,(anonymous_27)
FNDA:0,(anonymous_28)
FNDA:0,(anonymous_29)
FNDA:5,SkillModal
FNDA:3,(anonymous_31)
FNDA:0,(anonymous_32)
FNDA:0,(anonymous_33)
FNDA:0,(anonymous_34)
FNDA:5,InterestModal
FNDA:3,(anonymous_36)
FNDA:0,(anonymous_37)
FNDA:0,(anonymous_38)
FNDA:0,(anonymous_39)
FNDA:19,CreateProfileModal
FNDA:1,(anonymous_41)
FNDA:0,(anonymous_42)
FNDA:3,(anonymous_43)
FNDA:8,(anonymous_44)
FNDA:7,(anonymous_45)
FNDA:6,ImageUploadModal
FNDA:3,(anonymous_47)
FNDA:0,(anonymous_48)
FNDA:0,(anonymous_49)
FNDA:0,(anonymous_50)
FNDA:0,(anonymous_51)
FNDA:0,(anonymous_52)
FNDA:0,(anonymous_53)
FNDA:0,(anonymous_54)
FNDA:0,(anonymous_55)
DA:98,49
DA:100,19
DA:118,5
DA:119,5
DA:121,5
DA:122,3
DA:123,0
DA:127,5
DA:128,0
DA:129,0
DA:132,5
DA:141,0
DA:164,5
DA:172,5
DA:174,5
DA:175,3
DA:176,0
DA:187,5
DA:188,0
DA:191,5
DA:192,0
DA:193,0
DA:194,0
DA:196,0
DA:197,0
DA:200,5
DA:201,5
DA:204,5
DA:222,0
DA:237,0
DA:251,0
DA:263,0
DA:275,0
DA:276,0
DA:292,0
DA:317,5
DA:326,5
DA:328,5
DA:329,3
DA:330,0
DA:342,5
DA:343,0
DA:346,5
DA:347,0
DA:348,0
DA:349,0
DA:351,0
DA:352,0
DA:355,5
DA:356,5
DA:359,5
DA:377,0
DA:392,0
DA:406,0
DA:420,0
DA:432,0
DA:444,0
DA:445,0
DA:461,0
DA:486,5
DA:487,5
DA:489,5
DA:490,3
DA:491,0
DA:495,5
DA:496,0
DA:497,0
DA:498,0
DA:500,0
DA:501,0
DA:504,5
DA:521,0
DA:534,0
DA:535,0
DA:560,5
DA:561,5
DA:563,5
DA:564,3
DA:565,0
DA:569,5
DA:570,0
DA:571,0
DA:572,0
DA:574,0
DA:575,0
DA:578,5
DA:595,0
DA:611,0
DA:612,0
DA:637,19
DA:638,19
DA:639,19
DA:640,19
DA:642,19
DA:643,1
DA:644,1
DA:649,1
DA:653,19
DA:654,0
DA:655,0
DA:656,0
DA:657,0
DA:660,19
DA:677,3
DA:689,8
DA:702,7
DA:734,6
DA:735,6
DA:736,6
DA:737,6
DA:739,6
DA:740,3
DA:741,3
DA:745,6
DA:746,0
DA:747,0
DA:748,0
DA:749,0
DA:750,0
DA:751,0
DA:755,6
DA:756,0
DA:757,0
DA:758,0
DA:760,0
DA:761,0
DA:762,0
DA:766,6
DA:767,0
DA:768,0
DA:769,0
DA:770,0
DA:772,0
DA:776,6
DA:777,0
DA:778,0
DA:779,0
DA:783,6
DA:784,0
DA:785,0
DA:789,6
DA:790,0
DA:791,0
DA:792,0
DA:794,0
DA:797,6
DA:843,0
LF:147
LH:65
BRDA:98,0,0,30
BRDA:98,0,1,19
BRDA:117,1,0,5
BRDA:118,2,0,5
BRDA:118,2,1,0
BRDA:122,3,0,0
BRDA:122,3,1,3
BRDA:123,4,0,0
BRDA:123,4,1,0
BRDA:128,5,0,0
BRDA:128,5,1,0
BRDA:140,6,0,5
BRDA:140,6,1,0
BRDA:148,7,0,5
BRDA:148,7,1,0
BRDA:175,8,0,0
BRDA:175,8,1,3
BRDA:177,9,0,0
BRDA:177,9,1,0
BRDA:178,10,0,0
BRDA:178,10,1,0
BRDA:179,11,0,0
BRDA:179,11,1,0
BRDA:180,12,0,0
BRDA:180,12,1,0
BRDA:181,13,0,0
BRDA:181,13,1,0
BRDA:182,14,0,0
BRDA:182,14,1,0
BRDA:193,15,0,0
BRDA:193,15,1,0
BRDA:201,16,0,5
BRDA:201,16,1,0
BRDA:201,16,2,0
BRDA:208,17,0,0
BRDA:208,17,1,5
BRDA:276,18,0,0
BRDA:276,18,1,0
BRDA:305,19,0,0
BRDA:305,19,1,5
BRDA:329,20,0,0
BRDA:329,20,1,3
BRDA:331,21,0,0
BRDA:331,21,1,0
BRDA:332,22,0,0
BRDA:332,22,1,0
BRDA:333,23,0,0
BRDA:333,23,1,0
BRDA:334,24,0,0
BRDA:334,24,1,0
BRDA:335,25,0,0
BRDA:335,25,1,0
BRDA:336,26,0,0
BRDA:336,26,1,0
BRDA:337,27,0,0
BRDA:337,27,1,0
BRDA:348,28,0,0
BRDA:348,28,1,0
BRDA:356,29,0,5
BRDA:356,29,1,0
BRDA:356,29,2,0
BRDA:356,29,3,0
BRDA:363,30,0,0
BRDA:363,30,1,5
BRDA:445,31,0,0
BRDA:445,31,1,0
BRDA:474,32,0,0
BRDA:474,32,1,5
BRDA:490,33,0,0
BRDA:490,33,1,3
BRDA:491,34,0,0
BRDA:491,34,1,0
BRDA:497,35,0,0
BRDA:497,35,1,0
BRDA:508,36,0,0
BRDA:508,36,1,5
BRDA:530,37,0,5
BRDA:530,37,1,0
BRDA:530,37,2,0
BRDA:549,38,0,0
BRDA:549,38,1,5
BRDA:564,39,0,0
BRDA:564,39,1,3
BRDA:565,40,0,0
BRDA:565,40,1,0
BRDA:571,41,0,0
BRDA:571,41,1,0
BRDA:582,42,0,0
BRDA:582,42,1,5
BRDA:607,43,0,5
BRDA:607,43,1,0
BRDA:607,43,2,0
BRDA:626,44,0,0
BRDA:626,44,1,5
BRDA:643,45,0,1
BRDA:643,45,1,0
BRDA:643,46,0,1
BRDA:643,46,1,1
BRDA:647,47,0,1
BRDA:647,47,1,0
BRDA:716,48,0,19
BRDA:716,48,1,18
BRDA:732,49,0,6
BRDA:740,50,0,3
BRDA:740,50,1,0
BRDA:748,51,0,0
BRDA:748,51,1,0
BRDA:748,52,0,0
BRDA:748,52,1,0
BRDA:750,53,0,0
BRDA:750,53,1,0
BRDA:761,54,0,0
BRDA:761,54,1,0
BRDA:767,55,0,0
BRDA:767,55,1,0
BRDA:778,56,0,0
BRDA:778,56,1,0
BRDA:784,57,0,0
BRDA:784,57,1,0
BRDA:791,58,0,0
BRDA:791,58,1,0
BRDA:801,59,0,6
BRDA:801,59,1,5
BRDA:801,59,2,5
BRDA:814,60,0,6
BRDA:814,60,1,0
BRDA:829,61,0,0
BRDA:829,61,1,6
BRDA:863,62,0,6
BRDA:863,62,1,5
BRDA:863,62,2,5
BRDA:881,63,0,6
BRDA:881,63,1,0
BRDA:883,64,0,0
BRDA:883,64,1,6
BRF:135
BRH:41
end_of_record
TN:
SF:src\modules\profile\components\profile\ProfileHeader.tsx
FN:28,ProfileHeader
FN:41,(anonymous_1)
FNF:2
FNH:2
FNDA:8,ProfileHeader
FNDA:6,(anonymous_1)
DA:40,8
DA:41,8
DA:42,8
DA:43,8
DA:49,8
DA:51,8
LF:6
LH:6
BRDA:34,0,0,8
BRDA:35,1,0,8
BRDA:38,2,0,8
BRDA:43,3,0,5
BRDA:43,3,1,3
BRDA:83,4,0,8
BRDA:83,4,1,0
BRDA:83,4,2,0
BRF:8
BRH:6
end_of_record
TN:
SF:src\modules\profile\components\profile\SkillsSection.tsx
FN:18,SkillsSection
FN:39,(anonymous_1)
FN:50,(anonymous_2)
FNF:3
FNH:3
FNDA:6,SkillsSection
FNDA:10,(anonymous_1)
FNDA:1,(anonymous_2)
DA:19,6
DA:21,6
DA:40,10
DA:50,1
LF:4
LH:4
BRDA:18,0,0,6
BRDA:25,1,0,6
BRDA:25,1,1,6
BRDA:37,2,0,4
BRDA:37,2,1,2
BRDA:45,3,0,10
BRDA:45,3,1,10
BRDA:58,4,0,0
BRDA:58,4,1,2
BRF:9
BRH:8
end_of_record
TN:
SF:src\modules\profile\constants\badges.ts
FN:201,(anonymous_0)
FN:202,(anonymous_1)
FN:205,(anonymous_2)
FNF:3
FNH:0
FNDA:0,(anonymous_0)
FNDA:0,(anonymous_1)
FNDA:0,(anonymous_2)
DA:37,2
DA:193,2
DA:201,2
DA:202,0
DA:205,2
DA:206,0
LF:6
LH:4
BRF:0
BRH:0
end_of_record
TN:
SF:src\modules\profile\pages\ProfilePage.tsx
FN:66,ProfilePage
FN:97,(anonymous_1)
FN:133,(anonymous_2)
FN:134,(anonymous_3)
FN:138,(anonymous_4)
FN:139,(anonymous_5)
FN:143,(anonymous_6)
FN:144,(anonymous_7)
FN:148,(anonymous_8)
FN:149,(anonymous_9)
FN:153,(anonymous_10)
FN:154,(anonymous_11)
FN:158,(anonymous_12)
FN:159,(anonymous_13)
FN:163,(anonymous_14)
FN:164,(anonymous_15)
FN:168,(anonymous_16)
FN:169,(anonymous_17)
FN:173,(anonymous_18)
FN:174,(anonymous_19)
FN:178,(anonymous_20)
FN:179,(anonymous_21)
FN:182,(anonymous_22)
FN:200,(anonymous_23)
FN:203,(anonymous_24)
FN:204,(anonymous_25)
FN:211,(anonymous_26)
FN:220,(anonymous_27)
FN:242,(anonymous_28)
FN:264,(anonymous_29)
FN:268,(anonymous_30)
FN:272,(anonymous_31)
FN:276,(anonymous_32)
FN:280,(anonymous_33)
FN:284,(anonymous_34)
FN:288,(anonymous_35)
FN:292,(anonymous_36)
FN:296,(anonymous_37)
FN:300,(anonymous_38)
FN:319,(anonymous_39)
FN:320,(anonymous_40)
FN:351,(anonymous_41)
FN:363,(anonymous_42)
FN:386,(anonymous_43)
FN:395,(anonymous_44)
FN:413,(anonymous_45)
FN:444,(anonymous_46)
FN:453,(anonymous_47)
FN:490,(anonymous_48)
FN:501,(anonymous_49)
FN:512,(anonymous_50)
FN:528,(anonymous_51)
FN:535,(anonymous_52)
FN:538,(anonymous_53)
FN:539,(anonymous_54)
FN:550,(anonymous_55)
FN:553,(anonymous_56)
FN:554,(anonymous_57)
FN:572,(anonymous_58)
FN:586,(anonymous_59)
FN:587,(anonymous_60)
FN:588,(anonymous_61)
FN:595,(anonymous_62)
FN:596,(anonymous_63)
FN:597,(anonymous_64)
FN:631,(anonymous_65)
FN:638,(anonymous_66)
FN:645,(anonymous_67)
FN:652,(anonymous_68)
FN:660,(anonymous_69)
FN:668,(anonymous_70)
FN:677,(anonymous_71)
FNF:72
FNH:9
FNDA:46,ProfilePage
FNDA:20,(anonymous_1)
FNDA:1,(anonymous_2)
FNDA:0,(anonymous_3)
FNDA:0,(anonymous_4)
FNDA:0,(anonymous_5)
FNDA:0,(anonymous_6)
FNDA:0,(anonymous_7)
FNDA:0,(anonymous_8)
FNDA:0,(anonymous_9)
FNDA:0,(anonymous_10)
FNDA:0,(anonymous_11)
FNDA:0,(anonymous_12)
FNDA:0,(anonymous_13)
FNDA:0,(anonymous_14)
FNDA:0,(anonymous_15)
FNDA:0,(anonymous_16)
FNDA:0,(anonymous_17)
FNDA:0,(anonymous_18)
FNDA:0,(anonymous_19)
FNDA:0,(anonymous_20)
FNDA:0,(anonymous_21)
FNDA:0,(anonymous_22)
FNDA:0,(anonymous_23)
FNDA:0,(anonymous_24)
FNDA:0,(anonymous_25)
FNDA:1,(anonymous_26)
FNDA:0,(anonymous_27)
FNDA:0,(anonymous_28)
FNDA:0,(anonymous_29)
FNDA:0,(anonymous_30)
FNDA:0,(anonymous_31)
FNDA:0,(anonymous_32)
FNDA:0,(anonymous_33)
FNDA:0,(anonymous_34)
FNDA:0,(anonymous_35)
FNDA:0,(anonymous_36)
FNDA:0,(anonymous_37)
FNDA:0,(anonymous_38)
FNDA:26,(anonymous_39)
FNDA:0,(anonymous_40)
FNDA:1,(anonymous_41)
FNDA:24,(anonymous_42)
FNDA:0,(anonymous_43)
FNDA:0,(anonymous_44)
FNDA:0,(anonymous_45)
FNDA:0,(anonymous_46)
FNDA:0,(anonymous_47)
FNDA:0,(anonymous_48)
FNDA:1,(anonymous_49)
FNDA:1,(anonymous_50)
FNDA:0,(anonymous_51)
FNDA:0,(anonymous_52)
FNDA:0,(anonymous_53)
FNDA:0,(anonymous_54)
FNDA:0,(anonymous_55)
FNDA:0,(anonymous_56)
FNDA:0,(anonymous_57)
FNDA:0,(anonymous_58)
FNDA:0,(anonymous_59)
FNDA:0,(anonymous_60)
FNDA:0,(anonymous_61)
FNDA:0,(anonymous_62)
FNDA:0,(anonymous_63)
FNDA:0,(anonymous_64)
FNDA:0,(anonymous_65)
FNDA:0,(anonymous_66)
FNDA:0,(anonymous_67)
FNDA:0,(anonymous_68)
FNDA:0,(anonymous_69)
FNDA:0,(anonymous_70)
FNDA:0,(anonymous_71)
DA:67,46
DA:68,46
DA:69,46
DA:70,46
DA:71,46
DA:72,46
DA:73,46
DA:74,46
DA:75,46
DA:76,46
DA:77,46
DA:78,46
DA:80,46
DA:81,46
DA:83,46
DA:84,46
DA:85,46
DA:90,46
DA:91,46
DA:92,46
DA:94,46
DA:95,46
DA:97,46
DA:98,20
DA:99,11
DA:101,11
DA:102,0
DA:104,11
DA:107,9
DA:108,5
DA:109,5
DA:112,4
DA:113,1
DA:114,1
DA:115,1
DA:120,46
DA:127,46
DA:128,46
DA:129,46
DA:130,46
DA:132,46
DA:133,1
DA:134,0
DA:137,46
DA:138,0
DA:139,0
DA:142,46
DA:143,0
DA:144,0
DA:147,46
DA:148,0
DA:149,0
DA:152,46
DA:153,0
DA:154,0
DA:157,46
DA:158,0
DA:159,0
DA:162,46
DA:163,0
DA:164,0
DA:167,46
DA:168,0
DA:169,0
DA:172,46
DA:173,0
DA:174,0
DA:177,46
DA:178,0
DA:179,0
DA:182,46
DA:183,0
DA:184,0
DA:186,0
DA:187,0
DA:189,0
DA:190,0
DA:192,0
DA:193,0
DA:195,0
DA:196,0
DA:198,0
DA:200,0
DA:203,46
DA:204,0
DA:205,0
DA:206,0
DA:207,0
DA:208,0
DA:211,46
DA:216,1
DA:217,1
DA:220,46
DA:221,0
DA:222,0
DA:223,0
DA:224,0
DA:225,0
DA:226,0
DA:232,0
DA:233,0
DA:235,0
DA:237,0
DA:238,0
DA:242,46
DA:243,0
DA:244,0
DA:245,0
DA:246,0
DA:247,0
DA:248,0
DA:254,0
DA:255,0
DA:257,0
DA:259,0
DA:260,0
DA:264,46
DA:265,0
DA:268,46
DA:269,0
DA:272,46
DA:273,0
DA:276,46
DA:277,0
DA:280,46
DA:281,0
DA:284,46
DA:285,0
DA:288,46
DA:289,0
DA:292,46
DA:293,0
DA:296,46
DA:297,0
DA:300,46
DA:301,0
DA:302,0
DA:303,0
DA:305,0
DA:307,0
DA:308,0
DA:310,0
DA:312,0
DA:313,0
DA:315,0
DA:319,46
DA:320,26
DA:321,0
DA:322,0
DA:323,0
DA:324,0
DA:326,0
DA:327,0
DA:328,0
DA:331,46
DA:332,14
DA:335,32
DA:336,5
DA:346,27
DA:347,1
DA:351,1
DA:358,26
DA:360,26
DA:361,46
DA:362,46
DA:363,46
DA:364,46
DA:368,46
DA:377,46
DA:387,0
DA:396,0
DA:413,0
DA:445,0
DA:454,0
DA:490,0
DA:501,1
DA:512,1
DA:528,0
DA:535,0
DA:539,0
DA:540,0
DA:550,0
DA:554,0
DA:555,0
DA:572,0
DA:586,0
DA:588,0
DA:589,0
DA:595,0
DA:597,0
DA:598,0
DA:631,0
DA:638,0
DA:645,0
DA:652,0
DA:660,0
DA:668,0
DA:677,0
LF:198
LH:86
BRDA:80,0,0,24
BRDA:80,0,1,22
BRDA:81,1,0,19
BRDA:81,1,1,27
BRDA:81,2,0,19
BRDA:81,2,1,0
BRDA:85,3,0,19
BRDA:85,3,1,27
BRDA:92,4,0,19
BRDA:92,4,1,27
BRDA:94,5,0,46
BRDA:94,5,1,22
BRDA:98,6,0,11
BRDA:98,6,1,9
BRDA:101,7,0,0
BRDA:101,7,1,11
BRDA:107,8,0,5
BRDA:107,8,1,4
BRDA:112,9,0,1
BRDA:112,9,1,3
BRDA:114,10,0,1
BRDA:114,10,1,0
BRDA:114,11,0,1
BRDA:114,11,1,0
BRDA:183,12,0,0
BRDA:183,12,1,0
BRDA:184,13,0,0
BRDA:184,13,1,0
BRDA:184,13,2,0
BRDA:184,13,3,0
BRDA:184,13,4,0
BRDA:186,14,0,0
BRDA:186,14,1,0
BRDA:189,15,0,0
BRDA:189,15,1,0
BRDA:192,16,0,0
BRDA:192,16,1,0
BRDA:195,17,0,0
BRDA:195,17,1,0
BRDA:205,18,0,0
BRDA:205,18,1,0
BRDA:206,19,0,0
BRDA:206,19,1,0
BRDA:207,20,0,0
BRDA:207,20,1,0
BRDA:208,21,0,0
BRDA:208,21,1,0
BRDA:225,22,0,0
BRDA:225,22,1,0
BRDA:247,23,0,0
BRDA:247,23,1,0
BRDA:313,24,0,0
BRDA:313,24,1,0
BRDA:321,25,0,0
BRDA:321,25,1,0
BRDA:321,26,0,0
BRDA:321,26,1,0
BRDA:322,27,0,0
BRDA:322,27,1,0
BRDA:322,28,0,0
BRDA:322,28,1,0
BRDA:323,29,0,0
BRDA:323,29,1,0
BRDA:323,30,0,0
BRDA:323,30,1,0
BRDA:326,31,0,0
BRDA:326,31,1,0
BRDA:327,32,0,0
BRDA:327,32,1,0
BRDA:331,33,0,14
BRDA:331,33,1,32
BRDA:331,34,0,46
BRDA:331,34,1,19
BRDA:331,34,2,40
BRDA:331,34,3,27
BRDA:335,35,0,5
BRDA:335,35,1,27
BRDA:335,36,0,32
BRDA:335,36,1,6
BRDA:346,37,0,1
BRDA:346,37,1,26
BRDA:358,38,0,0
BRDA:358,38,1,26
BRDA:360,39,0,10
BRDA:360,39,1,16
BRDA:361,40,0,16
BRDA:361,40,1,10
BRDA:362,41,0,26
BRDA:362,41,1,0
BRDA:364,42,0,16
BRDA:364,42,1,10
BRDA:368,43,0,16
BRDA:368,43,1,10
BRDA:368,44,0,46
BRDA:368,44,1,16
BRDA:373,45,0,0
BRDA:373,45,1,10
BRDA:380,46,0,10
BRDA:380,46,1,16
BRDA:382,47,0,10
BRDA:382,47,1,0
BRDA:383,48,0,10
BRDA:383,48,1,10
BRDA:385,49,0,0
BRDA:385,49,1,10
BRDA:385,50,0,10
BRDA:385,50,1,0
BRDA:407,51,0,10
BRDA:407,51,1,0
BRDA:408,52,0,10
BRDA:408,52,1,0
BRDA:409,53,0,10
BRDA:409,53,1,0
BRDA:411,54,0,10
BRDA:411,54,1,0
BRDA:412,55,0,10
BRDA:412,55,1,0
BRDA:419,56,0,16
BRDA:419,56,1,0
BRDA:442,57,0,16
BRDA:442,57,1,16
BRDA:475,58,0,16
BRDA:475,58,1,16
BRDA:478,59,0,16
BRDA:478,59,1,16
BRDA:481,60,0,16
BRDA:481,60,1,16
BRDA:492,61,0,22
BRDA:492,61,1,4
BRDA:499,62,0,46
BRDA:499,62,1,10
BRDA:503,63,0,2
BRDA:503,63,1,8
BRDA:514,64,0,2
BRDA:514,64,1,24
BRDA:524,65,0,46
BRDA:524,65,1,22
BRDA:527,66,0,6
BRDA:527,66,1,16
BRDA:535,67,0,0
BRDA:535,67,1,16
BRDA:537,68,0,0
BRDA:537,68,1,16
BRDA:544,69,0,6
BRDA:544,69,1,16
BRDA:550,70,0,0
BRDA:550,70,1,16
BRDA:552,71,0,0
BRDA:552,71,1,16
BRDA:559,72,0,6
BRDA:559,72,1,16
BRDA:563,73,0,22
BRDA:563,73,1,6
BRDA:582,74,0,6
BRDA:582,74,1,16
BRDA:585,75,0,6
BRDA:585,75,1,0
BRDA:594,76,0,6
BRDA:594,76,1,0
BRDA:618,77,0,46
BRDA:618,77,1,2
BRDA:618,77,2,2
BRDA:618,77,3,2
BRDA:620,78,0,2
BRDA:620,78,1,2
BRDA:620,78,2,0
BRDA:624,79,0,46
BRDA:624,79,1,2
BRDA:624,80,0,2
BRDA:624,80,1,0
BRDA:627,81,0,46
BRDA:627,81,1,10
BRDA:671,82,0,8
BRDA:671,82,1,2
BRF:174
BRH:105
end_of_record
TN:
SF:src\modules\profile\services\activities.service.ts
FN:14,fetchUserActivities
FN:38,fetchAllUserActivities
FN:70,(anonymous_2)
FN:79,(anonymous_3)
FNF:4
FNH:3
FNDA:1,fetchUserActivities
FNDA:0,fetchAllUserActivities
FNDA:3,(anonymous_2)
FNDA:1,(anonymous_3)
DA:18,1
DA:24,1
DA:28,1
DA:41,0
DA:42,0
DA:43,0
DA:44,0
DA:46,0
DA:47,0
DA:58,0
DA:59,0
DA:60,0
DA:63,0
DA:70,2
DA:73,3
DA:79,1
LF:16
LH:6
BRDA:19,0,0,1
BRDA:19,0,1,0
BRDA:20,1,0,1
BRDA:20,1,1,0
BRDA:21,2,0,1
BRDA:21,2,1,1
BRDA:73,3,0,3
BRDA:76,4,0,3
BRDA:76,4,1,0
BRDA:80,5,0,3
BRDA:80,5,1,3
BRF:11
BRH:8
end_of_record
TN:
SF:src\modules\profile\services\badge.service.ts
FN:24,(anonymous_0)
FN:33,(anonymous_1)
FN:42,(anonymous_2)
FN:51,(anonymous_3)
FN:54,(anonymous_4)
FN:61,(anonymous_5)
FN:64,(anonymous_6)
FN:71,(anonymous_7)
FN:74,(anonymous_8)
FNF:9
FNH:6
FNDA:0,(anonymous_0)
FNDA:3,(anonymous_1)
FNDA:8,(anonymous_2)
FNDA:0,(anonymous_3)
FNDA:0,(anonymous_4)
FNDA:46,(anonymous_5)
FNDA:3,(anonymous_6)
FNDA:46,(anonymous_7)
FNDA:8,(anonymous_8)
DA:19,2
DA:25,0
DA:26,0
DA:34,3
DA:35,3
DA:43,8
DA:44,8
DA:51,0
DA:54,0
DA:61,46
DA:64,3
DA:71,46
DA:74,8
LF:13
LH:9
BRDA:61,0,0,46
BRDA:71,1,0,46
BRDA:73,2,0,24
BRDA:73,2,1,22
BRDA:75,3,0,46
BRDA:75,3,1,24
BRF:6
BRH:6
end_of_record
TN:
SF:src\modules\profile\services\profile.service.ts
FN:19,(anonymous_0)
FN:24,(anonymous_1)
FN:41,(anonymous_2)
FN:54,(anonymous_3)
FN:63,(anonymous_4)
FN:76,(anonymous_5)
FN:87,(anonymous_6)
FN:103,(anonymous_7)
FN:113,(anonymous_8)
FN:129,(anonymous_9)
FN:148,(anonymous_10)
FN:158,(anonymous_11)
FN:173,(anonymous_12)
FN:191,(anonymous_13)
FN:201,(anonymous_14)
FN:210,(anonymous_15)
FN:222,(anonymous_16)
FN:232,(anonymous_17)
FN:241,(anonymous_18)
FN:250,(anonymous_19)
FN:266,(anonymous_20)
FN:331,(anonymous_21)
FN:335,(anonymous_22)
FN:339,(anonymous_23)
FN:343,(anonymous_24)
FN:346,(anonymous_25)
FN:347,(anonymous_26)
FN:355,(anonymous_27)
FN:361,(anonymous_28)
FN:365,(anonymous_29)
FN:371,(anonymous_30)
FN:374,(anonymous_31)
FN:383,(anonymous_32)
FN:395,(anonymous_33)
FN:407,(anonymous_34)
FN:413,(anonymous_35)
FN:422,(anonymous_36)
FN:428,(anonymous_37)
FN:438,(anonymous_38)
FN:444,(anonymous_39)
FN:447,(anonymous_40)
FN:448,(anonymous_41)
FN:454,(anonymous_42)
FN:459,(anonymous_43)
FN:465,(anonymous_44)
FN:468,(anonymous_45)
FN:474,(anonymous_46)
FN:477,(anonymous_47)
FN:486,(anonymous_48)
FN:498,(anonymous_49)
FN:510,(anonymous_50)
FN:516,(anonymous_51)
FN:525,(anonymous_52)
FN:531,(anonymous_53)
FN:541,(anonymous_54)
FN:547,(anonymous_55)
FN:550,(anonymous_56)
FN:551,(anonymous_57)
FN:557,(anonymous_58)
FN:562,(anonymous_59)
FN:568,(anonymous_60)
FN:571,(anonymous_61)
FN:577,(anonymous_62)
FN:580,(anonymous_63)
FN:588,(anonymous_64)
FN:600,(anonymous_65)
FN:612,(anonymous_66)
FN:618,(anonymous_67)
FN:627,(anonymous_68)
FN:633,(anonymous_69)
FN:643,(anonymous_70)
FN:649,(anonymous_71)
FN:652,(anonymous_72)
FN:653,(anonymous_73)
FN:659,(anonymous_74)
FN:664,(anonymous_75)
FN:670,(anonymous_76)
FN:673,(anonymous_77)
FN:679,(anonymous_78)
FN:682,(anonymous_79)
FN:690,(anonymous_80)
FN:701,(anonymous_81)
FN:713,(anonymous_82)
FN:719,(anonymous_83)
FN:728,(anonymous_84)
FN:734,(anonymous_85)
FN:744,(anonymous_86)
FN:750,(anonymous_87)
FN:753,(anonymous_88)
FN:754,(anonymous_89)
FN:760,(anonymous_90)
FN:765,(anonymous_91)
FN:771,(anonymous_92)
FN:774,(anonymous_93)
FN:804,(anonymous_94)
FN:807,(anonymous_95)
FN:811,(anonymous_96)
FN:814,(anonymous_97)
FN:818,(anonymous_98)
FN:822,(anonymous_99)
FN:826,(anonymous_100)
FN:830,(anonymous_101)
FN:834,(anonymous_102)
FN:838,(anonymous_103)
FN:842,(anonymous_104)
FN:846,(anonymous_105)
FN:850,(anonymous_106)
FN:854,(anonymous_107)
FN:858,(anonymous_108)
FN:862,(anonymous_109)
FN:866,(anonymous_110)
FN:869,(anonymous_111)
FN:870,(anonymous_112)
FN:874,(anonymous_113)
FN:878,(anonymous_114)
FN:881,(anonymous_115)
FN:882,(anonymous_116)
FN:886,(anonymous_117)
FN:890,(anonymous_118)
FN:893,(anonymous_119)
FN:894,(anonymous_120)
FN:898,(anonymous_121)
FN:902,(anonymous_122)
FN:905,(anonymous_123)
FN:906,(anonymous_124)
FN:910,(anonymous_125)
FNF:126
FNH:18
FNDA:0,(anonymous_0)
FNDA:0,(anonymous_1)
FNDA:1,(anonymous_2)
FNDA:4,(anonymous_3)
FNDA:0,(anonymous_4)
FNDA:16,(anonymous_5)
FNDA:0,(anonymous_6)
FNDA:0,(anonymous_7)
FNDA:0,(anonymous_8)
FNDA:0,(anonymous_9)
FNDA:0,(anonymous_10)
FNDA:0,(anonymous_11)
FNDA:0,(anonymous_12)
FNDA:0,(anonymous_13)
FNDA:0,(anonymous_14)
FNDA:0,(anonymous_15)
FNDA:0,(anonymous_16)
FNDA:0,(anonymous_17)
FNDA:0,(anonymous_18)
FNDA:0,(anonymous_19)
FNDA:0,(anonymous_20)
FNDA:46,(anonymous_21)
FNDA:1,(anonymous_22)
FNDA:0,(anonymous_23)
FNDA:46,(anonymous_24)
FNDA:0,(anonymous_25)
FNDA:0,(anonymous_26)
FNDA:0,(anonymous_27)
FNDA:0,(anonymous_28)
FNDA:0,(anonymous_29)
FNDA:46,(anonymous_30)
FNDA:0,(anonymous_31)
FNDA:0,(anonymous_32)
FNDA:0,(anonymous_33)
FNDA:0,(anonymous_34)
FNDA:0,(anonymous_35)
FNDA:0,(anonymous_36)
FNDA:0,(anonymous_37)
FNDA:0,(anonymous_38)
FNDA:46,(anonymous_39)
FNDA:0,(anonymous_40)
FNDA:0,(anonymous_41)
FNDA:0,(anonymous_42)
FNDA:0,(anonymous_43)
FNDA:0,(anonymous_44)
FNDA:0,(anonymous_45)
FNDA:46,(anonymous_46)
FNDA:0,(anonymous_47)
FNDA:0,(anonymous_48)
FNDA:0,(anonymous_49)
FNDA:0,(anonymous_50)
FNDA:0,(anonymous_51)
FNDA:0,(anonymous_52)
FNDA:0,(anonymous_53)
FNDA:0,(anonymous_54)
FNDA:46,(anonymous_55)
FNDA:0,(anonymous_56)
FNDA:0,(anonymous_57)
FNDA:0,(anonymous_58)
FNDA:0,(anonymous_59)
FNDA:0,(anonymous_60)
FNDA:0,(anonymous_61)
FNDA:46,(anonymous_62)
FNDA:0,(anonymous_63)
FNDA:0,(anonymous_64)
FNDA:0,(anonymous_65)
FNDA:0,(anonymous_66)
FNDA:0,(anonymous_67)
FNDA:0,(anonymous_68)
FNDA:0,(anonymous_69)
FNDA:0,(anonymous_70)
FNDA:46,(anonymous_71)
FNDA:0,(anonymous_72)
FNDA:0,(anonymous_73)
FNDA:0,(anonymous_74)
FNDA:0,(anonymous_75)
FNDA:0,(anonymous_76)
FNDA:0,(anonymous_77)
FNDA:46,(anonymous_78)
FNDA:0,(anonymous_79)
FNDA:0,(anonymous_80)
FNDA:0,(anonymous_81)
FNDA:0,(anonymous_82)
FNDA:0,(anonymous_83)
FNDA:0,(anonymous_84)
FNDA:0,(anonymous_85)
FNDA:0,(anonymous_86)
FNDA:46,(anonymous_87)
FNDA:0,(anonymous_88)
FNDA:0,(anonymous_89)
FNDA:0,(anonymous_90)
FNDA:0,(anonymous_91)
FNDA:0,(anonymous_92)
FNDA:0,(anonymous_93)
FNDA:46,(anonymous_94)
FNDA:4,(anonymous_95)
FNDA:46,(anonymous_96)
FNDA:8,(anonymous_97)
FNDA:0,(anonymous_98)
FNDA:0,(anonymous_99)
FNDA:0,(anonymous_100)
FNDA:0,(anonymous_101)
FNDA:0,(anonymous_102)
FNDA:0,(anonymous_103)
FNDA:0,(anonymous_104)
FNDA:0,(anonymous_105)
FNDA:0,(anonymous_106)
FNDA:0,(anonymous_107)
FNDA:0,(anonymous_108)
FNDA:0,(anonymous_109)
FNDA:0,(anonymous_110)
FNDA:0,(anonymous_111)
FNDA:0,(anonymous_112)
FNDA:0,(anonymous_113)
FNDA:0,(anonymous_114)
FNDA:0,(anonymous_115)
FNDA:0,(anonymous_116)
FNDA:0,(anonymous_117)
FNDA:0,(anonymous_118)
FNDA:0,(anonymous_119)
FNDA:0,(anonymous_120)
FNDA:0,(anonymous_121)
FNDA:0,(anonymous_122)
FNDA:0,(anonymous_123)
FNDA:0,(anonymous_124)
FNDA:0,(anonymous_125)
DA:19,3
DA:20,0
DA:21,0
DA:24,3
DA:25,0
DA:26,0
DA:36,3
DA:46,1
DA:47,1
DA:55,4
DA:56,3
DA:68,0
DA:69,0
DA:77,16
DA:78,13
DA:88,0
DA:89,0
DA:91,0
DA:96,0
DA:104,0
DA:121,0
DA:122,0
DA:140,0
DA:141,0
DA:149,0
DA:165,0
DA:166,0
DA:183,0
DA:184,0
DA:192,0
DA:202,0
DA:203,0
DA:214,0
DA:215,0
DA:223,0
DA:233,0
DA:234,0
DA:242,0
DA:243,0
DA:251,0
DA:267,0
DA:269,0
DA:272,0
DA:273,0
DA:274,0
DA:276,0
DA:281,0
DA:282,0
DA:283,0
DA:285,0
DA:290,0
DA:291,0
DA:292,0
DA:294,0
DA:299,0
DA:300,0
DA:301,0
DA:303,0
DA:308,0
DA:309,0
DA:310,0
DA:312,0
DA:317,0
DA:318,0
DA:320,0
DA:325,0
DA:326,0
DA:331,3
DA:332,46
DA:333,46
DA:336,1
DA:337,1
DA:339,0
DA:343,3
DA:344,46
DA:345,46
DA:346,0
DA:348,0
DA:349,0
DA:350,0
DA:351,0
DA:353,0
DA:356,0
DA:357,0
DA:359,0
DA:362,0
DA:363,0
DA:366,0
DA:371,3
DA:372,46
DA:373,46
DA:375,0
DA:376,0
DA:377,0
DA:378,0
DA:380,0
DA:381,0
DA:384,0
DA:385,0
DA:386,0
DA:388,0
DA:389,0
DA:394,0
DA:396,0
DA:400,0
DA:405,0
DA:408,0
DA:409,0
DA:411,0
DA:414,0
DA:415,0
DA:416,0
DA:417,0
DA:421,0
DA:422,0
DA:426,0
DA:429,0
DA:432,0
DA:436,0
DA:439,0
DA:444,3
DA:445,46
DA:446,46
DA:447,0
DA:449,0
DA:450,0
DA:451,0
DA:452,0
DA:454,0
DA:457,0
DA:460,0
DA:461,0
DA:463,0
DA:466,0
DA:469,0
DA:474,3
DA:475,46
DA:476,46
DA:478,0
DA:479,0
DA:480,0
DA:481,0
DA:483,0
DA:484,0
DA:487,0
DA:488,0
DA:489,0
DA:491,0
DA:492,0
DA:497,0
DA:499,0
DA:503,0
DA:508,0
DA:511,0
DA:512,0
DA:514,0
DA:517,0
DA:518,0
DA:519,0
DA:520,0
DA:524,0
DA:525,0
DA:529,0
DA:532,0
DA:535,0
DA:539,0
DA:542,0
DA:547,3
DA:548,46
DA:549,46
DA:550,0
DA:552,0
DA:553,0
DA:554,0
DA:555,0
DA:557,0
DA:560,0
DA:563,0
DA:564,0
DA:566,0
DA:569,0
DA:572,0
DA:577,3
DA:578,46
DA:579,46
DA:581,0
DA:582,0
DA:583,0
DA:585,0
DA:586,0
DA:589,0
DA:590,0
DA:591,0
DA:593,0
DA:599,0
DA:601,0
DA:605,0
DA:610,0
DA:613,0
DA:614,0
DA:616,0
DA:619,0
DA:620,0
DA:621,0
DA:622,0
DA:626,0
DA:627,0
DA:631,0
DA:634,0
DA:637,0
DA:641,0
DA:644,0
DA:649,3
DA:650,46
DA:651,46
DA:652,0
DA:654,0
DA:655,0
DA:656,0
DA:657,0
DA:659,0
DA:662,0
DA:665,0
DA:666,0
DA:668,0
DA:671,0
DA:674,0
DA:679,3
DA:680,46
DA:681,46
DA:683,0
DA:684,0
DA:685,0
DA:687,0
DA:688,0
DA:691,0
DA:692,0
DA:693,0
DA:695,0
DA:700,0
DA:702,0
DA:706,0
DA:711,0
DA:714,0
DA:715,0
DA:717,0
DA:720,0
DA:721,0
DA:722,0
DA:723,0
DA:727,0
DA:728,0
DA:732,0
DA:735,0
DA:738,0
DA:742,0
DA:745,0
DA:750,3
DA:751,46
DA:752,46
DA:753,0
DA:755,0
DA:756,0
DA:757,0
DA:758,0
DA:760,0
DA:763,0
DA:766,0
DA:767,0
DA:769,0
DA:772,0
DA:775,0
DA:801,3
DA:804,46
DA:807,4
DA:811,46
DA:814,8
DA:818,3
DA:819,0
DA:820,0
DA:823,0
DA:824,0
DA:826,0
DA:830,3
DA:831,0
DA:832,0
DA:835,0
DA:836,0
DA:838,0
DA:842,3
DA:843,0
DA:844,0
DA:847,0
DA:848,0
DA:850,0
DA:854,3
DA:855,0
DA:856,0
DA:859,0
DA:860,0
DA:862,0
DA:866,3
DA:867,0
DA:868,0
DA:869,0
DA:871,0
DA:872,0
DA:874,0
DA:878,3
DA:879,0
DA:880,0
DA:881,0
DA:883,0
DA:884,0
DA:886,0
DA:890,3
DA:891,0
DA:892,0
DA:893,0
DA:895,0
DA:896,0
DA:898,0
DA:902,3
DA:903,0
DA:904,0
DA:905,0
DA:907,0
DA:908,0
DA:910,0
LF:329
LH:54
BRDA:21,0,0,0
BRDA:21,0,1,0
BRDA:26,1,0,0
BRDA:26,1,1,0
BRDA:272,2,0,0
BRDA:272,2,1,0
BRDA:350,3,0,0
BRDA:350,3,1,0
BRDA:356,4,0,0
BRDA:356,4,1,0
BRDA:376,5,0,0
BRDA:376,5,1,0
BRDA:386,6,0,0
BRDA:386,6,1,0
BRDA:390,7,0,0
BRDA:390,7,1,0
BRDA:394,8,0,0
BRDA:394,8,1,0
BRDA:396,9,0,0
BRDA:396,9,1,0
BRDA:408,10,0,0
BRDA:408,10,1,0
BRDA:415,11,0,0
BRDA:415,11,1,0
BRDA:415,12,0,0
BRDA:415,12,1,0
BRDA:421,13,0,0
BRDA:421,13,1,0
BRDA:426,14,0,0
BRDA:426,14,1,0
BRDA:429,15,0,0
BRDA:429,15,1,0
BRDA:451,16,0,0
BRDA:451,16,1,0
BRDA:460,17,0,0
BRDA:460,17,1,0
BRDA:479,18,0,0
BRDA:479,18,1,0
BRDA:489,19,0,0
BRDA:489,19,1,0
BRDA:493,20,0,0
BRDA:493,20,1,0
BRDA:497,21,0,0
BRDA:497,21,1,0
BRDA:499,22,0,0
BRDA:499,22,1,0
BRDA:511,23,0,0
BRDA:511,23,1,0
BRDA:518,24,0,0
BRDA:518,24,1,0
BRDA:518,25,0,0
BRDA:518,25,1,0
BRDA:524,26,0,0
BRDA:524,26,1,0
BRDA:529,27,0,0
BRDA:529,27,1,0
BRDA:532,28,0,0
BRDA:532,28,1,0
BRDA:554,29,0,0
BRDA:554,29,1,0
BRDA:563,30,0,0
BRDA:563,30,1,0
BRDA:581,31,0,0
BRDA:581,31,1,0
BRDA:591,32,0,0
BRDA:591,32,1,0
BRDA:594,33,0,0
BRDA:594,33,1,0
BRDA:599,34,0,0
BRDA:599,34,1,0
BRDA:601,35,0,0
BRDA:601,35,1,0
BRDA:613,36,0,0
BRDA:613,36,1,0
BRDA:620,37,0,0
BRDA:620,37,1,0
BRDA:620,38,0,0
BRDA:620,38,1,0
BRDA:626,39,0,0
BRDA:626,39,1,0
BRDA:631,40,0,0
BRDA:631,40,1,0
BRDA:634,41,0,0
BRDA:634,41,1,0
BRDA:656,42,0,0
BRDA:656,42,1,0
BRDA:665,43,0,0
BRDA:665,43,1,0
BRDA:683,44,0,0
BRDA:683,44,1,0
BRDA:693,45,0,0
BRDA:693,45,1,0
BRDA:696,46,0,0
BRDA:696,46,1,0
BRDA:700,47,0,0
BRDA:700,47,1,0
BRDA:702,48,0,0
BRDA:702,48,1,0
BRDA:714,49,0,0
BRDA:714,49,1,0
BRDA:721,50,0,0
BRDA:721,50,1,0
BRDA:721,51,0,0
BRDA:721,51,1,0
BRDA:727,52,0,0
BRDA:727,52,1,0
BRDA:732,53,0,0
BRDA:732,53,1,0
BRDA:735,54,0,0
BRDA:735,54,1,0
BRDA:757,55,0,0
BRDA:757,55,1,0
BRDA:766,56,0,0
BRDA:766,56,1,0
BRDA:804,57,0,46
BRDA:811,58,0,46
BRDA:813,59,0,24
BRDA:813,59,1,22
BRDA:815,60,0,46
BRDA:815,60,1,24
BRF:120
BRH:6
end_of_record
TN:
SF:src\modules\profile\utils\activityEnricher.ts
FN:8,fetchEntityData
FN:57,enrichActivities
FN:60,(anonymous_2)
FNF:3
FNH:3
FNDA:1,fetchEntityData
FNDA:1,enrichActivities
FNDA:1,(anonymous_2)
DA:9,1
DA:10,1
DA:12,1
DA:14,1
DA:17,1
DA:22,1
DA:23,1
DA:27,0
DA:28,0
DA:35,0
DA:36,0
DA:41,0
DA:42,0
DA:45,0
DA:48,0
DA:49,0
DA:60,1
DA:61,1
DA:62,1
DA:65,1
LF:20
LH:11
BRDA:12,0,0,0
BRDA:12,0,1,1
BRDA:17,1,0,0
BRDA:17,1,1,1
BRDA:17,1,2,1
BRDA:17,1,3,1
BRDA:17,1,4,0
BRDA:17,1,5,0
BRDA:17,1,6,0
BRDA:17,1,7,0
BRDA:17,1,8,0
BRDA:17,1,9,0
BRDA:17,1,10,0
BRDA:17,1,11,0
BRDA:17,1,12,0
BRDA:17,1,13,0
BRDA:17,1,14,0
BRF:17
BRH:4
end_of_record
TN:
SF:src\modules\profile\utils\activityExporter.ts
FN:16,mapActivityType
FN:43,mapObjectType
FN:66,buildAS2Actor
FN:79,buildAS2Object
FN:116,transformToAS2Activity
FN:138,buildActivityExport
FN:156,downloadJson
FNF:7
FNH:0
FNDA:0,mapActivityType
FNDA:0,mapObjectType
FNDA:0,buildAS2Actor
FNDA:0,buildAS2Object
FNDA:0,transformToAS2Activity
FNDA:0,buildActivityExport
FNDA:0,downloadJson
DA:10,2
DA:17,0
DA:37,0
DA:44,0
DA:46,0
DA:47,0
DA:48,0
DA:51,0
DA:60,0
DA:67,0
DA:69,0
DA:80,0
DA:82,0
DA:85,0
DA:86,0
DA:94,0
DA:95,0
DA:103,0
DA:107,0
DA:117,0
DA:142,0
DA:144,0
DA:157,0
DA:158,0
DA:159,0
DA:161,0
DA:162,0
DA:163,0
DA:164,0
DA:165,0
DA:168,0
DA:169,0
LF:32
LH:1
BRDA:10,0,0,2
BRDA:10,0,1,2
BRDA:44,1,0,0
BRDA:44,1,1,0
BRDA:46,2,0,0
BRDA:46,2,1,0
BRDA:47,3,0,0
BRDA:47,3,1,0
BRDA:60,4,0,0
BRDA:60,4,1,0
BRDA:60,5,0,0
BRDA:60,5,1,0
BRDA:85,6,0,0
BRDA:85,6,1,0
BRDA:94,7,0,0
BRDA:94,7,1,0
BRDA:103,8,0,0
BRDA:103,8,1,0
BRDA:104,9,0,0
BRDA:104,9,1,0
BRF:20
BRH:2
end_of_record
TN:
SF:src\modules\profile\utils\activityMapper.ts
FN:10,getDateLocale
FN:81,getSimpleDescription
FN:95,getNavigationUrl
FN:138,mapActivityToDisplay
FN:141,(anonymous_4)
FN:189,mapActivitiesToDisplay
FN:199,enrichActivityDescription
FNF:7
FNH:7
FNDA:1,getDateLocale
FNDA:1,getSimpleDescription
FNDA:1,getNavigationUrl
FNDA:1,mapActivityToDisplay
FNDA:1,(anonymous_4)
FNDA:1,mapActivitiesToDisplay
FNDA:1,enrichActivityDescription
DA:11,1
DA:13,1
DA:15,0
DA:17,0
DA:20,1
DA:34,2
DA:57,2
DA:82,1
DA:83,1
DA:85,1
DA:86,1
DA:89,0
DA:96,1
DA:98,1
DA:100,1
DA:103,0
DA:109,1
DA:114,0
DA:121,0
DA:124,0
DA:129,0
DA:139,1
DA:141,1
DA:142,1
DA:147,1
DA:148,1
DA:152,0
DA:156,1
DA:158,0
DA:159,0
DA:160,0
DA:165,1
DA:170,0
DA:174,1
DA:192,1
DA:203,1
DA:205,1
DA:207,1
DA:209,0
DA:212,0
DA:215,1
DA:216,1
DA:225,1
DA:227,0
DA:230,0
DA:232,0
DA:235,0
DA:237,0
DA:240,0
DA:242,0
DA:245,0
DA:247,0
DA:250,0
DA:252,0
DA:255,0
DA:257,0
DA:260,0
DA:262,0
DA:263,0
DA:266,1
LF:60
LH:29
BRDA:13,0,0,0
BRDA:13,0,1,0
BRDA:13,0,2,1
BRDA:13,0,3,1
BRDA:85,1,0,1
BRDA:85,1,1,0
BRDA:98,2,0,0
BRDA:98,2,1,1
BRDA:100,3,0,0
BRDA:100,3,1,0
BRDA:100,3,2,0
BRDA:100,3,3,1
BRDA:100,3,4,1
BRDA:100,3,5,1
BRDA:100,3,6,0
BRDA:100,3,7,0
BRDA:100,3,8,0
[...]
FNDA:0,(anonymous_10)
FNDA:0,(anonymous_11)
FNDA:4,(anonymous_12)
FNDA:0,(anonymous_13)
FNDA:0,(anonymous_14)
FNDA:19,(anonymous_15)
FNDA:0,(anonymous_16)
FNDA:0,(anonymous_17)
FNDA:2,(anonymous_18)
FNDA:1,(anonymous_19)
DA:35,35
DA:36,35
DA:37,35
DA:38,35
DA:39,35
DA:40,35
DA:41,35
DA:42,35
DA:43,35
DA:44,35
DA:45,35
DA:47,35
DA:49,35
DA:50,0
DA:51,0
DA:52,0
DA:53,0
DA:54,0
DA:56,0
DA:57,0
DA:58,0
DA:60,0
DA:64,35
DA:65,14
DA:66,7
DA:68,14
DA:69,0
DA:70,0
DA:72,14
DA:76,35
DA:77,7
DA:78,0
DA:82,35
DA:83,14
DA:84,14
DA:85,7
DA:86,7
DA:87,7
DA:89,6
DA:90,6
DA:91,6
DA:92,0
DA:94,6
DA:95,0
DA:98,0
DA:102,7
DA:104,14
DA:107,35
DA:108,1
DA:109,1
DA:110,1
DA:111,1
DA:112,1
DA:115,0
DA:116,0
DA:117,0
DA:121,35
DA:122,0
DA:123,0
DA:124,0
DA:125,0
DA:126,0
DA:127,0
DA:130,35
DA:131,0
DA:132,0
DA:133,0
DA:134,0
DA:136,0
DA:137,0
DA:140,35
DA:141,7
DA:144,28
DA:156,0
DA:160,4
DA:170,0
DA:183,0
DA:195,19
DA:206,0
DA:248,0
DA:288,2
DA:289,1
LF:82
LH:47
BRDA:65,0,0,7
BRDA:65,0,1,7
BRDA:68,1,0,0
BRDA:68,1,1,14
BRDA:77,2,0,0
BRDA:77,2,1,7
BRDA:84,3,0,7
BRDA:84,3,1,7
BRDA:92,4,0,0
BRDA:92,4,1,0
BRDA:94,5,0,0
BRDA:94,5,1,6
BRDA:111,6,0,1
BRDA:111,6,1,0
BRDA:123,7,0,0
BRDA:123,7,1,0
BRDA:124,8,0,0
BRDA:124,8,1,0
BRDA:124,9,0,0
BRDA:124,9,1,0
BRDA:126,10,0,0
BRDA:126,10,1,0
BRDA:127,11,0,0
BRDA:127,11,1,0
BRDA:132,12,0,0
BRDA:132,12,1,0
BRDA:133,13,0,0
BRDA:133,13,1,0
BRDA:133,14,0,0
BRDA:133,14,1,0
BRDA:136,15,0,0
BRDA:136,15,1,0
BRDA:140,16,0,7
BRDA:140,16,1,28
BRDA:167,17,0,28
BRDA:167,17,1,0
BRDA:169,18,0,0
BRDA:169,18,1,0
BRDA:175,19,0,35
BRDA:175,19,1,28
BRDA:175,19,2,9
BRDA:192,20,0,35
BRDA:192,20,1,28
BRDA:192,20,2,19
BRDA:231,21,0,35
BRDA:231,21,1,0
BRDA:237,22,0,0
BRDA:237,22,1,28
BRDA:241,23,0,28
BRDA:241,23,1,0
BRDA:252,24,0,0
BRDA:252,24,1,0
BRDA:260,25,0,0
BRDA:260,25,1,0
BRF:54
BRH:20
end_of_record
TN:
SF:src\modules\workplace\pages\WorkplaceProfilePage.tsx
FN:33,WorkplaceProfilePage
FN:40,(anonymous_1)
FN:61,(anonymous_2)
FN:63,(anonymous_3)
FN:72,(anonymous_4)
FN:89,(anonymous_5)
FN:90,(anonymous_6)
FN:91,(anonymous_7)
FN:95,(anonymous_8)
FN:96,(anonymous_9)
FN:96,(anonymous_10)
FN:99,(anonymous_11)
FN:108,(anonymous_12)
FN:108,(anonymous_13)
FN:114,(anonymous_14)
FN:116,(anonymous_15)
FN:117,(anonymous_16)
FN:125,(anonymous_17)
FN:127,(anonymous_18)
FN:129,(anonymous_19)
FN:135,(anonymous_20)
FN:136,(anonymous_21)
FN:145,(anonymous_22)
FN:149,(anonymous_23)
FN:167,(anonymous_24)
FN:168,(anonymous_25)
FN:172,(anonymous_26)
FN:173,(anonymous_27)
FN:181,(anonymous_28)
FN:184,(anonymous_29)
FN:198,(anonymous_30)
FN:200,(anonymous_31)
FN:205,(anonymous_32)
FN:333,(anonymous_33)
FN:361,(anonymous_34)
FN:363,(anonymous_35)
FN:427,(anonymous_36)
FN:471,(anonymous_37)
FN:484,(anonymous_38)
FN:522,(anonymous_39)
FN:536,(anonymous_40)
FNF:41
FNH:11
FNDA:23,WorkplaceProfilePage
FNDA:14,(anonymous_1)
FNDA:0,(anonymous_2)
FNDA:0,(anonymous_3)
FNDA:0,(anonymous_4)
FNDA:0,(anonymous_5)
FNDA:0,(anonymous_6)
FNDA:0,(anonymous_7)
FNDA:0,(anonymous_8)
FNDA:0,(anonymous_9)
FNDA:0,(anonymous_10)
FNDA:0,(anonymous_11)
FNDA:15,(anonymous_12)
FNDA:7,(anonymous_13)
FNDA:7,(anonymous_14)
FNDA:7,(anonymous_15)
FNDA:0,(anonymous_16)
FNDA:0,(anonymous_17)
FNDA:0,(anonymous_18)
FNDA:0,(anonymous_19)
FNDA:14,(anonymous_20)
FNDA:14,(anonymous_21)
FNDA:0,(anonymous_22)
FNDA:8,(anonymous_23)
FNDA:0,(anonymous_24)
FNDA:0,(anonymous_25)
FNDA:0,(anonymous_26)
FNDA:0,(anonymous_27)
FNDA:0,(anonymous_28)
FNDA:0,(anonymous_29)
FNDA:0,(anonymous_30)
FNDA:0,(anonymous_31)
FNDA:0,(anonymous_32)
FNDA:28,(anonymous_33)
FNDA:14,(anonymous_34)
FNDA:0,(anonymous_35)
FNDA:0,(anonymous_36)
FNDA:0,(anonymous_37)
FNDA:0,(anonymous_38)
FNDA:0,(anonymous_39)
FNDA:0,(anonymous_40)
DA:34,23
DA:35,23
DA:36,23
DA:37,23
DA:38,23
DA:39,23
DA:40,23
DA:41,14
DA:42,23
DA:43,23
DA:44,23
DA:45,23
DA:46,23
DA:47,23
DA:48,23
DA:55,23
DA:61,23
DA:62,0
DA:63,0
DA:64,0
DA:65,0
DA:66,0
DA:68,0
DA:71,0
DA:72,0
DA:73,0
DA:74,0
DA:77,0
DA:79,0
DA:89,23
DA:90,0
DA:91,0
DA:92,0
DA:95,23
DA:96,0
DA:98,0
DA:99,0
DA:102,0
DA:103,0
DA:107,23
DA:108,15
DA:112,23
DA:115,7
DA:116,7
DA:118,0
DA:119,0
DA:124,7
DA:125,7
DA:127,7
DA:128,0
DA:129,0
DA:135,23
DA:136,23
DA:137,23
DA:138,23
DA:143,23
DA:145,0
DA:149,23
DA:150,8
DA:152,8
DA:153,8
DA:156,8
DA:157,8
DA:158,8
DA:159,0
DA:160,0
DA:161,0
DA:164,8
DA:167,23
DA:168,0
DA:169,0
DA:172,23
DA:173,0
DA:177,23
DA:179,23
DA:181,23
DA:182,0
DA:184,0
DA:185,0
DA:187,0
DA:188,0
DA:189,0
DA:192,0
DA:193,0
DA:194,0
DA:198,23
DA:200,23
DA:201,0
DA:202,0
DA:206,0
DA:212,23
DA:213,8
DA:220,15
DA:221,1
DA:236,14
DA:334,28
DA:362,14
DA:363,0
DA:365,14
DA:428,0
DA:471,0
DA:484,0
DA:523,0
DA:524,0
DA:536,0
LF:105
LH:55
BRDA:35,0,0,23
BRDA:35,0,1,23
BRDA:36,1,0,23
BRDA:36,1,1,0
BRDA:62,2,0,0
BRDA:62,2,1,0
BRDA:64,3,0,0
BRDA:64,3,1,0
BRDA:65,4,0,0
BRDA:65,4,1,0
BRDA:65,4,2,0
BRDA:68,5,0,0
BRDA:68,5,1,0
BRDA:69,6,0,0
BRDA:69,6,1,0
BRDA:72,7,0,0
BRDA:72,7,1,0
BRDA:73,8,0,0
BRDA:73,8,1,0
BRDA:75,9,0,0
BRDA:75,9,1,0
BRDA:77,10,0,0
BRDA:77,10,1,0
BRDA:91,11,0,0
BRDA:91,11,1,0
BRDA:98,12,0,0
BRDA:98,12,1,0
BRDA:99,13,0,0
BRDA:99,13,1,0
BRDA:102,14,0,0
BRDA:102,14,1,0
BRDA:108,15,0,15
BRDA:108,15,1,8
BRDA:112,16,0,23
BRDA:125,17,0,0
BRDA:125,17,1,0
BRDA:125,17,2,0
BRDA:129,18,0,0
BRDA:129,18,1,0
BRDA:132,19,0,23
BRDA:132,19,1,23
BRDA:141,20,0,23
BRDA:141,20,1,23
BRDA:145,21,0,0
BRDA:145,21,1,0
BRDA:152,22,0,8
BRDA:152,22,1,0
BRDA:158,23,0,0
BRDA:158,23,1,8
BRDA:158,24,0,8
BRDA:158,24,1,8
BRDA:159,25,0,0
BRDA:159,25,1,0
BRDA:159,26,0,0
BRDA:159,26,1,0
BRDA:160,27,0,0
BRDA:160,27,1,0
BRDA:160,28,0,0
BRDA:160,28,1,0
BRDA:173,29,0,0
BRDA:173,29,1,0
BRDA:177,30,0,23
BRDA:177,30,1,0
BRDA:177,30,2,0
BRDA:177,30,3,0
BRDA:179,31,0,23
BRDA:179,31,1,23
BRDA:182,32,0,0
BRDA:182,32,1,0
BRDA:187,33,0,0
BRDA:187,33,1,0
BRDA:187,34,0,0
BRDA:187,34,1,0
BRDA:201,35,0,0
BRDA:201,35,1,0
BRDA:212,36,0,8
BRDA:212,36,1,15
BRDA:220,37,0,1
BRDA:220,37,1,14
BRDA:220,38,0,15
BRDA:220,38,1,14
BRDA:253,39,0,14
BRDA:253,39,1,14
BRDA:257,40,0,0
BRDA:257,40,1,14
BRDA:286,41,0,23
BRDA:286,41,1,14
BRDA:286,41,2,14
BRDA:291,42,0,14
BRDA:291,42,1,0
BRDA:297,43,0,23
BRDA:297,43,1,14
BRDA:319,44,0,23
BRDA:319,44,1,14
BRDA:329,45,0,23
BRDA:329,45,1,14
BRDA:329,45,2,14
BRDA:344,46,0,23
BRDA:344,46,1,14
BRDA:344,46,2,14
BRDA:348,47,0,14
BRDA:348,47,1,0
BRDA:353,48,0,0
BRDA:353,48,1,0
BRDA:362,49,0,0
BRDA:362,49,1,14
BRDA:376,50,0,14
BRDA:376,50,1,14
BRDA:403,51,0,23
BRDA:403,51,1,0
BRDA:419,52,0,23
BRDA:419,52,1,7
BRDA:419,52,2,0
BRDA:419,52,3,0
BRDA:420,53,0,23
BRDA:420,53,1,0
BRDA:425,54,0,23
BRDA:425,54,1,0
BRDA:456,55,0,14
BRDA:456,55,1,0
BRDA:470,56,0,23
BRDA:470,56,1,14
BRDA:483,57,0,23
BRDA:483,57,1,14
BRDA:512,58,0,7
BRDA:512,58,1,7
BRDA:516,59,0,7
BRDA:516,59,1,0
BRDA:523,60,0,0
BRDA:523,60,1,0
BRDA:523,60,2,0
BRDA:531,61,0,0
BRDA:531,61,1,0
BRDA:549,62,0,0
BRDA:549,62,1,0
BRDA:549,62,2,0
BRDA:560,63,0,0
BRDA:560,63,1,0
BRF:138
BRH:57
end_of_record
TN:
SF:src\modules\workplace\pages\WorkplaceSettingsPage.tsx
FN:42,WorkplaceSettingsPage
FN:80,(anonymous_1)
FN:96,(anonymous_2)
FN:103,(anonymous_3)
FN:105,(anonymous_4)
FN:112,(anonymous_5)
FN:143,(anonymous_6)
FN:150,(anonymous_7)
FN:169,(anonymous_8)
FN:184,(anonymous_9)
FN:189,(anonymous_10)
FN:196,(anonymous_11)
FN:201,(anonymous_12)
FN:342,(anonymous_13)
FN:352,(anonymous_14)
FN:514,(anonymous_15)
FN:551,(anonymous_16)
FN:586,(anonymous_17)
FN:604,(anonymous_18)
FNF:19
FNH:14
FNDA:45,WorkplaceSettingsPage
FNDA:16,(anonymous_1)
FNDA:8,(anonymous_2)
FNDA:29,(anonymous_3)
FNDA:16,(anonymous_4)
FNDA:1,(anonymous_5)
FNDA:0,(anonymous_6)
FNDA:1,(anonymous_7)
FNDA:0,(anonymous_8)
FNDA:1,(anonymous_9)
FNDA:1,(anonymous_10)
FNDA:0,(anonymous_11)
FNDA:1,(anonymous_12)
FNDA:1,(anonymous_13)
FNDA:0,(anonymous_14)
FNDA:0,(anonymous_15)
FNDA:4,(anonymous_16)
FNDA:3,(anonymous_17)
FNDA:1,(anonymous_18)
DA:43,45
DA:44,45
DA:45,45
DA:46,45
DA:47,45
DA:53,45
DA:54,45
DA:55,45
DA:56,45
DA:57,45
DA:58,45
DA:59,45
DA:60,45
DA:61,45
DA:62,45
DA:63,45
DA:64,45
DA:65,45
DA:66,45
DA:67,45
DA:68,45
DA:76,45
DA:80,45
DA:81,16
DA:83,8
DA:85,16
DA:96,45
DA:97,8
DA:98,0
DA:103,45
DA:105,45
DA:106,16
DA:108,0
DA:112,45
DA:113,1
DA:115,1
DA:116,1
DA:118,1
DA:120,1
DA:122,1
DA:123,1
DA:124,1
DA:125,1
DA:126,1
DA:128,1
DA:129,1
DA:131,1
DA:132,1
DA:134,1
DA:135,1
DA:137,0
DA:140,1
DA:141,1
DA:142,1
DA:143,1
DA:145,0
DA:146,0
DA:150,45
DA:151,1
DA:153,1
DA:155,1
DA:156,1
DA:157,1
DA:158,1
DA:159,1
DA:160,1
DA:161,1
DA:164,0
DA:165,0
DA:169,45
DA:170,0
DA:172,0
DA:174,0
DA:175,0
DA:176,0
DA:177,0
DA:179,0
DA:180,0
DA:184,45
DA:185,1
DA:186,1
DA:187,1
DA:188,1
DA:189,1
DA:190,1
DA:192,1
DA:196,45
DA:197,0
DA:198,0
DA:201,45
DA:202,1
DA:203,1
DA:205,1
DA:207,1
DA:208,1
DA:209,1
DA:211,0
DA:212,0
DA:213,0
DA:217,45
DA:218,16
DA:225,29
DA:226,0
DA:243,29
DA:342,1
DA:353,0
DA:354,0
DA:355,0
DA:356,0
DA:514,0
DA:551,4
DA:586,3
DA:605,1
DA:606,1
LF:114
LH:88
BRDA:44,0,0,45
BRDA:44,0,1,0
BRDA:54,1,0,45
BRDA:54,1,1,0
BRDA:55,2,0,45
BRDA:55,2,1,0
BRDA:56,3,0,45
BRDA:56,3,1,0
BRDA:58,4,0,45
BRDA:58,4,1,45
BRDA:81,5,0,8
BRDA:81,5,1,8
BRDA:83,6,0,8
BRDA:83,6,1,0
BRDA:89,7,0,16
BRDA:89,7,1,0
BRDA:90,8,0,16
BRDA:90,8,1,0
BRDA:91,9,0,16
BRDA:91,9,1,0
BRDA:92,10,0,16
BRDA:92,10,1,0
BRDA:97,11,0,0
BRDA:97,11,1,8
BRDA:106,12,0,0
BRDA:106,12,1,16
BRDA:106,13,0,16
BRDA:106,13,1,8
BRDA:106,13,2,8
BRDA:113,14,0,0
BRDA:113,14,1,1
BRDA:122,15,0,1
BRDA:122,15,1,0
BRDA:123,16,0,1
BRDA:123,16,1,0
BRDA:124,17,0,1
BRDA:124,17,1,0
BRDA:125,18,0,1
BRDA:125,18,1,0
BRDA:126,19,0,1
BRDA:126,19,1,0
BRDA:128,20,0,1
BRDA:128,20,1,0
BRDA:129,21,0,1
BRDA:129,21,1,0
BRDA:131,22,0,1
BRDA:131,22,1,0
BRDA:132,23,0,1
BRDA:132,23,1,0
BRDA:134,24,0,1
BRDA:134,24,1,0
BRDA:151,25,0,0
BRDA:151,25,1,1
BRDA:160,26,0,1
BRDA:160,26,1,0
BRDA:170,27,0,0
BRDA:170,27,1,0
BRDA:186,28,0,1
BRDA:186,28,1,0
BRDA:186,29,0,1
BRDA:186,29,1,1
BRDA:202,30,0,0
BRDA:202,30,1,1
BRDA:202,31,0,1
BRDA:202,31,1,1
BRDA:203,32,0,0
BRDA:203,32,1,1
BRDA:217,33,0,16
BRDA:217,33,1,29
BRDA:225,34,0,0
BRDA:225,34,1,29
BRDA:225,35,0,29
BRDA:225,35,1,29
BRDA:230,36,0,0
BRDA:230,36,1,0
BRDA:261,37,0,29
BRDA:261,37,1,1
BRDA:270,38,0,45
BRDA:270,38,1,0
BRDA:282,39,0,2
BRDA:282,39,1,27
BRDA:289,40,0,27
BRDA:289,40,1,0
BRDA:318,41,0,2
BRDA:318,41,1,27
BRDA:324,42,0,45
BRDA:324,42,1,29
BRDA:324,42,2,27
BRDA:336,43,0,45
BRDA:336,43,1,2
BRDA:336,43,2,2
BRDA:344,44,0,0
BRDA:344,44,1,2
BRDA:355,45,0,0
BRDA:355,45,1,0
BRDA:386,46,0,0
BRDA:386,46,1,29
BRDA:388,47,0,45
BRDA:388,47,1,0
BRDA:402,48,0,0
BRDA:402,48,1,29
BRDA:404,49,0,45
BRDA:404,49,1,0
BRDA:418,50,0,0
BRDA:418,50,1,29
BRDA:420,51,0,45
BRDA:420,51,1,0
BRDA:435,52,0,0
BRDA:435,52,1,29
BRDA:437,53,0,45
BRDA:437,53,1,0
BRDA:461,54,0,0
BRDA:461,54,1,29
BRDA:463,55,0,45
BRDA:463,55,1,0
BRDA:483,56,0,0
BRDA:483,56,1,29
BRDA:485,57,0,45
BRDA:485,57,1,0
BRDA:521,58,0,0
BRDA:521,58,1,29
BRDA:591,59,0,45
BRDA:591,59,1,3
BRDA:591,59,2,1
BRDA:618,60,0,45
BRDA:618,60,1,29
BRDA:623,61,0,0
BRDA:623,61,1,29
BRF:128
BRH:77
end_of_record
TN:
SF:src\modules\workplace\pages\WorkplacesPage.tsx
FN:61,WorkplacesPage
FN:73,(anonymous_1)
FN:90,(anonymous_2)
FN:97,(anonymous_3)
FN:106,(anonymous_4)
FN:110,(anonymous_5)
FN:148,(anonymous_6)
FN:178,(anonymous_7)
FN:179,(anonymous_8)
FN:197,(anonymous_9)
FN:201,(anonymous_10)
FN:214,(anonymous_11)
FN:216,(anonymous_12)
FN:229,(anonymous_13)
FN:232,(anonymous_14)
FN:251,(anonymous_15)
FN:271,(anonymous_16)
FN:298,(anonymous_17)
FN:310,(anonymous_18)
FN:310,(anonymous_19)
FN:322,(anonymous_20)
FN:322,(anonymous_21)
FNF:22
FNH:9
FNDA:18,WorkplacesPage
FNDA:7,(anonymous_1)
FNDA:10,(anonymous_2)
FNDA:8,(anonymous_3)
FNDA:0,(anonymous_4)
FNDA:0,(anonymous_5)
FNDA:1,(anonymous_6)
FNDA:1,(anonymous_7)
FNDA:0,(anonymous_8)
FNDA:0,(anonymous_9)
FNDA:20,(anonymous_10)
FNDA:0,(anonymous_11)
FNDA:0,(anonymous_12)
FNDA:0,(anonymous_13)
FNDA:14,(anonymous_14)
FNDA:0,(anonymous_15)
FNDA:0,(anonymous_16)
FNDA:14,(anonymous_17)
FNDA:0,(anonymous_18)
FNDA:0,(anonymous_19)
FNDA:0,(anonymous_20)
FNDA:0,(anonymous_21)
DA:22,1
DA:35,1
DA:53,1
DA:62,18
DA:63,18
DA:64,18
DA:65,18
DA:66,18
DA:67,18
DA:68,18
DA:69,18
DA:70,18
DA:72,18
DA:74,7
DA:75,7
DA:76,7
DA:77,7
DA:78,7
DA:79,7
DA:80,7
DA:85,18
DA:86,18
DA:87,18
DA:88,18
DA:90,18
DA:91,10
DA:92,4
DA:93,4
DA:97,18
DA:98,8
DA:99,2
DA:101,6
DA:106,18
DA:107,0
DA:110,18
DA:111,0
DA:115,18
DA:121,18
DA:148,1
DA:178,1
DA:179,0
DA:197,0
DA:202,20
DA:214,0
DA:217,0
DA:218,0
DA:229,0
DA:233,14
DA:251,0
DA:271,0
DA:299,14
DA:310,0
DA:322,0
LF:53
LH:41
BRDA:75,0,0,1
BRDA:75,0,1,6
BRDA:76,1,0,0
BRDA:76,1,1,7
BRDA:77,2,0,0
BRDA:77,2,1,7
BRDA:78,3,0,0
BRDA:78,3,1,7
BRDA:79,4,0,0
BRDA:79,4,1,7
BRDA:86,5,0,18
BRDA:86,5,1,10
BRDA:87,6,0,2
BRDA:87,6,1,16
BRDA:91,7,0,4
BRDA:91,7,1,6
BRDA:98,8,0,2
BRDA:98,8,1,6
BRDA:115,9,0,18
BRDA:115,9,1,14
BRDA:115,9,2,14
BRDA:115,9,3,14
BRDA:115,9,4,14
BRDA:129,10,0,18
BRDA:129,10,1,0
BRDA:153,11,0,18
BRDA:153,11,1,4
BRDA:159,12,0,0
BRDA:159,12,1,4
BRDA:165,13,0,18
BRDA:165,13,1,4
BRDA:179,14,0,0
BRDA:179,14,1,0
BRDA:185,15,0,8
BRDA:185,15,1,10
BRDA:189,16,0,18
BRDA:189,16,1,2
BRDA:217,17,0,0
BRDA:217,17,1,0
BRDA:244,18,0,0
BRDA:244,18,1,2
BRDA:251,19,0,0
BRDA:251,19,1,0
BRDA:268,20,0,18
BRDA:268,20,1,1
BRDA:275,21,0,18
BRDA:275,21,1,17
BRDA:277,22,0,8
BRDA:277,22,1,9
BRDA:281,23,0,18
BRDA:281,23,1,17
BRDA:281,23,2,9
BRDA:281,23,3,3
BRDA:286,24,0,0
BRDA:286,24,1,3
BRDA:288,25,0,3
BRDA:288,25,1,0
BRDA:296,26,0,18
BRDA:296,26,1,17
BRDA:296,26,2,9
BRDA:296,26,3,6
BRDA:305,27,0,18
BRDA:305,27,1,17
BRDA:305,27,2,0
BRDA:311,28,0,0
BRDA:311,28,1,0
BRDA:323,29,0,0
BRDA:323,29,1,0
BRF:68
BRH:48
end_of_record
TN:
SF:src\modules\workplace\schemas\create-workplace.schema.ts
FNF:0
FNH:0
DA:3,4
LF:1
LH:1
BRF:0
BRH:0
end_of_record
TN:
SF:src\modules\workplace\schemas\update-workplace.schema.ts
FNF:0
FNH:0
DA:3,1
LF:1
LH:1
BRF:0
BRH:0
end_of_record
TN:
SF:src\modules\workplace\services\reviews.service.ts
FN:32,fetchWorkplaceReviews
FN:51,fetchReview
FN:61,createReview
FN:75,updateReview
FN:97,markReviewHelpful
FN:113,reportReview
FN:135,createReply
FN:153,updateReply
FN:170,deleteReply
FN:194,(anonymous_9)
FN:201,(anonymous_10)
FN:205,(anonymous_11)
FN:208,(anonymous_12)
FN:209,(anonymous_13)
FN:225,(anonymous_14)
FN:239,(anonymous_15)
FN:245,(anonymous_16)
FN:252,(anonymous_17)
FN:255,(anonymous_18)
FN:256,(anonymous_19)
FN:260,(anonymous_20)
FN:264,(anonymous_21)
FN:267,(anonymous_22)
FN:268,(anonymous_23)
FN:275,(anonymous_24)
FN:281,(anonymous_25)
FN:287,(anonymous_26)
FN:290,(anonymous_27)
FN:291,(anonymous_28)
FN:295,(anonymous_29)
FN:299,(anonymous_30)
FN:302,(anonymous_31)
FN:303,(anonymous_32)
FN:307,(anonymous_33)
FNF:34
FNH:7
FNDA:7,fetchWorkplaceReviews
FNDA:0,fetchReview
FNDA:0,createReview
FNDA:0,updateReview
FNDA:3,markReviewHelpful
FNDA:0,reportReview
FNDA:0,createReply
FNDA:0,updateReply
FNDA:0,deleteReply
FNDA:0,(anonymous_9)
FNDA:0,(anonymous_10)
FNDA:0,(anonymous_11)
FNDA:0,(anonymous_12)
FNDA:0,(anonymous_13)
FNDA:0,(anonymous_14)
FNDA:0,(anonymous_15)
FNDA:0,(anonymous_16)
FNDA:0,(anonymous_17)
FNDA:0,(anonymous_18)
FNDA:0,(anonymous_19)
FNDA:0,(anonymous_20)
FNDA:21,(anonymous_21)
FNDA:3,(anonymous_22)
FNDA:3,(anonymous_23)
FNDA:1,(anonymous_24)
FNDA:2,(anonymous_25)
FNDA:0,(anonymous_26)
FNDA:0,(anonymous_27)
FNDA:0,(anonymous_28)
FNDA:0,(anonymous_29)
FNDA:0,(anonymous_30)
FNDA:0,(anonymous_31)
FNDA:0,(anonymous_32)
FNDA:0,(anonymous_33)
DA:25,1
DA:36,7
DA:43,7
DA:52,0
DA:53,0
DA:65,0
DA:66,0
DA:80,0
DA:84,0
DA:101,3
DA:104,2
DA:118,0
DA:122,0
DA:140,0
DA:144,0
DA:158,0
DA:162,0
DA:174,0
DA:177,0
DA:194,1
DA:197,0
DA:201,0
DA:205,1
DA:206,0
DA:207,0
DA:208,0
DA:210,0
DA:211,0
DA:214,0
DA:215,0
DA:225,0
DA:231,0
DA:237,0
DA:240,0
DA:241,0
DA:243,0
DA:246,0
DA:247,0
DA:252,1
DA:253,0
DA:254,0
DA:255,0
DA:257,0
DA:258,0
DA:260,0
DA:264,1
DA:265,21
DA:266,21
DA:267,3
DA:269,3
DA:270,3
DA:273,3
DA:276,1
DA:277,0
DA:279,1
DA:282,2
DA:287,1
DA:288,0
DA:289,0
DA:290,0
DA:292,0
DA:293,0
DA:295,0
DA:299,1
DA:300,0
DA:301,0
DA:302,0
DA:304,0
DA:305,0
DA:307,0
LF:70
LH:20
BRDA:34,0,0,7
BRDA:38,1,0,7
BRDA:38,1,1,0
BRDA:39,2,0,7
BRDA:39,2,1,0
BRDA:197,3,0,0
BRDA:200,4,0,0
BRDA:200,4,1,0
BRDA:202,5,0,0
BRDA:202,5,1,0
BRDA:214,6,0,0
BRDA:214,6,1,0
BRDA:225,7,0,0
BRDA:225,7,1,0
BRDA:226,8,0,0
BRDA:226,8,1,0
BRDA:240,9,0,0
BRDA:240,9,1,0
BRDA:276,10,0,0
BRDA:276,10,1,1
BRF:20
BRH:4
end_of_record
TN:
SF:src\modules\workplace\services\workplace-report.service.ts
FN:4,reportWorkplace
FN:13,reportWorkplaceReview
FN:27,reportForumPost
FN:36,reportForumComment
FN:45,reportJobPost
FN:54,reportUserProfile
FN:63,reportWorkplaceReviewReply
FNF:7
FNH:0
FNDA:0,reportWorkplace
FNDA:0,reportWorkplaceReview
FNDA:0,reportForumPost
FNDA:0,reportForumComment
FNDA:0,reportJobPost
FNDA:0,reportUserProfile
FNDA:0,reportWorkplaceReviewReply
DA:5,0
DA:19,0
DA:28,0
DA:37,0
DA:46,0
DA:55,0
DA:70,0
LF:7
LH:0
BRDA:4,0,0,0
BRDA:17,1,0,0
BRDA:27,2,0,0
BRDA:36,3,0,0
BRDA:45,4,0,0
BRDA:54,5,0,0
BRDA:68,6,0,0
BRF:7
BRH:0
end_of_record
TN:
SF:src\modules\workplace\services\workplace.service.ts
FN:39,fetchWorkplaces
FN:80,fetchWorkplaceById
FN:97,createWorkplace
FN:107,updateWorkplace
FN:121,fetchWorkplaceRating
FN:135,uploadWorkplaceImage
FN:157,deleteWorkplaceImage
FN:165,deleteWorkplace
FN:183,(anonymous_8)
FN:186,(anonymous_9)
FN:189,(anonymous_10)
FN:196,(anonymous_11)
FN:201,(anonymous_12)
FN:204,(anonymous_13)
FN:208,(anonymous_14)
FN:211,(anonymous_15)
FN:212,(anonymous_16)
FN:216,(anonymous_17)
FN:220,(anonymous_18)
FN:223,(anonymous_19)
FN:224,(anonymous_20)
FN:229,(anonymous_21)
FN:233,(anonymous_22)
FN:236,(anonymous_23)
FN:237,(anonymous_24)
FN:241,(anonymous_25)
FN:245,(anonymous_26)
FN:248,(anonymous_27)
FN:249,(anonymous_28)
FN:253,(anonymous_29)
FN:257,(anonymous_30)
FN:260,(anonymous_31)
FN:261,(anonymous_32)
FN:265,(anonymous_33)
FNF:34
FNH:6
FNDA:8,fetchWorkplaces
FNDA:18,fetchWorkplaceById
FNDA:0,createWorkplace
FNDA:0,updateWorkplace
FNDA:0,fetchWorkplaceRating
FNDA:0,uploadWorkplaceImage
FNDA:0,deleteWorkplaceImage
FNDA:0,deleteWorkplace
FNDA:18,(anonymous_8)
FNDA:7,(anonymous_9)
FNDA:68,(anonymous_10)
FNDA:18,(anonymous_11)
FNDA:0,(anonymous_12)
FNDA:0,(anonymous_13)
FNDA:0,(anonymous_14)
FNDA:0,(anonymous_15)
FNDA:0,(anonymous_16)
FNDA:0,(anonymous_17)
FNDA:0,(anonymous_18)
FNDA:0,(anonymous_19)
FNDA:0,(anonymous_20)
FNDA:0,(anonymous_21)
FNDA:0,(anonymous_22)
FNDA:0,(anonymous_23)
FNDA:0,(anonymous_24)
FNDA:0,(anonymous_25)
FNDA:0,(anonymous_26)
FNDA:0,(anonymous_27)
FNDA:0,(anonymous_28)
FNDA:0,(anonymous_29)
FNDA:0,(anonymous_30)
FNDA:0,(anonymous_31)
FNDA:0,(anonymous_32)
FNDA:0,(anonymous_33)
DA:23,6
DA:43,8
DA:49,8
DA:50,1
DA:52,8
DA:53,0
DA:55,8
DA:56,0
DA:58,8
DA:59,0
DA:61,8
DA:62,0
DA:64,8
DA:65,0
DA:68,8
DA:71,7
DA:85,18
DA:91,17
DA:100,0
DA:101,0
DA:111,0
DA:115,0
DA:124,0
DA:127,0
DA:139,0
DA:140,0
DA:142,0
DA:151,0
DA:158,0
DA:159,0
DA:166,0
DA:167,0
DA:183,18
DA:186,7
DA:189,6
DA:192,68
DA:197,18
DA:201,6
DA:204,0
DA:208,6
DA:209,0
DA:210,0
DA:211,0
DA:213,0
DA:214,0
DA:216,0
DA:220,6
DA:221,0
DA:222,0
DA:223,0
DA:225,0
DA:226,0
DA:227,0
DA:229,0
DA:233,6
DA:234,0
DA:235,0
DA:236,0
DA:238,0
DA:239,0
DA:241,0
DA:245,6
DA:246,0
DA:247,0
DA:248,0
DA:250,0
DA:251,0
DA:253,0
DA:257,6
DA:258,0
DA:259,0
DA:260,0
DA:262,0
DA:263,0
DA:265,0
LF:75
LH:24
BRDA:40,0,0,8
BRDA:44,1,0,8
BRDA:44,1,1,0
BRDA:45,2,0,8
BRDA:45,2,1,0
BRDA:49,3,0,1
BRDA:49,3,1,7
BRDA:49,4,0,8
BRDA:49,4,1,1
BRDA:49,4,2,1
BRDA:52,5,0,0
BRDA:52,5,1,8
BRDA:52,6,0,8
BRDA:52,6,1,0
BRDA:52,6,2,0
BRDA:55,7,0,0
BRDA:55,7,1,8
BRDA:55,8,0,8
BRDA:55,8,1,0
BRDA:55,8,2,0
BRDA:58,9,0,0
BRDA:58,9,1,8
BRDA:58,10,0,8
BRDA:58,10,1,0
BRDA:58,10,2,0
BRDA:61,11,0,0
BRDA:61,11,1,8
BRDA:61,12,0,8
BRDA:61,12,1,0
BRDA:64,13,0,0
BRDA:64,13,1,8
BRDA:64,14,0,8
BRDA:64,14,1,0
BRDA:64,14,2,0
BRDA:82,15,0,18
BRDA:83,16,0,18
BRDA:185,17,0,18
BRDA:185,17,1,0
BRDA:192,18,0,68
BRDA:195,19,0,68
BRDA:195,19,1,0
BRDA:197,20,0,18
BRDA:197,20,1,0
BRDA:197,21,0,18
BRDA:197,21,1,0
BRDA:198,22,0,68
BRDA:198,22,1,68
BRDA:201,23,0,0
BRDA:203,24,0,0
BRDA:203,24,1,0
BRDA:205,25,0,0
BRDA:205,25,1,0
BRF:52
BRH:27
end_of_record
